#
# A fatal error has been detected by the Java Runtime Environment:
#
#  Internal Error (jvmciRuntime.cpp:1609), pid=150, tid=164
#  fatal error: Fatal exception in JVMCI: Error calling jdk.vm.ci.services.Services.serializeSavedProperties
#
# JRE version: OpenJDK Runtime Environment GraalVM CE 22.3.0 (17.0.5+8) (build 17.0.5+8-jvmci-22.3-b08)
# Java VM: OpenJDK 64-Bit Server VM GraalVM CE 22.3.0 (17.0.5+8-jvmci-22.3-b08, mixed mode, sharing, tiered, jvmci, jvmci compiler, compressed oops, compressed class ptrs, parallel gc, linux-amd64)
# Problematic frame:
# V  [libjvm.so+0x972714]  JVMCIRuntime::fatal_exception(JVMCIEnv*, char const*)+0x74
#
# Core dump will be written. Default location: Core dumps may be processed with "/usr/share/apport/apport -p%p -s%s -c%c -d%d -P%P -u%u -g%g -- %E" (or dumping to /home/runner/MenuApp/core.150)
#
# If you would like to submit a bug report, please visit:
#   https://github.com/oracle/graal/issues
#

---------------  S U M M A R Y ------------

Command Line: -XX:ThreadPriorityPolicy=1 -XX:+UnlockExperimentalVMOptions -XX:+EnableJVMCIProduct -XX:JVMCIThreadsPerNativeLibraryRuntime=1 -XX:-UnlockExperimentalVMOptions -Declipse.application=org.eclipse.jdt.ls.core.id1 -Dosgi.bundles.defaultStartLevel=4 -Declipse.product=org.eclipse.jdt.ls.core.product -Dlog.level=ALL -Xverify:none -XX:+UseParallelGC -XX:GCTimeRatio=4 -XX:AdaptiveSizePolicyWeight=90 -Dsun.zip.disableMemoryMapping=true -Xmx512m -Xms100m /nix/store/m6gcpi1ii6rghy04cjwjddcavv7i90df-jdt-language-server-1.9.0/share/java/plugins/org.eclipse.equinox.launcher_1.6.400.v20210924-0641.jar --add-modules=ALL-SYSTEM --add-opens java.base/java.util=ALL-UNNAMED --add-opens java.base/java.lang=ALL-UNNAMED -configuration /home/runner/.cache/jdt-language-server/config -data /home/runner/.cache/jdt-language-server/data/home/runner/MenuApp

Host: AMD EPYC 7B12, 4 cores, 1G, Ubuntu 20.04.2 LTS
Time: Fri Mar 17 19:51:21 2023 UTC elapsed time: 805.752598 seconds (0d 0h 13m 25s)

---------------  T H R E A D  ---------------

Current thread (0x00007fd6100b21b0):  JavaThread "JVMCI-native CompilerThread0" daemon [_thread_in_vm, id=164, stack(0x00007fd61421a000,0x00007fd61441a000)]


Current CompileTask:
JVMCI-native: 805752 10511       4       java.util.concurrent.locks.ReentrantLock$NonfairSync::initialTryLock (58 bytes)

Stack: [0x00007fd61421a000,0x00007fd61441a000],  sp=0x00007fd614418380,  free space=2040k
Native frames: (J=compiled Java code, j=interpreted, Vv=VM code, C=native code)
V  [libjvm.so+0x972714]  JVMCIRuntime::fatal_exception(JVMCIEnv*, char const*)+0x74
V  [libjvm.so+0x93e2fe]  JVMCIEnv::copy_saved_properties()+0x14e
V  [libjvm.so+0x9732a9]  JVMCIRuntime::initialize(JVMCIEnv*)+0xb19
V  [libjvm.so+0x9738a2]  JVMCIRuntime::get_HotSpotJVMCIRuntime(JVMCIEnv*)+0x12
V  [libjvm.so+0x9749f2]  JVMCIRuntime::compile_method(JVMCIEnv*, JVMCICompiler*, methodHandle const&, int)+0xd2
V  [libjvm.so+0x5b0d20]  CompileBroker::invoke_compiler_on_method(CompileTask*)+0x1470
V  [libjvm.so+0x5b12e8]  CompileBroker::compiler_thread_loop()+0x528
V  [libjvm.so+0xd82460]  JavaThread::thread_main_inner()+0xd0
V  [libjvm.so+0xd85a40]  Thread::call_run()+0xc0
V  [libjvm.so+0xbdb1e1]  thread_native_entry(Thread*)+0xe1

Register to memory mapping:

RAX=0x00007fd617375000 points into unknown readable memory: 0x0000000000000058 | 58 00 00 00 00 00 00 00
RBX=0x00007fd618470398: <offset 0x0000000000ef5398> in /nix/store/gpxl5qgg8kicmcvivwmybwjlpf7wh20l-graalvm17-ce-22.3.0/lib/server/libjvm.so at 0x00007fd61757b000
RCX=0x00007fd6184281e8: <offset 0x0000000000ead1e8> in /nix/store/gpxl5qgg8kicmcvivwmybwjlpf7wh20l-graalvm17-ce-22.3.0/lib/server/libjvm.so at 0x00007fd61757b000
RDX=0x0000000000000649 is an unknown value
RSP=0x00007fd614418380 is pointing into the stack for thread: 0x00007fd6100b21b0
RBP=0x00007fd6144183a0 is pointing into the stack for thread: 0x00007fd6100b21b0
RSI=0x00007fd618470c48: <offset 0x0000000000ef5c48> in /nix/store/gpxl5qgg8kicmcvivwmybwjlpf7wh20l-graalvm17-ce-22.3.0/lib/server/libjvm.so at 0x00007fd61757b000
RDI=0x00000000e0000000 is an oop: java.lang.String 
{0x00000000e0000000} - klass: 'java/lang/String'
 - string: "resolution"
R8 =0x00007fd618470398: <offset 0x0000000000ef5398> in /nix/store/gpxl5qgg8kicmcvivwmybwjlpf7wh20l-graalvm17-ce-22.3.0/lib/server/libjvm.so at 0x00007fd61757b000
R9 =0x0000000000000003 is an unknown value
R10=0x00007fd6187c1da0: <offset 0x0000000001246da0> in /nix/store/gpxl5qgg8kicmcvivwmybwjlpf7wh20l-graalvm17-ce-22.3.0/lib/server/libjvm.so at 0x00007fd61757b000
R11=0x000000080044f048 is pointing into metadata
R12=0x0 is NULL
R13=0x00007fd6100b21b0 is a thread
R14=0x00007fd610000b80 points into unknown readable memory: 0x00007fd6186a1a38 | 38 1a 6a 18 d6 7f 00 00
R15=0x00007fd6187afe40: <offset 0x0000000001234e40> in /nix/store/gpxl5qgg8kicmcvivwmybwjlpf7wh20l-graalvm17-ce-22.3.0/lib/server/libjvm.so at 0x00007fd61757b000


Registers:
RAX=0x00007fd617375000, RBX=0x00007fd618470398, RCX=0x00007fd6184281e8, RDX=0x0000000000000649
RSP=0x00007fd614418380, RBP=0x00007fd6144183a0, RSI=0x00007fd618470c48, RDI=0x00000000e0000000
R8 =0x00007fd618470398, R9 =0x0000000000000003, R10=0x00007fd6187c1da0, R11=0x000000080044f048
R12=0x0000000000000000, R13=0x00007fd6100b21b0, R14=0x00007fd610000b80, R15=0x00007fd6187afe40
RIP=0x00007fd617eed714, EFLAGS=0x0000000000010206, CSGSFS=0x002b000000000033, ERR=0x0000000000000006
  TRAPNO=0x000000000000000e

Top of Stack: (sp=0x00007fd614418380)
0x00007fd614418380:   00007fd614418940 00007fd6100b21b0
0x00007fd614418390:   00007fd615d068c8 0000000800c417a0
0x00007fd6144183a0:   00007fd614418500 00007fd617eb92fe
0x00007fd6144183b0:   00007fd6144183e0 00007fd614418440 

Instructions: (pc=0x00007fd617eed714)
0x00007fd617eed614:   30 e8 f6 cf e8 ff 4c 89 e7 e8 2e 48 d1 ff 84 db
0x00007fd617eed624:   75 2a 4d 85 ed 74 04 4d 8b 6d 00 48 83 c4 08 44
0x00007fd617eed634:   89 f9 4c 89 f2 4c 89 ee 5b 4c 89 e7 41 5c 41 5d
0x00007fd617eed644:   41 5e 41 5f 5d e9 e2 47 d1 ff 66 90 48 83 c4 08
0x00007fd617eed654:   5b 41 5c 41 5d 41 5e 41 5f 5d c3 90 31 d2 be 08
0x00007fd617eed664:   00 00 00 4c 89 ff e8 b1 78 a3 ff 49 89 c5 e9 37
0x00007fd617eed674:   ff ff ff 66 0f 1f 84 00 00 00 00 00 48 8b 7a 08
0x00007fd617eed684:   e9 6d ff ff ff 0f 1f 80 00 00 00 00 e8 5b 48 0a
0x00007fd617eed694:   00 84 c0 75 89 e9 6a ff ff ff 66 90 55 48 89 e5
0x00007fd617eed6a4:   41 56 41 55 41 54 49 89 fc 53 48 89 f3 66 48 8d
0x00007fd617eed6b4:   3d 27 5e 85 00 66 66 48 e8 df 43 8d ff 4c 8b 28
0x00007fd617eed6c4:   8b 05 be 72 8a 00 85 c0 75 14 ba 01 00 00 00 48
0x00007fd617eed6d4:   8d 0d ae 72 8a 00 f0 0f b1 11 85 c0 74 4e be c8
0x00007fd617eed6e4:   00 00 00 4c 89 ef e8 01 0b 41 00 48 8d 05 12 ac
0x00007fd617eed6f4:   85 00 49 89 d8 48 8d 0d e8 aa 53 00 ba 49 06 00
0x00007fd617eed704:   00 48 8d 35 3c 35 58 00 bf 00 00 00 e0 48 8b 00
0x00007fd617eed714:   c6 00 58 31 c0 e8 e2 91 c6 ff 5b 41 5c 41 5d 41
0x00007fd617eed724:   5e 5d e9 55 34 26 00 0f 1f 44 00 00 48 8d 05 81
0x00007fd617eed734:   a3 8b 00 48 89 df 4c 8b 30 e8 9e 43 8d ff 48 89
0x00007fd617eed744:   de 48 89 c2 49 8b 06 4c 89 f7 ff 50 08 4c 89 f7
0x00007fd617eed754:   e8 a7 5c 27 00 4d 85 e4 74 12 be 01 00 00 00 4c
0x00007fd617eed764:   89 e7 e8 35 43 fc ff eb 82 0f 1f 00 be 01 00 00
0x00007fd617eed774:   00 4c 89 ef e8 d3 fd ff ff e9 6d ff ff ff 66 66
0x00007fd617eed784:   2e 0f 1f 84 00 00 00 00 00 0f 1f 00 55 48 89 e5
0x00007fd617eed794:   41 57 41 56 41 55 41 54 53 48 81 ec 08 02 00 00
0x00007fd617eed7a4:   64 48 8b 04 25 28 00 00 00 48 89 45 c8 8b 07 83
0x00007fd617eed7b4:   f8 02 0f 84 11 04 00 00 4c 8b 6f 18 49 89 ff 49
0x00007fd617eed7c4:   89 f4 4d 85 ed 74 14 4c 89 ef e8 5d 57 22 00 41
0x00007fd617eed7d4:   8b 07 83 f8 02 0f 84 19 04 00 00 48 8d 1d 9a 06
0x00007fd617eed7e4:   8a 00 4c 8d 35 0b 3c 58 00 eb 38 90 48 85 d2 7f
0x00007fd617eed7f4:   0d 48 8d 05 b4 c0 85 00 48 83 38 00 7e 0e 41 8b
0x00007fd617eed804:   77 2c 4c 89 f7 31 c0 e8 a0 b2 f7 ff 49 8b 7f 18 


Stack slot to memory mapping:
stack at sp + 0 slots: 0x00007fd614418940 is pointing into the stack for thread: 0x00007fd6100b21b0
stack at sp + 1 slots: 0x00007fd6100b21b0 is a thread
stack at sp + 2 slots: 0x00007fd615d068c8 points into unknown readable memory: 0x65730018052dffff | ff ff 2d 05 18 00 73 65
stack at sp + 3 slots: 0x0000000800c417a0 is a pointer to class: 
jdk.vm.ci.services.Services {0x0000000800c417a0}
 - instance size:     2
 - klass size:        65
 - access:            public final synchronized 
 - state:             fully_initialized
 - name:              'jdk/vm/ci/services/Services'
 - super:             'java/lang/Object'
 - sub:               
 - arrays:            NULL
 - methods:           Array<T>(0x00007fd614c444d8)
 - method ordering:   Array<T>(0x0000000800928960)
 - default_methods:   Array<T>(0x0000000000000000)
 - local interfaces:  Array<T>(0x00000008005ce810)
 - trans. interfaces: Array<T>(0x00000008005ce810)
 - constants:         constant pool [427] {0x00007fd614c435b8} for 'jdk/vm/ci/services/Services' cache=0x00007fd614c457a8
 - class loader data:  loader data: 0x00007fd6100283d0 of 'bootstrap'
 - source file:       'Services.java'
 - class annotations:       Array<T>(0x0000000000000000)
 - class type annotations:  Array<T>(0x0000000000000000)
 - field annotations:       Array<T>(0x0000000000000000)
 - field type annotations:  Array<T>(0x0000000000000000)
 - inner classes:     Array<T>(0x00007fd614c45778)
 - nest members:     Array<T>(0x00007fd614c45798)
 - permitted subclasses:     Array<T>(0x00000008005ce7a0)
 - java mirror:       a 'java/lang/Class'{0x00000000e0148e28} = 'jdk/vm/ci/services/Services'
 - vtable length      5  (start addr: 0x0000000800c41970)
 - itable length      2 (start addr: 0x0000000800c41998)
 - ---- static fields (3 words):
 - public static final 'IS_BUILDING_NATIVE_IMAGE' 'Z' @128 
 - public static final 'IS_IN_NATIVE_IMAGE' 'Z' @129 
 - private static volatile 'savedProperties' 'Ljava/util/Map;' @112 
 - static final 'JVMCI_ENABLED' 'Z' @130 
 - private static final 'servicesCache' 'Ljava/util/Map;' @116 
 - private static final 'MAX_UNICODE_IN_UTF8_LENGTH' 'I' @120 
 - private static final 'MAX_UTF8_PROPERTY_STRING_LENGTH' 'I' @124 
 - ---- non-static fields (0 words):
 - non-static oop maps: 
stack at sp + 4 slots: 0x00007fd614418500 is pointing into the stack for thread: 0x00007fd6100b21b0
stack at sp + 5 slots: 0x00007fd617eb92fe: <offset 0x000000000093e2fe> in /nix/store/gpxl5qgg8kicmcvivwmybwjlpf7wh20l-graalvm17-ce-22.3.0/lib/server/libjvm.so at 0x00007fd61757b000
stack at sp + 6 slots: 0x00007fd6144183e0 is pointing into the stack for thread: 0x00007fd6100b21b0
stack at sp + 7 slots: 0x00007fd614418440 is pointing into the stack for thread: 0x00007fd6100b21b0


---------------  P R O C E S S  ---------------

Threads class SMR info:
_java_thread_list=0x00007fd5a0002910, length=23, elements={
0x00007fd610026670, 0x00007fd6100a64b0, 0x00007fd6100a78f0, 0x00007fd6100ae020,
0x00007fd6100af3d0, 0x00007fd6100b07c0, 0x00007fd6100b21b0, 0x00007fd6100b36c0,
0x00007fd6100b4b10, 0x00007fd6100d7e40, 0x00007fd61011f6e0, 0x00007fd610313940,
0x00007fd6103476d0, 0x00007fd6103496d0, 0x00007fd61060f080, 0x00007fd5a8017160,
0x00007fd5a82a1ec0, 0x00007fd5980010d0, 0x00007fd5a8480640, 0x00007fd5a85fcf80,
0x00007fd6105f9b90, 0x00007fd61038d760, 0x00007fd5a4014090
}

Java Threads: ( => current thread )
  0x00007fd610026670 JavaThread "main" [_thread_blocked, id=156, stack(0x00007fd617396000,0x00007fd617496000)]
  0x00007fd6100a64b0 JavaThread "Reference Handler" daemon [_thread_blocked, id=159, stack(0x00007fd614b00000,0x00007fd614c00000)]
  0x00007fd6100a78f0 JavaThread "Finalizer" daemon [_thread_blocked, id=160, stack(0x00007fd614a00000,0x00007fd614b00000)]
  0x00007fd6100ae020 JavaThread "Signal Dispatcher" daemon [_thread_blocked, id=161, stack(0x00007fd61461a000,0x00007fd61471a000)]
  0x00007fd6100af3d0 JavaThread "Service Thread" daemon [_thread_blocked, id=162, stack(0x00007fd61451a000,0x00007fd61461a000)]
  0x00007fd6100b07c0 JavaThread "Monitor Deflation Thread" daemon [_thread_blocked, id=163, stack(0x00007fd61441a000,0x00007fd61451a000)]
=>0x00007fd6100b21b0 JavaThread "JVMCI-native CompilerThread0" daemon [_thread_in_vm, id=164, stack(0x00007fd61421a000,0x00007fd61441a000)]
  0x00007fd6100b36c0 JavaThread "C1 CompilerThread0" daemon [_thread_blocked, id=165, stack(0x00007fd61401a000,0x00007fd61421a000)]
  0x00007fd6100b4b10 JavaThread "Sweeper thread" daemon [_thread_blocked, id=166, stack(0x00007fd5f73b3000,0x00007fd5f74b3000)]
  0x00007fd6100d7e40 JavaThread "Common-Cleaner" daemon [_thread_blocked, id=168, stack(0x00007fd5f72b3000,0x00007fd5f73b3000)]
  0x00007fd61011f6e0 JavaThread "Notification Thread" daemon [_thread_blocked, id=169, stack(0x00007fd5f71b3000,0x00007fd5f72b3000)]
  0x00007fd610313940 JavaThread "Active Thread: Equinox Container: 3ab2012f-9b0e-43b0-9ecb-6d1e6ce48439" [_thread_blocked, id=192, stack(0x00007fd5f6fb1000,0x00007fd5f70b1000)]
  0x00007fd6103476d0 JavaThread "Framework Event Dispatcher: Equinox Container: 3ab2012f-9b0e-43b0-9ecb-6d1e6ce48439" daemon [_thread_blocked, id=193, stack(0x00007fd5f4b00000,0x00007fd5f4c00000)]
  0x00007fd6103496d0 JavaThread "Start Level: Equinox Container: 3ab2012f-9b0e-43b0-9ecb-6d1e6ce48439" daemon [_thread_blocked, id=194, stack(0x00007fd5f4900000,0x00007fd5f4a00000)]
  0x00007fd61060f080 JavaThread "Refresh Thread: Equinox Container: 3ab2012f-9b0e-43b0-9ecb-6d1e6ce48439" daemon [_thread_blocked, id=203, stack(0x00007fd5f4700000,0x00007fd5f4800000)]
  0x00007fd5a8017160 JavaThread "SCR Component Actor" daemon [_thread_blocked, id=212, stack(0x00007fd5f4500000,0x00007fd5f4600000)]
  0x00007fd5a82a1ec0 JavaThread "Worker-JM" [_thread_blocked, id=222, stack(0x00007fd5f4100000,0x00007fd5f4200000)]
  0x00007fd5980010d0 JavaThread "Worker-1" [_thread_blocked, id=224, stack(0x00007fd5beb00000,0x00007fd5bec00000)]
  0x00007fd5a8480640 JavaThread "Java indexing" daemon [_thread_blocked, id=233, stack(0x00007fd5be900000,0x00007fd5bea00000)]
  0x00007fd5a85fcf80 JavaThread "Bundle File Closer" daemon [_thread_blocked, id=234, stack(0x00007fd5be700000,0x00007fd5be800000)]
  0x00007fd6105f9b90 JavaThread "pool-3-thread-1" [_thread_blocked, id=244, stack(0x00007fd5be500000,0x00007fd5be600000)]
  0x00007fd61038d760 JavaThread "pool-2-thread-1" [_thread_in_native, id=253, stack(0x00007fd5f4400000,0x00007fd5f4500000)]
  0x00007fd5a4014090 JavaThread "Worker-5" [_thread_blocked, id=303, stack(0x00007fd5bdd00000,0x00007fd5bde00000)]

Other Threads:
  0x00007fd6100a1bf0 VMThread "VM Thread" [stack: 0x00007fd6154af000,0x00007fd6155af000] [id=158] _threads_hazard_ptr=0x00007fd5a0002910
  0x00007fd610121080 WatcherThread [stack: 0x00007fd5f70b3000,0x00007fd5f71b3000] [id=170]
  0x00007fd61003df10 GCTaskThread "GC Thread#0" [stack: 0x00007fd616f59000,0x00007fd617059000] [id=157]

Threads with active compile tasks:
JVMCI-native CompilerThread0   805805 10511       4       java.util.concurrent.locks.ReentrantLock$NonfairSync::initialTryLock (58 bytes)

VM state: synchronizing (normal execution)

VM Mutex/Monitor currently owned by a thread:  ([mutex/lock_event])
[0x00007fd610023820] Threads_lock - owner thread: 0x00007fd6100a1bf0
[0x00007fd610023fd0] Heap_lock - owner thread: 0x00007fd5a8480640

OutOfMemory and StackOverflow Exception counts:
OutOfMemoryError java_heap_errors=1
LinkageErrors=67

Heap address: 0x00000000e0000000, size: 512 MB, Compressed Oops mode: 32-bit

CDS archive(s) mapped at: [0x0000000800000000-0x0000000800bc8000-0x0000000800bc8000), size 12353536, SharedBaseAddress: 0x0000000800000000, ArchiveRelocationMode: 0.
Compressed class space mapped at: 0x0000000800c00000-0x0000000840c00000, reserved size: 1073741824
Narrow klass base: 0x0000000800000000, Narrow klass shift: 0, Narrow klass range: 0x100000000

GC Precious Log:
 CPUs: 4 total, 1 available
 Memory: 1024M
 Large Page Support: Disabled
 NUMA Support: Disabled
 Compressed Oops: Enabled (32-bit)
 Alignments: Space 512K, Generation 512K, Heap 2M
 Heap Min Capacity: 100M
 Heap Initial Capacity: 100M
 Heap Max Capacity: 512M
 Pre-touch: Disabled
 Parallel Workers: 1

Heap:
 PSYoungGen      total 44032K, used 31422K [0x00000000f5580000, 0x00000000f9300000, 0x0000000100000000)
  eden space 25600K, 100% used [0x00000000f5580000,0x00000000f6e80000,0x00000000f6e80000)
  from space 18432K, 31% used [0x00000000f8080000,0x00000000f862fb08,0x00000000f9280000)
  to   space 18432K, 0% used [0x00000000f6e80000,0x00000000f6e80000,0x00000000f8080000)
 ParOldGen       total 349696K, used 349695K [0x00000000e0000000, 0x00000000f5580000, 0x00000000f5580000)
  object space 349696K, 99% used [0x00000000e0000000,0x00000000f557ffb0,0x00000000f5580000)
 Metaspace       used 60122K, committed 61312K, reserved 1105920K
  class space    used 5856K, committed 6336K, reserved 1048576K

Card table byte_map: [0x00007fd617059000,0x00007fd61715a000] _byte_map_base: 0x00007fd616959000

Marking Bits: (ParMarkBitMap*) 0x00007fd6187a94c0
 Begin Bits: [0x00007fd615eac000, 0x00007fd6166ac000)
 End Bits:   [0x00007fd6166ac000, 0x00007fd616eac000)

Polling page: 0x00007fd617373000

Metaspace:

Usage:
  Non-class:     52.99 MB used.
      Class:      5.72 MB used.
       Both:     58.71 MB used.

Virtual space:
  Non-class space:       56.00 MB reserved,      53.69 MB ( 96%) committed,  7 nodes.
      Class space:        1.00 GB reserved,       6.19 MB ( <1%) committed,  1 nodes.
             Both:        1.05 GB reserved,      59.88 MB (  6%) committed. 

Chunk freelists:
   Non-Class:  1.90 MB
       Class:  1.92 MB
        Both:  3.82 MB

MaxMetaspaceSize: unlimited
CompressedClassSpaceSize: 1.00 GB
Initial GC threshold: 21.00 MB
Current GC threshold: 99.81 MB
CDS: on
MetaspaceReclaimPolicy: balanced
 - commit_granule_bytes: 65536.
 - commit_granule_words: 8192.
 - virtual_space_node_default_size: 1048576.
 - enlarge_chunks_in_place: 1.
 - new_chunks_are_fully_committed: 0.
 - uncommit_free_chunks: 1.
 - use_allocation_guard: 0.
 - handle_deallocations: 1.


Internal statistics:

num_allocs_failed_limit: 6.
num_arena_births: 518.
num_arena_deaths: 152.
num_vsnodes_births: 8.
num_vsnodes_deaths: 0.
num_space_committed: 956.
num_space_uncommitted: 0.
num_chunks_returned_to_freelist: 213.
num_chunks_taken_from_freelist: 2854.
num_chunk_merges: 85.
num_chunk_splits: 1882.
num_chunks_enlarged: 1180.
num_purges: 26.
num_inconsistent_stats: 0.

CodeHeap 'non-profiled nmethods': size=120036Kb used=2666Kb max_used=2666Kb free=117369Kb
 bounds [0x00007fd5fef7a000, 0x00007fd5ff21a000, 0x00007fd6064b3000]
CodeHeap 'profiled nmethods': size=120032Kb used=17042Kb max_used=17550Kb free=102989Kb
 bounds [0x00007fd5f7a42000, 0x00007fd5f8b72000, 0x00007fd5fef7a000]
CodeHeap 'non-nmethods': size=5692Kb used=1377Kb max_used=1402Kb free=4314Kb
 bounds [0x00007fd5f74b3000, 0x00007fd5f7723000, 0x00007fd5f7a42000]
 total_blobs=8311 nmethods=7602 adapters=622
 compilation: enabled
              stopped_count=0, restarted_count=0
 full_count=0

JVMCI Events (20 events):
Event: 100.417 Thread 0x00007fd6100b21b0 compacted oop handles in JVMCI runtime 0 from 175 to 159
Event: 100.428 Thread 0x00007fd6100b21b0 compacted oop handles in JVMCI runtime 0 from 161 to 149
Event: 100.542 Thread 0x00007fd6100b21b0 compacted oop handles in JVMCI runtime 0 from 171 to 157
Event: 100.546 Thread 0x00007fd6100b21b0 compacted oop handles in JVMCI runtime 0 from 160 to 157
Event: 100.660 Thread 0x00007fd6100b21b0 compacted oop handles in JVMCI runtime 0 from 166 to 157
Event: 100.660 Thread 0x00007fd6100b21b0 compacted oop handles in JVMCI runtime 0 from 158 to 118
Event: 100.678 Thread 0x00007fd6100b21b0 compacted oop handles in JVMCI runtime 0 from 137 to 133
Event: 100.879 Thread 0x00007fd6100b21b0 compacted oop handles in JVMCI runtime 0 from 148 to 141
Event: 103.440 Thread 0x00007fd6100b21b0 detaching from JVMCI runtime 0: releasing idle compiler thread (0 other threads still attached)
Event: 103.440 Thread 0x00007fd6100b21b0 shutting down HotSpotJVMCIRuntime for JVMCI runtime 0
Event: 103.440 Thread 0x00007fd6100b21b0 compacted oop handles in JVMCI runtime 0 from 142 to 118
Event: 103.440 Thread 0x00007fd6100b21b0 shut down JVMCI runtime 0
Event: 103.453 Thread 0x00007fd6100b21b0 destroyed JavaVM[1]@0x00007fd5bfa9e340 for JVMCI runtime 0
Event: 103.453 Thread 0x00007fd6100b21b0 compacted oop handles in JVMCI runtime 0 from 118 to 118
Event: 103.453 Thread 0x00007fd6100b21b0 releasing handles for JVMCI runtime 0: oop handles=118, metadata handles={total=1152, live=1136, blocks=36}
Event: 103.453 Thread 0x00007fd6100b21b0 detached from JVMCI runtime 0
Event: 783.543 Thread 0x00007fd6100b21b0 attached to JVMCI runtime 0
Event: 783.558 Thread 0x00007fd6100b21b0 created JavaVM[2]@0x00007fd5bd79e340 for JVMCI runtime 0
Event: 784.967 Thread 0x00007fd6100b21b0 initializing JVMCI runtime 0
Event: 784.967 Thread 0x00007fd6100b21b0 done waiting for JavaVM references initialization in JVMCI runtime 0

Compilation events (20 events):
Event: 101.011 Thread 0x00007fd6100b21b0 nmethod 10480% 0x00007fd5ff212890 code [0x00007fd5ff212aa0, 0x00007fd5ff213920]
Event: 365.646 Thread 0x00007fd6100b36c0 10504       3       org.eclipse.core.internal.dtree.AbstractDataTreeNode::storeStrings (42 bytes)
Event: 365.647 Thread 0x00007fd6100b36c0 nmethod 10504 0x00007fd5f88a2490 code [0x00007fd5f88a2660, 0x00007fd5f88a2b30]
Event: 365.647 Thread 0x00007fd6100b36c0 10503       3       org.eclipse.core.internal.dtree.DataTreeNode::storeStrings (28 bytes)
Event: 366.988 Thread 0x00007fd6100b36c0 nmethod 10503 0x00007fd5f8855c90 code [0x00007fd5f8855e60, 0x00007fd5f88566f0]
Event: 452.783 Thread 0x00007fd6100b36c0 10505       3       java.util.concurrent.ThreadPoolExecutor::runStateAtLeast (11 bytes)
Event: 452.783 Thread 0x00007fd6100b36c0 nmethod 10505 0x00007fd5f83fa090 code [0x00007fd5f83fa220, 0x00007fd5f83fa370]
Event: 520.995 Thread 0x00007fd6100b36c0 10506       3       java.util.concurrent.locks.AbstractQueuedSynchronizer$Node::<init> (5 bytes)
Event: 520.995 Thread 0x00007fd6100b36c0 nmethod 10506 0x00007fd5f828c710 code [0x00007fd5f828c8c0, 0x00007fd5f828ca10]
Event: 626.490 Thread 0x00007fd6100b36c0 10509       3       jdk.internal.misc.Unsafe::putIntOpaque (9 bytes)
Event: 627.784 Thread 0x00007fd6100b36c0 nmethod 10509 0x00007fd5f8371c90 code [0x00007fd5f8371e20, 0x00007fd5f8371f30]
Event: 627.784 Thread 0x00007fd6100b36c0 10508       3       java.util.concurrent.locks.AbstractQueuedSynchronizer$Node::clearStatus (12 bytes)
Event: 627.784 Thread 0x00007fd6100b36c0 nmethod 10508 0x00007fd5f856bd10 code [0x00007fd5f856bec0, 0x00007fd5f856c020]
Event: 627.784 Thread 0x00007fd6100b36c0 10510       1       org.eclipse.osgi.internal.framework.EquinoxContainer::getStorage (5 bytes)
Event: 627.784 Thread 0x00007fd6100b36c0 nmethod 10510 0x00007fd5ff214610 code [0x00007fd5ff2147a0, 0x00007fd5ff214870]
Event: 783.543 Thread 0x00007fd6100b21b0 10511       4       java.util.concurrent.locks.ReentrantLock$NonfairSync::initialTryLock (58 bytes)
Event: 784.971 Thread 0x00007fd6100b36c0 10512       3       java.util.concurrent.locks.LockSupport::parkNanos (29 bytes)
Event: 784.971 Thread 0x00007fd6100b36c0 nmethod 10512 0x00007fd5f85c5190 code [0x00007fd5f85c5360, 0x00007fd5f85c5560]
Event: 803.059 Thread 0x00007fd6100b36c0 10513       3       java.util.concurrent.ThreadPoolExecutor::isShutdown (12 bytes)
Event: 805.700 Thread 0x00007fd6100b36c0 nmethod 10513 0x00007fd5f8855810 code [0x00007fd5f88559c0, 0x00007fd5f8855bb0]

GC Heap History (20 events):
Event: 789.288 GC heap before
{Heap before GC invocations=532 (full 427):
 PSYoungGen      total 44032K, used 31423K [0x00000000f5580000, 0x00000000f9300000, 0x0000000100000000)
  eden space 25600K, 99% used [0x00000000f5580000,0x00000000f6e7fff0,0x00000000f6e80000)
  from space 18432K, 31% used [0x00000000f8080000,0x00000000f862fdb8,0x00000000f9280000)
  to   space 18432K, 0% used [0x00000000f6e80000,0x00000000f6e80000,0x00000000f8080000)
 ParOldGen       total 349696K, used 349690K [0x00000000e0000000, 0x00000000f5580000, 0x00000000f5580000)
  object space 349696K, 99% used [0x00000000e0000000,0x00000000f557e898,0x00000000f5580000)
 Metaspace       used 60122K, committed 61312K, reserved 1105920K
  class space    used 5856K, committed 6336K, reserved 1048576K
}
Event: 790.849 GC heap after
{Heap after GC invocations=532 (full 427):
 PSYoungGen      total 44032K, used 31423K [0x00000000f5580000, 0x00000000f9300000, 0x0000000100000000)
  eden space 25600K, 99% used [0x00000000f5580000,0x00000000f6e7ff60,0x00000000f6e80000)
  from space 18432K, 31% used [0x00000000f8080000,0x00000000f862fcc8,0x00000000f9280000)
  to   space 18432K, 0% used [0x00000000f6e80000,0x00000000f6e80000,0x00000000f8080000)
 ParOldGen       total 349696K, used 349690K [0x00000000e0000000, 0x00000000f5580000, 0x00000000f5580000)
  object space 349696K, 99% used [0x00000000e0000000,0x00000000f557e898,0x00000000f5580000)
 Metaspace       used 60122K, committed 61312K, reserved 1105920K
  class space    used 5856K, committed 6336K, reserved 1048576K
}
Event: 790.850 GC heap before
{Heap before GC invocations=533 (full 428):
 PSYoungGen      total 44032K, used 31423K [0x00000000f5580000, 0x00000000f9300000, 0x0000000100000000)
  eden space 25600K, 100% used [0x00000000f5580000,0x00000000f6e80000,0x00000000f6e80000)
  from space 18432K, 31% used [0x00000000f8080000,0x00000000f862fcc8,0x00000000f9280000)
  to   space 18432K, 0% used [0x00000000f6e80000,0x00000000f6e80000,0x00000000f8080000)
 ParOldGen       total 349696K, used 349690K [0x00000000e0000000, 0x00000000f5580000, 0x00000000f5580000)
  object space 349696K, 99% used [0x00000000e0000000,0x00000000f557e898,0x00000000f5580000)
 Metaspace       used 60122K, committed 61312K, reserved 1105920K
  class space    used 5856K, committed 6336K, reserved 1048576K
}
Event: 793.252 GC heap after
{Heap after GC invocations=533 (full 428):
 PSYoungGen      total 44032K, used 31423K [0x00000000f5580000, 0x00000000f9300000, 0x0000000100000000)
  eden space 25600K, 99% used [0x00000000f5580000,0x00000000f6e7ffb8,0x00000000f6e80000)
  from space 18432K, 31% used [0x00000000f8080000,0x00000000f862fcc8,0x00000000f9280000)
  to   space 18432K, 0% used [0x00000000f6e80000,0x00000000f6e80000,0x00000000f8080000)
 ParOldGen       total 349696K, used 349690K [0x00000000e0000000, 0x00000000f5580000, 0x00000000f5580000)
  object space 349696K, 99% used [0x00000000e0000000,0x00000000f557e898,0x00000000f5580000)
 Metaspace       used 60122K, committed 61312K, reserved 1105920K
  class space    used 5856K, committed 6336K, reserved 1048576K
}
Event: 793.254 GC heap before
{Heap before GC invocations=534 (full 429):
 PSYoungGen      total 44032K, used 31423K [0x00000000f5580000, 0x00000000f9300000, 0x0000000100000000)
  eden space 25600K, 99% used [0x00000000f5580000,0x00000000f6e7fff8,0x00000000f6e80000)
  from space 18432K, 31% used [0x00000000f8080000,0x00000000f862fcc8,0x00000000f9280000)
  to   space 18432K, 0% used [0x00000000f6e80000,0x00000000f6e80000,0x00000000f8080000)
 ParOldGen       total 349696K, used 349690K [0x00000000e0000000, 0x00000000f5580000, 0x00000000f5580000)
  object space 349696K, 99% used [0x00000000e0000000,0x00000000f557e898,0x00000000f5580000)
 Metaspace       used 60122K, committed 61312K, reserved 1105920K
  class space    used 5856K, committed 6336K, reserved 1048576K
}
Event: 794.905 GC heap after
{Heap after GC invocations=534 (full 429):
 PSYoungGen      total 44032K, used 31423K [0x00000000f5580000, 0x00000000f9300000, 0x0000000100000000)
  eden space 25600K, 99% used [0x00000000f5580000,0x00000000f6e7ffb8,0x00000000f6e80000)
  from space 18432K, 31% used [0x00000000f8080000,0x00000000f862fcc8,0x00000000f9280000)
  to   space 18432K, 0% used [0x00000000f6e80000,0x00000000f6e80000,0x00000000f8080000)
 ParOldGen       total 349696K, used 349690K [0x00000000e0000000, 0x00000000f5580000, 0x00000000f5580000)
  object space 349696K, 99% used [0x00000000e0000000,0x00000000f557e898,0x00000000f5580000)
 Metaspace       used 60122K, committed 61312K, reserved 1105920K
  class space    used 5856K, committed 6336K, reserved 1048576K
}
Event: 794.910 GC heap before
{Heap before GC invocations=535 (full 430):
 PSYoungGen      total 44032K, used 31423K [0x00000000f5580000, 0x00000000f9300000, 0x0000000100000000)
  eden space 25600K, 99% used [0x00000000f5580000,0x00000000f6e7fff8,0x00000000f6e80000)
  from space 18432K, 31% used [0x00000000f8080000,0x00000000f862fcc8,0x00000000f9280000)
  to   space 18432K, 0% used [0x00000000f6e80000,0x00000000f6e80000,0x00000000f8080000)
 ParOldGen       total 349696K, used 349690K [0x00000000e0000000, 0x00000000f5580000, 0x00000000f5580000)
  object space 349696K, 99% used [0x00000000e0000000,0x00000000f557e898,0x00000000f5580000)
 Metaspace       used 60122K, committed 61312K, reserved 1105920K
  class space    used 5856K, committed 6336K, reserved 1048576K
}
Event: 796.341 GC heap after
{Heap after GC invocations=535 (full 430):
 PSYoungGen      total 44032K, used 31423K [0x00000000f5580000, 0x00000000f9300000, 0x0000000100000000)
  eden space 25600K, 99% used [0x00000000f5580000,0x00000000f6e7ffb8,0x00000000f6e80000)
  from space 18432K, 31% used [0x00000000f8080000,0x00000000f862fcc8,0x00000000f9280000)
  to   space 18432K, 0% used [0x00000000f6e80000,0x00000000f6e80000,0x00000000f8080000)
 ParOldGen       total 349696K, used 349690K [0x00000000e0000000, 0x00000000f5580000, 0x00000000f5580000)
  object space 349696K, 99% used [0x00000000e0000000,0x00000000f557e898,0x00000000f5580000)
 Metaspace       used 60122K, committed 61312K, reserved 1105920K
  class space    used 5856K, committed 6336K, reserved 1048576K
}
Event: 796.341 GC heap before
{Heap before GC invocations=536 (full 431):
 PSYoungGen      total 44032K, used 31423K [0x00000000f5580000, 0x00000000f9300000, 0x0000000100000000)
  eden space 25600K, 99% used [0x00000000f5580000,0x00000000f6e7fff8,0x00000000f6e80000)
  from space 18432K, 31% used [0x00000000f8080000,0x00000000f862fcc8,0x00000000f9280000)
  to   space 18432K, 0% used [0x00000000f6e80000,0x00000000f6e80000,0x00000000f8080000)
 ParOldGen       total 349696K, used 349690K [0x00000000e0000000, 0x00000000f5580000, 0x00000000f5580000)
  object space 349696K, 99% used [0x00000000e0000000,0x00000000f557e898,0x00000000f5580000)
 Metaspace       used 60122K, committed 61312K, reserved 1105920K
  class space    used 5856K, committed 6336K, reserved 1048576K
}
Event: 797.812 GC heap after
{Heap after GC invocations=536 (full 431):
 PSYoungGen      total 44032K, used 31423K [0x00000000f5580000, 0x00000000f9300000, 0x0000000100000000)
  eden space 25600K, 99% used [0x00000000f5580000,0x00000000f6e7ffb8,0x00000000f6e80000)
  from space 18432K, 31% used [0x00000000f8080000,0x00000000f862fcc8,0x00000000f9280000)
  to   space 18432K, 0% used [0x00000000f6e80000,0x00000000f6e80000,0x00000000f8080000)
 ParOldGen       total 349696K, used 349690K [0x00000000e0000000, 0x00000000f5580000, 0x00000000f5580000)
  object space 349696K, 99% used [0x00000000e0000000,0x00000000f557e898,0x00000000f5580000)
 Metaspace       used 60122K, committed 61312K, reserved 1105920K
  class space    used 5856K, committed 6336K, reserved 1048576K
}
Event: 797.816 GC heap before
{Heap before GC invocations=537 (full 432):
 PSYoungGen      total 44032K, used 31423K [0x00000000f5580000, 0x00000000f9300000, 0x0000000100000000)
  eden space 25600K, 100% used [0x00000000f5580000,0x00000000f6e80000,0x00000000f6e80000)
  from space 18432K, 31% used [0x00000000f8080000,0x00000000f862fcc8,0x00000000f9280000)
  to   space 18432K, 0% used [0x00000000f6e80000,0x00000000f6e80000,0x00000000f8080000)
 ParOldGen       total 349696K, used 349692K [0x00000000e0000000, 0x00000000f5580000, 0x00000000f5580000)
  object space 349696K, 99% used [0x00000000e0000000,0x00000000f557f360,0x00000000f5580000)
 Metaspace       used 60122K, committed 61312K, reserved 1105920K
  class space    used 5856K, committed 6336K, reserved 1048576K
}
Event: 800.230 GC heap after
{Heap after GC invocations=537 (full 432):
 PSYoungGen      total 44032K, used 31422K [0x00000000f5580000, 0x00000000f9300000, 0x0000000100000000)
  eden space 25600K, 99% used [0x00000000f5580000,0x00000000f6e7ff40,0x00000000f6e80000)
  from space 18432K, 31% used [0x00000000f8080000,0x00000000f862fb38,0x00000000f9280000)
  to   space 18432K, 0% used [0x00000000f6e80000,0x00000000f6e80000,0x00000000f8080000)
 ParOldGen       total 349696K, used 349692K [0x00000000e0000000, 0x00000000f5580000, 0x00000000f5580000)
  object space 349696K, 99% used [0x00000000e0000000,0x00000000f557f288,0x00000000f5580000)
 Metaspace       used 60122K, committed 61312K, reserved 1105920K
  class space    used 5856K, committed 6336K, reserved 1048576K
}
Event: 800.231 GC heap before
{Heap before GC invocations=538 (full 433):
 PSYoungGen      total 44032K, used 31422K [0x00000000f5580000, 0x00000000f9300000, 0x0000000100000000)
  eden space 25600K, 100% used [0x00000000f5580000,0x00000000f6e80000,0x00000000f6e80000)
  from space 18432K, 31% used [0x00000000f8080000,0x00000000f862fb38,0x00000000f9280000)
  to   space 18432K, 0% used [0x00000000f6e80000,0x00000000f6e80000,0x00000000f8080000)
 ParOldGen       total 349696K, used 349692K [0x00000000e0000000, 0x00000000f5580000, 0x00000000f5580000)
  object space 349696K, 99% used [0x00000000e0000000,0x00000000f557f288,0x00000000f5580000)
 Metaspace       used 60122K, committed 61312K, reserved 1105920K
  class space    used 5856K, committed 6336K, reserved 1048576K
}
Event: 801.672 GC heap after
{Heap after GC invocations=538 (full 433):
 PSYoungGen      total 44032K, used 31422K [0x00000000f5580000, 0x00000000f9300000, 0x0000000100000000)
  eden space 25600K, 100% used [0x00000000f5580000,0x00000000f6e80000,0x00000000f6e80000)
  from space 18432K, 31% used [0x00000000f8080000,0x00000000f862fb08,0x00000000f9280000)
  to   space 18432K, 0% used [0x00000000f6e80000,0x00000000f6e80000,0x00000000f8080000)
 ParOldGen       total 349696K, used 349692K [0x00000000e0000000, 0x00000000f5580000, 0x00000000f5580000)
  object space 349696K, 99% used [0x00000000e0000000,0x00000000f557f288,0x00000000f5580000)
 Metaspace       used 60122K, committed 61312K, reserved 1105920K
  class space    used 5856K, committed 6336K, reserved 1048576K
}
Event: 801.676 GC heap before
{Heap before GC invocations=539 (full 434):
 PSYoungGen      total 44032K, used 31422K [0x00000000f5580000, 0x00000000f9300000, 0x0000000100000000)
  eden space 25600K, 100% used [0x00000000f5580000,0x00000000f6e80000,0x00000000f6e80000)
  from space 18432K, 31% used [0x00000000f8080000,0x00000000f862fb08,0x00000000f9280000)
  to   space 18432K, 0% used [0x00000000f6e80000,0x00000000f6e80000,0x00000000f8080000)
 ParOldGen       total 349696K, used 349693K [0x00000000e0000000, 0x00000000f5580000, 0x00000000f5580000)
  object space 349696K, 99% used [0x00000000e0000000,0x00000000f557f530,0x00000000f5580000)
 Metaspace       used 60122K, committed 61312K, reserved 1105920K
  class space    used 5856K, committed 6336K, reserved 1048576K
}
Event: 803.058 GC heap after
{Heap after GC invocations=539 (full 434):
 PSYoungGen      total 44032K, used 31422K [0x00000000f5580000, 0x00000000f9300000, 0x0000000100000000)
  eden space 25600K, 100% used [0x00000000f5580000,0x00000000f6e80000,0x00000000f6e80000)
  from space 18432K, 31% used [0x00000000f8080000,0x00000000f862fb08,0x00000000f9280000)
  to   space 18432K, 0% used [0x00000000f6e80000,0x00000000f6e80000,0x00000000f8080000)
 ParOldGen       total 349696K, used 349692K [0x00000000e0000000, 0x00000000f5580000, 0x00000000f5580000)
  object space 349696K, 99% used [0x00000000e0000000,0x00000000f557f2a0,0x00000000f5580000)
 Metaspace       used 60122K, committed 61312K, reserved 1105920K
  class space    used 5856K, committed 6336K, reserved 1048576K
}
Event: 803.059 GC heap before
{Heap before GC invocations=540 (full 435):
 PSYoungGen      total 44032K, used 31422K [0x00000000f5580000, 0x00000000f9300000, 0x0000000100000000)
  eden space 25600K, 100% used [0x00000000f5580000,0x00000000f6e80000,0x00000000f6e80000)
  from space 18432K, 31% used [0x00000000f8080000,0x00000000f862fb08,0x00000000f9280000)
  to   space 18432K, 0% used [0x00000000f6e80000,0x00000000f6e80000,0x00000000f8080000)
 ParOldGen       total 349696K, used 349695K [0x00000000e0000000, 0x00000000f5580000, 0x00000000f5580000)
  object space 349696K, 99% used [0x00000000e0000000,0x00000000f557ff38,0x00000000f5580000)
 Metaspace       used 60122K, committed 61312K, reserved 1105920K
  class space    used 5856K, committed 6336K, reserved 1048576K
}
Event: 804.371 GC heap after
{Heap after GC invocations=540 (full 435):
 PSYoungGen      total 44032K, used 31422K [0x00000000f5580000, 0x00000000f9300000, 0x0000000100000000)
  eden space 25600K, 99% used [0x00000000f5580000,0x00000000f6e7ffa0,0x00000000f6e80000)
  from space 18432K, 31% used [0x00000000f8080000,0x00000000f862fb08,0x00000000f9280000)
  to   space 18432K, 0% used [0x00000000f6e80000,0x00000000f6e80000,0x00000000f8080000)
 ParOldGen       total 349696K, used 349695K [0x00000000e0000000, 0x00000000f5580000, 0x00000000f5580000)
  object space 349696K, 99% used [0x00000000e0000000,0x00000000f557ff18,0x00000000f5580000)
 Metaspace       used 60122K, committed 61312K, reserved 1105920K
  class space    used 5856K, committed 6336K, reserved 1048576K
}
Event: 804.371 GC heap before
{Heap before GC invocations=541 (full 436):
 PSYoungGen      total 44032K, used 31422K [0x00000000f5580000, 0x00000000f9300000, 0x0000000100000000)
  eden space 25600K, 99% used [0x00000000f5580000,0x00000000f6e7ffa0,0x00000000f6e80000)
  from space 18432K, 31% used [0x00000000f8080000,0x00000000f862fb08,0x00000000f9280000)
  to   space 18432K, 0% used [0x00000000f6e80000,0x00000000f6e80000,0x00000000f8080000)
 ParOldGen       total 349696K, used 349695K [0x00000000e0000000, 0x00000000f5580000, 0x00000000f5580000)
  object space 349696K, 99% used [0x00000000e0000000,0x00000000f557ff18,0x00000000f5580000)
 Metaspace       used 60122K, committed 61312K, reserved 1105920K
  class space    used 5856K, committed 6336K, reserved 1048576K
}
Event: 805.699 GC heap after
{Heap after GC invocations=541 (full 436):
 PSYoungGen      total 44032K, used 31422K [0x00000000f5580000, 0x00000000f9300000, 0x0000000100000000)
  eden space 25600K, 99% used [0x00000000f5580000,0x00000000f6e7ffa0,0x00000000f6e80000)
  from space 18432K, 31% used [0x00000000f8080000,0x00000000f862fb08,0x00000000f9280000)
  to   space 18432K, 0% used [0x00000000f6e80000,0x00000000f6e80000,0x00000000f8080000)
 ParOldGen       total 349696K, used 349695K [0x00000000e0000000, 0x00000000f5580000, 0x00000000f5580000)
  object space 349696K, 99% used [0x00000000e0000000,0x00000000f557ff18,0x00000000f5580000)
 Metaspace       used 60122K, committed 61312K, reserved 1105920K
  class space    used 5856K, committed 6336K, reserved 1048576K
}

Dll operation events (9 events):
Event: 0.012 Loaded shared library /nix/store/gpxl5qgg8kicmcvivwmybwjlpf7wh20l-graalvm17-ce-22.3.0/lib/libjava.so
Event: 0.116 Loaded shared library /nix/store/gpxl5qgg8kicmcvivwmybwjlpf7wh20l-graalvm17-ce-22.3.0/lib/libjsvml.so
Event: 0.544 Loaded shared library /nix/store/gpxl5qgg8kicmcvivwmybwjlpf7wh20l-graalvm17-ce-22.3.0/lib/libnio.so
Event: 0.552 Loaded shared library /nix/store/gpxl5qgg8kicmcvivwmybwjlpf7wh20l-graalvm17-ce-22.3.0/lib/libzip.so
Event: 0.567 Loaded shared library /nix/store/gpxl5qgg8kicmcvivwmybwjlpf7wh20l-graalvm17-ce-22.3.0/lib/libjvmcicompiler.so
Event: 1.162 Loaded shared library /nix/store/gpxl5qgg8kicmcvivwmybwjlpf7wh20l-graalvm17-ce-22.3.0/lib/libjimage.so
Event: 2.667 Loaded shared library /nix/store/gpxl5qgg8kicmcvivwmybwjlpf7wh20l-graalvm17-ce-22.3.0/lib/libnet.so
Event: 8.171 Loaded shared library /home/runner/.cache/jdt-language-server/config/org.eclipse.equinox.launcher/org.eclipse.equinox.launcher.gtk.linux.x86_64_1.2.400.v20211117-0650/eclipse_11600.so
Event: 21.760 Loaded shared library /nix/store/gpxl5qgg8kicmcvivwmybwjlpf7wh20l-graalvm17-ce-22.3.0/lib/libextnet.so

Deoptimization events (20 events):
Event: 98.981 Thread 0x00007fd5a8480640 DEOPT PACKING pc=0x00007fd5f88a7cad sp=0x00007fd5be9fe530
Event: 98.981 Thread 0x00007fd5a8480640 DEOPT UNPACKING pc=0x00007fd5f7505325 sp=0x00007fd5be9fda20 mode 0
Event: 98.988 Thread 0x00007fd5a8480640 DEOPT PACKING pc=0x00007fd5f88a7cad sp=0x00007fd5be9fe530
Event: 98.988 Thread 0x00007fd5a8480640 DEOPT UNPACKING pc=0x00007fd5f7505325 sp=0x00007fd5be9fda20 mode 0
Event: 99.761 Thread 0x00007fd5a8480640 DEOPT PACKING pc=0x00007fd5f88a445d sp=0x00007fd5be9fe530
Event: 99.761 Thread 0x00007fd5a8480640 DEOPT UNPACKING pc=0x00007fd5f7505325 sp=0x00007fd5be9fda20 mode 0
Event: 99.770 Thread 0x00007fd5a8480640 DEOPT PACKING pc=0x00007fd5f88a445d sp=0x00007fd5be9fe530
Event: 99.770 Thread 0x00007fd5a8480640 DEOPT UNPACKING pc=0x00007fd5f7505325 sp=0x00007fd5be9fda20 mode 0
Event: 99.774 Thread 0x00007fd5a8480640 DEOPT PACKING pc=0x00007fd5f88a445d sp=0x00007fd5be9fe530
Event: 99.774 Thread 0x00007fd5a8480640 DEOPT UNPACKING pc=0x00007fd5f7505325 sp=0x00007fd5be9fda20 mode 0
Event: 99.778 Thread 0x00007fd5a8480640 DEOPT PACKING pc=0x00007fd5f88a445d sp=0x00007fd5be9fe530
Event: 99.778 Thread 0x00007fd5a8480640 DEOPT UNPACKING pc=0x00007fd5f7505325 sp=0x00007fd5be9fda20 mode 0
Event: 99.785 Thread 0x00007fd5a8480640 DEOPT PACKING pc=0x00007fd5f88a445d sp=0x00007fd5be9fe530
Event: 99.785 Thread 0x00007fd5a8480640 DEOPT UNPACKING pc=0x00007fd5f7505325 sp=0x00007fd5be9fda20 mode 0
Event: 99.791 Thread 0x00007fd5a8480640 DEOPT PACKING pc=0x00007fd5f88a445d sp=0x00007fd5be9fe530
Event: 99.791 Thread 0x00007fd5a8480640 DEOPT UNPACKING pc=0x00007fd5f7505325 sp=0x00007fd5be9fda20 mode 0
Event: 99.843 Thread 0x00007fd5a8480640 DEOPT PACKING pc=0x00007fd5f88a445d sp=0x00007fd5be9fe530
Event: 99.843 Thread 0x00007fd5a8480640 DEOPT UNPACKING pc=0x00007fd5f7505325 sp=0x00007fd5be9fda20 mode 0
Event: 99.846 Thread 0x00007fd5a8480640 DEOPT PACKING pc=0x00007fd5f88a445d sp=0x00007fd5be9fe530
Event: 99.846 Thread 0x00007fd5a8480640 DEOPT UNPACKING pc=0x00007fd5f7505325 sp=0x00007fd5be9fda20 mode 0

Classes unloaded (20 events):
Event: 182.898 Thread 0x00007fd6100a1bf0 Unloading class 0x000000080110e400 'jdk/internal/reflect/GeneratedSerializationConstructorAccessor15'
Event: 182.898 Thread 0x00007fd6100a1bf0 Unloading class 0x000000080110d800 'jdk/internal/reflect/GeneratedConstructorAccessor37'
Event: 182.898 Thread 0x00007fd6100a1bf0 Unloading class 0x000000080110d400 'jdk/internal/reflect/GeneratedSerializationConstructorAccessor14'
Event: 182.898 Thread 0x00007fd6100a1bf0 Unloading class 0x000000080110d000 'jdk/internal/reflect/GeneratedSerializationConstructorAccessor13'
Event: 182.898 Thread 0x00007fd6100a1bf0 Unloading class 0x000000080110cc00 'jdk/internal/reflect/GeneratedSerializationConstructorAccessor12'
Event: 182.898 Thread 0x00007fd6100a1bf0 Unloading class 0x000000080110c800 'jdk/internal/reflect/GeneratedMethodAccessor12'
Event: 182.898 Thread 0x00007fd6100a1bf0 Unloading class 0x000000080110c000 'jdk/internal/reflect/GeneratedSerializationConstructorAccessor11'
Event: 182.898 Thread 0x00007fd6100a1bf0 Unloading class 0x000000080110bc00 'jdk/internal/reflect/GeneratedSerializationConstructorAccessor10'
Event: 182.898 Thread 0x00007fd6100a1bf0 Unloading class 0x000000080110b800 'jdk/internal/reflect/GeneratedSerializationConstructorAccessor9'
Event: 182.898 Thread 0x00007fd6100a1bf0 Unloading class 0x000000080110b400 'jdk/internal/reflect/GeneratedSerializationConstructorAccessor8'
Event: 182.898 Thread 0x00007fd6100a1bf0 Unloading class 0x000000080108e400 'jdk/internal/reflect/GeneratedSerializationConstructorAccessor2'
Event: 182.898 Thread 0x00007fd6100a1bf0 Unloading class 0x000000080108e000 'jdk/internal/reflect/GeneratedSerializationConstructorAccessor1'
Event: 185.793 Thread 0x00007fd6100a1bf0 Unloading class 0x00000008010e8c00 'jdk/internal/reflect/GeneratedMethodAccessor10'
Event: 185.793 Thread 0x00007fd6100a1bf0 Unloading class 0x00000008010e8800 'jdk/internal/reflect/GeneratedMethodAccessor9'
Event: 185.793 Thread 0x00007fd6100a1bf0 Unloading class 0x00000008010e8000 'jdk/internal/reflect/GeneratedMethodAccessor7'
Event: 187.166 Thread 0x00007fd6100a1bf0 Unloading class 0x00000008010e8400 'jdk/internal/reflect/GeneratedMethodAccessor8'
Event: 212.155 Thread 0x00007fd6100a1bf0 Unloading class 0x000000080110b000 'jdk/internal/reflect/GeneratedConstructorAccessor36'
Event: 220.094 Thread 0x00007fd6100a1bf0 Unloading class 0x000000080110c400 'jdk/internal/reflect/GeneratedMethodAccessor11'
Event: 221.960 Thread 0x00007fd6100a1bf0 Unloading class 0x0000000801208800 'jdk/internal/reflect/GeneratedConstructorAccessor44'
Event: 226.883 Thread 0x00007fd6100a1bf0 Unloading class 0x0000000801208400 'jdk/internal/reflect/GeneratedConstructorAccessor43'

Classes redefined (0 events):
No events

Internal exceptions (20 events):
Event: 44.866 Thread 0x00007fd5980010d0 Exception <a 'java/lang/NoSuchMethodError'{0x00000000f6201728}: 'java.lang.Object java.lang.invoke.DirectMethodHandle$Holder.newInvokeSpecial(java.lang.Object, java.lang.Object, java.lang.Object, long)'> (0x00000000f6201728) 
thrown [src/hotspot/share/interpreter/linkResolver.cpp, line 758]
Event: 44.868 Thread 0x00007fd5980010d0 Exception <a 'java/lang/NoSuchMethodError'{0x00000000f6205a90}: 'java.lang.Object java.lang.invoke.DirectMethodHandle$Holder.invokeSpecial(java.lang.Object, java.lang.Object, java.lang.Object, java.lang.Object, long)'> (0x00000000f6205a90) 
thrown [src/hotspot/share/interpreter/linkResolver.cpp, line 758]
Event: 44.868 Thread 0x00007fd5980010d0 Exception <a 'java/lang/NoSuchMethodError'{0x00000000f6209610}: 'java.lang.Object java.lang.invoke.Invokers$Holder.linkToTargetMethod(java.lang.Object, java.lang.Object, long, java.lang.Object)'> (0x00000000f6209610) 
thrown [src/hotspot/share/interpreter/linkResolver.cpp, line 758]
Event: 45.446 Thread 0x00007fd5980010d0 Exception <a 'java/io/FileNotFoundException'{0x00000000f6634e78}> (0x00000000f6634e78) 
thrown [src/hotspot/share/prims/jni.cpp, line 516]
Event: 45.459 Thread 0x00007fd5980010d0 Exception <a 'java/lang/NoSuchMethodError'{0x00000000f6665828}: 'java.lang.Object java.lang.invoke.DirectMethodHandle$Holder.newInvokeSpecial(java.lang.Object, java.lang.Object, int, java.lang.Object, java.lang.Object)'> (0x00000000f6665828) 
thrown [src/hotspot/share/interpreter/linkResolver.cpp, line 758]
Event: 45.461 Thread 0x00007fd5980010d0 Exception <a 'java/lang/NoSuchMethodError'{0x00000000f6669c58}: 'java.lang.Object java.lang.invoke.DirectMethodHandle$Holder.invokeSpecial(java.lang.Object, java.lang.Object, java.lang.Object, int, java.lang.Object, java.lang.Object)'> (0x00000000f6669c58) 
thrown [src/hotspot/share/interpreter/linkResolver.cpp, line 758]
Event: 45.914 Thread 0x00007fd5980010d0 Exception <a 'java/lang/NoSuchMethodError'{0x00000000f5741178}: 'java.lang.Object java.lang.invoke.DirectMethodHandle$Holder.newInvokeSpecial(java.lang.Object, java.lang.Object, java.lang.Object, int, java.lang.Object)'> (0x00000000f5741178) 
thrown [src/hotspot/share/interpreter/linkResolver.cpp, line 758]
Event: 45.923 Thread 0x00007fd5980010d0 Exception <a 'java/lang/NoSuchMethodError'{0x00000000f5745328}: 'java.lang.Object java.lang.invoke.DirectMethodHandle$Holder.invokeSpecial(java.lang.Object, java.lang.Object, java.lang.Object, java.lang.Object, int, java.lang.Object)'> (0x00000000f5745328) 
thrown [src/hotspot/share/interpreter/linkResolver.cpp, line 758]
Event: 45.923 Thread 0x00007fd5980010d0 Exception <a 'java/lang/NoSuchMethodError'{0x00000000f5748e10}: 'java.lang.Object java.lang.invoke.Invokers$Holder.linkToTargetMethod(java.lang.Object, java.lang.Object, int, java.lang.Object, java.lang.Object)'> (0x00000000f5748e10) 
thrown [src/hotspot/share/interpreter/linkResolver.cpp, line 758]
Event: 47.347 Thread 0x00007fd5a8480640 Implicit null exception at 0x00007fd5ff1294a6 to 0x00007fd5ff12f4e3
Event: 48.175 Thread 0x00007fd5a4014090 Implicit null exception at 0x00007fd5ff0bcfe9 to 0x00007fd5ff0bd19b
Event: 56.072 Thread 0x00007fd5a0001db0 Exception <a 'java/lang/NoSuchMethodError'{0x00000000f560e248}: 'java.lang.Object java.lang.invoke.DirectMethodHandle$Holder.invokeStatic(java.lang.Object, java.lang.Object, int, java.lang.Object)'> (0x00000000f560e248) 
thrown [src/hotspot/share/interpreter/linkResolver.cpp, line 758]
Event: 56.091 Thread 0x00007fd5a0001db0 Exception <a 'java/lang/NoSuchMethodError'{0x00000000f5618b70}: 'java.lang.Object java.lang.invoke.DirectMethodHandle$Holder.newInvokeSpecial(java.lang.Object, java.lang.Object, int)'> (0x00000000f5618b70) 
thrown [src/hotspot/share/interpreter/linkResolver.cpp, line 758]
Event: 73.659 Thread 0x00007fd59c112bf0 Exception <a 'java/lang/NoSuchMethodError'{0x00000000f6053a50}: 'java.lang.Object java.lang.invoke.DirectMethodHandle$Holder.invokeStatic(java.lang.Object, int, java.lang.Object, java.lang.Object, java.lang.Object, java.lang.Object)'> (0x00000000f6053a50) 
thrown [src/hotspot/share/interpreter/linkResolver.cpp, line 758]
Event: 73.703 Thread 0x00007fd59c112bf0 Exception <a 'java/lang/NoSuchMethodError'{0x00000000f60a66c8}: 'java.lang.Object java.lang.invoke.DirectMethodHandle$Holder.newInvokeSpecial(java.lang.Object, int, java.lang.Object, java.lang.Object, java.lang.Object)'> (0x00000000f60a66c8) 
thrown [src/hotspot/share/interpreter/linkResolver.cpp, line 758]
Event: 74.039 Thread 0x00007fd59c11fa90 Exception <a 'java/lang/NoSuchMethodError'{0x00000000f56e7498}: 'java.lang.Object java.lang.invoke.DirectMethodHandle$Holder.newInvokeSpecial(java.lang.Object, java.lang.Object, int, java.lang.Object, java.lang.Object, java.lang.Object, java.lang.Object)'> (0x00000000f56e7498) 
thrown [src/hotspot/share/interpreter/linkResolver.cpp, line 758]
Event: 74.275 Thread 0x00007fd59c1134b0 Exception <a 'java/lang/NoSuchMethodError'{0x00000000f5a98c08}: 'void java.lang.invoke.DirectMethodHandle$Holder.invokeSpecial(java.lang.Object, java.lang.Object, int)'> (0x00000000f5a98c08) 
thrown [src/hotspot/share/interpreter/linkResolver.cpp, line 758]
Event: 74.279 Thread 0x00007fd59c11fa90 Exception <a 'java/lang/NoSuchMethodError'{0x00000000f5aab608}: 'void java.lang.invoke.DirectMethodHandle$Holder.invokeSpecial(java.lang.Object, java.lang.Object, int)'> (0x00000000f5aab608) 
thrown [src/hotspot/share/interpreter/linkResolver.cpp, line 758]
Event: 78.116 Thread 0x00007fd59c112bf0 Exception <a 'java/lang/NoSuchMethodError'{0x00000000f568cf20}: 'int java.lang.invoke.DirectMethodHandle$Holder.invokeSpecialIFC(java.lang.Object, java.lang.Object, java.lang.Object, java.lang.Object)'> (0x00000000f568cf20) 
thrown [src/hotspot/share/interpreter/linkResolver.cpp, line 758]
Event: 805.699 Thread 0x00007fd6100b21b0 Exception <a 'java/lang/OutOfMemoryError'{0x00000000e0003b48}> (0x00000000e0003b48) 
thrown [src/hotspot/share/gc/shared/memAllocator.cpp, line 136]

VM Operations (20 events):
Event: 789.288 Executing VM operation: ParallelGCFailedAllocation done
Event: 789.288 Executing VM operation: ParallelGCFailedAllocation
Event: 790.850 Executing VM operation: ParallelGCFailedAllocation done
Event: 790.850 Executing VM operation: ParallelGCFailedAllocation
Event: 793.252 Executing VM operation: ParallelGCFailedAllocation done
Event: 793.253 Executing VM operation: ParallelGCFailedAllocation
Event: 794.905 Executing VM operation: ParallelGCFailedAllocation done
Event: 794.906 Executing VM operation: ParallelGCFailedAllocation
Event: 796.341 Executing VM operation: ParallelGCFailedAllocation done
Event: 796.341 Executing VM operation: ParallelGCFailedAllocation
Event: 797.812 Executing VM operation: ParallelGCFailedAllocation done
Event: 797.813 Executing VM operation: ParallelGCFailedAllocation
Event: 800.230 Executing VM operation: ParallelGCFailedAllocation done
Event: 800.231 Executing VM operation: ParallelGCFailedAllocation
Event: 801.672 Executing VM operation: ParallelGCFailedAllocation done
Event: 801.673 Executing VM operation: ParallelGCFailedAllocation
Event: 803.058 Executing VM operation: ParallelGCFailedAllocation done
Event: 803.059 Executing VM operation: ParallelGCFailedAllocation
Event: 805.699 Executing VM operation: ParallelGCFailedAllocation done
Event: 805.700 Executing VM operation: ParallelGCFailedAllocation

Events (20 events):
Event: 74.680 loading class java/util/AbstractList$SubList
Event: 74.680 loading class java/util/AbstractList$SubList done
Event: 78.660 Thread 0x00007fd59c112bf0 Thread exited: 0x00007fd59c112bf0
Event: 79.865 Thread 0x00007fd59c1134b0 Thread exited: 0x00007fd59c1134b0
Event: 82.377 Thread 0x00007fd59c11e7e0 Thread exited: 0x00007fd59c11e7e0
Event: 82.661 Thread 0x00007fd59c11fa90 Thread exited: 0x00007fd59c11fa90
Event: 83.403 Thread 0x00007fd59c114e60 Thread exited: 0x00007fd59c114e60
Event: 84.411 Thread 0x00007fd59c114010 Thread exited: 0x00007fd59c114010
Event: 93.755 Thread 0x00007fd6100b4b10 flushing nmethod 0x00007fd5f7e19690
Event: 93.760 Thread 0x00007fd6100b4b10 flushing nmethod 0x00007fd5f828c710
Event: 93.761 Thread 0x00007fd6100b4b10 flushing nmethod 0x00007fd5f8371c90
Event: 93.762 Thread 0x00007fd6100b4b10 flushing nmethod 0x00007fd5f83dbf10
Event: 93.762 Thread 0x00007fd6100b4b10 flushing nmethod 0x00007fd5f83f6090
Event: 93.762 Thread 0x00007fd6100b4b10 flushing nmethod 0x00007fd5f83fa090
Event: 93.764 Thread 0x00007fd6100b4b10 flushing nmethod 0x00007fd5f856bd10
Event: 93.765 Thread 0x00007fd6100b4b10 flushing nmethod 0x00007fd5f85c5190
Event: 135.598 Thread 0x00007fd5a40233e0 Thread exited: 0x00007fd5a40233e0
Event: 141.885 Thread 0x00007fd5a0001db0 Thread exited: 0x00007fd5a0001db0
Event: 143.198 Thread 0x00007fd5a8304300 Thread exited: 0x00007fd5a8304300
Event: 148.984 Thread 0x00007fd598007940 Thread exited: 0x00007fd598007940


Dynamic libraries:
e0000000-f5580000 rw-p 00000000 00:00 0 
f5580000-f9300000 rw-p 00000000 00:00 0 
f9300000-100000000 ---p 00000000 00:00 0 
800000000-800449000 rw-p 00001000 00:2b2e 4611686019135357769            /nix/store/gpxl5qgg8kicmcvivwmybwjlpf7wh20l-graalvm17-ce-22.3.0/lib/server/classes.jsa
800449000-800bc8000 r--p 0044a000 00:2b2e 4611686019135357769            /nix/store/gpxl5qgg8kicmcvivwmybwjlpf7wh20l-graalvm17-ce-22.3.0/lib/server/classes.jsa
800bc8000-800c00000 ---p 00000000 00:00 0 
800c00000-800c20000 rw-p 00000000 00:00 0 
800c20000-800c40000 rw-p 00000000 00:00 0 
800c40000-800cc0000 rw-p 00000000 00:00 0 
800cc0000-800d00000 rw-p 00000000 00:00 0 
800d00000-800dc0000 rw-p 00000000 00:00 0 
800dc0000-800e00000 rw-p 00000000 00:00 0 
800e00000-800f40000 rw-p 00000000 00:00 0 
800f40000-800fc0000 rw-p 00000000 00:00 0 
800fc0000-801000000 rw-p 00000000 00:00 0 
801000000-801230000 rw-p 00000000 00:00 0 
801230000-840c00000 ---p 00000000 00:00 0 
557e1ba1f000-557e1ba20000 r-xp 00000000 00:2b2e 4611686019099417844      /nix/store/gpxl5qgg8kicmcvivwmybwjlpf7wh20l-graalvm17-ce-22.3.0/bin/.java-wrapped
557e1ba21000-557e1ba22000 r--p 00001000 00:2b2e 4611686019099417844      /nix/store/gpxl5qgg8kicmcvivwmybwjlpf7wh20l-graalvm17-ce-22.3.0/bin/.java-wrapped
557e1ba22000-557e1ba23000 rw-p 00002000 00:2b2e 4611686019099417844      /nix/store/gpxl5qgg8kicmcvivwmybwjlpf7wh20l-graalvm17-ce-22.3.0/bin/.java-wrapped
557e1ba23000-557e1ba24000 rw-p 00004000 00:2b2e 4611686019099417844      /nix/store/gpxl5qgg8kicmcvivwmybwjlpf7wh20l-graalvm17-ce-22.3.0/bin/.java-wrapped
557e1ba24000-557e1ba25000 rw-p 00005000 00:2b2e 4611686019099417844      /nix/store/gpxl5qgg8kicmcvivwmybwjlpf7wh20l-graalvm17-ce-22.3.0/bin/.java-wrapped
557e1ce71000-557e1d22a000 rw-p 00000000 00:00 0                          [heap]
7fd588400000-7fd5889c0000 rw-p 00000000 00:00 0 
7fd5889c0000-7fd588a50000 rw-p 00000000 00:00 0 
7fd588a50000-7fd588c00000 ---p 00000000 00:00 0 
7fd589c00000-7fd58a060000 rw-p 00000000 00:00 0 
7fd58a060000-7fd58a100000 ---p 00000000 00:00 0 
7fd58a100000-7fd58a120000 rw-p 00000000 00:00 0 
7fd58a120000-7fd58a400000 rw-p 00000000 00:00 0 
7fd58a4b3000-7fd594000000 r--s 00000000 00:2b2e 4611686019135192581      /nix/store/gpxl5qgg8kicmcvivwmybwjlpf7wh20l-graalvm17-ce-22.3.0/lib/modules
7fd594000000-7fd594021000 rw-p 00000000 00:00 0 
7fd594021000-7fd598000000 ---p 00000000 00:00 0 
7fd598000000-7fd59808b000 rw-p 00000000 00:00 0 
7fd59808b000-7fd59c000000 ---p 00000000 00:00 0 
7fd59c000000-7fd59c16a000 rw-p 00000000 00:00 0 
7fd59c16a000-7fd5a0000000 ---p 00000000 00:00 0 
7fd5a0000000-7fd5a00fd000 rw-p 00000000 00:00 0 
7fd5a00fd000-7fd5a4000000 ---p 00000000 00:00 0 
7fd5a4000000-7fd5a4068000 rw-p 00000000 00:00 0 
7fd5a4068000-7fd5a8000000 ---p 00000000 00:00 0 
7fd5a8000000-7fd5a8d17000 rw-p 00000000 00:00 0 
7fd5a8d17000-7fd5ac000000 ---p 00000000 00:00 0 
7fd5ad000000-7fd5ad300000 rw-p 00000000 00:00 0 
7fd5ad300000-7fd5ad400000 rw-p 00000000 00:00 0 
7fd5ad400000-7fd5ad800000 rw-p 00000000 00:00 0 
7fd5ad800000-7fd5ad880000 rw-p 00000000 00:00 0 
7fd5ad880000-7fd5ad900000 rw-p 00000000 00:00 0 
7fd5ad900000-7fd5adb00000 rw-p 00000000 00:00 0 
7fd5adb00000-7fd5adc00000 rw-p 00000000 00:00 0 
7fd5adc00000-7fd5add00000 rw-p 00000000 00:00 0 
7fd5add00000-7fd5ade00000 rw-p 00000000 00:00 0 
7fd5ade00000-7fd5adf80000 rw-p 00000000 00:00 0 
7fd5adf80000-7fd5ae000000 rw-p 00000000 00:00 0 
7fd5ae000000-7fd5ae100000 rw-p 00000000 00:00 0 
7fd5ae100000-7fd5ae200000 rw-p 00000000 00:00 0 
7fd5ae200000-7fd5ae7c0000 rw-p 00000000 00:00 0 
7fd5ae7c0000-7fd5ae800000 rw-p 00000000 00:00 0 
7fd5ae800000-7fd5ae900000 rw-p 00000000 00:00 0 
7fd5ae900000-7fd5aea00000 rw-p 00000000 00:00 0 
7fd5aea00000-7fd5aed00000 rw-p 00000000 00:00 0 
7fd5aed00000-7fd5aee00000 rw-p 00000000 00:00 0 
7fd5aee00000-7fd5af000000 rw-p 00000000 00:00 0 
7fd5af200000-7fd5af210000 r-xp 00000000 00:2b2a 407                      /home/runner/.cache/jdt-language-server/config/org.eclipse.equinox.launcher/org.eclipse.equinox.launcher.gtk.linux.x86_64_1.2.400.v20211117-0650/eclipse_11600.so
7fd5af210000-7fd5af40f000 ---p 00010000 00:2b2a 407                      /home/runner/.cache/jdt-language-server/config/org.eclipse.equinox.launcher/org.eclipse.equinox.launcher.gtk.linux.x86_64_1.2.400.v20211117-0650/eclipse_11600.so
7fd5af40f000-7fd5af410000 r--p 0000f000 00:2b2a 407                      /home/runner/.cache/jdt-language-server/config/org.eclipse.equinox.launcher/org.eclipse.equinox.launcher.gtk.linux.x86_64_1.2.400.v20211117-0650/eclipse_11600.so
7fd5af410000-7fd5af411000 rw-p 00010000 00:2b2a 407                      /home/runner/.cache/jdt-language-server/config/org.eclipse.equinox.launcher/org.eclipse.equinox.launcher.gtk.linux.x86_64_1.2.400.v20211117-0650/eclipse_11600.so
7fd5b0000000-7fd5b0021000 rw-p 00000000 00:00 0 
7fd5b0021000-7fd5b4000000 ---p 00000000 00:00 0 
7fd5b4000000-7fd5b4021000 rw-p 00000000 00:00 0 
7fd5b4021000-7fd5b8000000 ---p 00000000 00:00 0 
7fd5b8000000-7fd5b810d000 rw-p 00000000 00:00 0 
7fd5b810d000-7fd5bc000000 ---p 00000000 00:00 0 
7fd5bcb00000-7fd5bcc00000 ---p 00000000 00:00 0 
7fd5bcc00000-7fd5bd1af000 r--p 01122000 00:2b2e 4611686019135190040      /nix/store/gpxl5qgg8kicmcvivwmybwjlpf7wh20l-graalvm17-ce-22.3.0/lib/libjvmcicompiler.so
7fd5bd1af000-7fd5bd300000 r--p 00000000 00:00 0 
7fd5bd300000-7fd5bd33d000 rw-p 00000000 00:00 0 
7fd5bd33d000-7fd5bd85d000 rw-p 0185f000 00:2b2e 4611686019135190040      /nix/store/gpxl5qgg8kicmcvivwmybwjlpf7wh20l-graalvm17-ce-22.3.0/lib/libjvmcicompiler.so
7fd5bd85d000-7fd5bdc44000 r--p 01d7f000 00:2b2e 4611686019135190040      /nix/store/gpxl5qgg8kicmcvivwmybwjlpf7wh20l-graalvm17-ce-22.3.0/lib/libjvmcicompiler.so
7fd5bdd00000-7fd5bdd04000 ---p 00000000 00:00 0 
7fd5bdd04000-7fd5bde00000 rw-p 00000000 00:00 0 
7fd5bdf00000-7fd5bdf04000 ---p 00000000 00:00 0 
7fd5bdf04000-7fd5be000000 rw-p 00000000 00:00 0 
7fd5be100000-7fd5be104000 ---p 00000000 00:00 0 
7fd5be104000-7fd5be200000 rw-p 00000000 00:00 0 
7fd5be300000-7fd5be304000 ---p 00000000 00:00 0 
7fd5be304000-7fd5be400000 rw-p 00000000 00:00 0 
7fd5be500000-7fd5be504000 ---p 00000000 00:00 0 
7fd5be504000-7fd5be600000 rw-p 00000000 00:00 0 
7fd5be600000-7fd5be604000 ---p 00000000 00:00 0 
7fd5be604000-7fd5be700000 rw-p 00000000 00:00 0 
7fd5be700000-7fd5be704000 ---p 00000000 00:00 0 
7fd5be704000-7fd5be800000 rw-p 00000000 00:00 0 
7fd5be900000-7fd5be904000 ---p 00000000 00:00 0 
7fd5be904000-7fd5bea00000 rw-p 00000000 00:00 0 
7fd5beb00000-7fd5beb04000 ---p 00000000 00:00 0 
7fd5beb04000-7fd5bec00000 rw-p 00000000 00:00 0 
7fd5bec00000-7fd5bec04000 ---p 00000000 00:00 0 
7fd5bec04000-7fd5bed00000 rw-p 00000000 00:00 0 
7fd5bed00000-7fd5bed04000 ---p 00000000 00:00 0 
7fd5bed04000-7fd5bee00000 rw-p 00000000 00:00 0 
7fd5bfa68000-7fd5bff00000 rw-p 00000000 00:00 0 
7fd5c0000000-7fd5c00e7000 rw-p 00000000 00:00 0 
7fd5c00e7000-7fd5c4000000 ---p 00000000 00:00 0 
7fd5c4000000-7fd5c4021000 rw-p 00000000 00:00 0 
7fd5c4021000-7fd5c8000000 ---p 00000000 00:00 0 
7fd5c8000000-7fd5c8021000 rw-p 00000000 00:00 0 
7fd5c8021000-7fd5cc000000 ---p 00000000 00:00 0 
7fd5cc000000-7fd5cc094000 rw-p 00000000 00:00 0 
7fd5cc094000-7fd5d0000000 ---p 00000000 00:00 0 
7fd5d0000000-7fd5d00da000 rw-p 00000000 00:00 0 
7fd5d00da000-7fd5d4000000 ---p 00000000 00:00 0 
7fd5d4000000-7fd5d4bb8000 rw-p 00000000 00:00 0 
7fd5d4bb8000-7fd5d8000000 ---p 00000000 00:00 0 
7fd5d8000000-7fd5d8021000 rw-p 00000000 00:00 0 
7fd5d8021000-7fd5dc000000 ---p 00000000 00:00 0 
7fd5dc000000-7fd5dc047000 rw-p 00000000 00:00 0 
7fd5dc047000-7fd5e0000000 ---p 00000000 00:00 0 
7fd5e0000000-7fd5e0021000 rw-p 00000000 00:00 0 
7fd5e0021000-7fd5e4000000 ---p 00000000 00:00 0 
7fd5e4000000-7fd5e4021000 rw-p 00000000 00:00 0 
7fd5e4021000-7fd5e8000000 ---p 00000000 00:00 0 
7fd5e8000000-7fd5e8021000 rw-p 00000000 00:00 0 
7fd5e8021000-7fd5ec000000 ---p 00000000 00:00 0 
7fd5ec000000-7fd5ec021000 rw-p 00000000 00:00 0 
7fd5ec021000-7fd5f0000000 ---p 00000000 00:00 0 
7fd5f0000000-7fd5f01d6000 rw-p 00000000 00:00 0 
7fd5f01d6000-7fd5f4004000 ---p 00000000 00:00 0 
7fd5f4004000-7fd5f4100000 rw-p 00000000 00:00 0 
7fd5f4100000-7fd5f4104000 ---p 00000000 00:00 0 
7fd5f4104000-7fd5f4200000 rw-p 00000000 00:00 0 
7fd5f4200000-7fd5f4204000 ---p 00000000 00:00 0 
7fd5f4204000-7fd5f4300000 rw-p 00000000 00:00 0 
7fd5f4300000-7fd5f4304000 ---p 00000000 00:00 0 
7fd5f4304000-7fd5f4400000 rw-p 00000000 00:00 0 
7fd5f4400000-7fd5f4404000 ---p 00000000 00:00 0 
7fd5f4404000-7fd5f4500000 rw-p 00000000 00:00 0 
7fd5f4500000-7fd5f4504000 ---p 00000000 00:00 0 
7fd5f4504000-7fd5f4600000 rw-p 00000000 00:00 0 
7fd5f4700000-7fd5f4704000 ---p 00000000 00:00 0 
7fd5f4704000-7fd5f4800000 rw-p 00000000 00:00 0 
7fd5f4900000-7fd5f4904000 ---p 00000000 00:00 0 
7fd5f4904000-7fd5f4a00000 rw-p 00000000 00:00 0 
7fd5f4a00000-7fd5f4a04000 ---p 00000000 00:00 0 
7fd5f4a04000-7fd5f4b00000 rw-p 00000000 00:00 0 
7fd5f4b00000-7fd5f4b04000 ---p 00000000 00:00 0 
7fd5f4b04000-7fd5f4c00000 rw-p 00000000 00:00 0 
7fd5f4c00000-7fd5f6d6a000 r-xp 00000000 00:2b2e 4611686019135190040      /nix/store/gpxl5qgg8kicmcvivwmybwjlpf7wh20l-graalvm17-ce-22.3.0/lib/libjvmcicompiler.so
7fd5f6d6a000-7fd5f6f69000 ---p 0216a000 00:2b2e 4611686019135190040      /nix/store/gpxl5qgg8kicmcvivwmybwjlpf7wh20l-graalvm17-ce-22.3.0/lib/libjvmcicompiler.so
7fd5f6f69000-7fd5f6f6a000 r--p 02169000 00:2b2e 4611686019135190040      /nix/store/gpxl5qgg8kicmcvivwmybwjlpf7wh20l-graalvm17-ce-22.3.0/lib/libjvmcicompiler.so
7fd5f6f6a000-7fd5f6f6c000 rw-p 0216a000 00:2b2e 4611686019135190040      /nix/store/gpxl5qgg8kicmcvivwmybwjlpf7wh20l-graalvm17-ce-22.3.0/lib/libjvmcicompiler.so
7fd5f6f6c000-7fd5f6f6d000 rw-p 00000000 00:00 0 
7fd5f6f6d000-7fd5f6f72000 rw-p 023c3000 00:2b2e 4611686019135190040      /nix/store/gpxl5qgg8kicmcvivwmybwjlpf7wh20l-graalvm17-ce-22.3.0/lib/libjvmcicompiler.so
7fd5f6fb1000-7fd5f6fb5000 ---p 00000000 00:00 0 
7fd5f6fb5000-7fd5f70b1000 rw-p 00000000 00:00 0 
7fd5f70b1000-7fd5f70b2000 ---p 00000000 00:00 0 
7fd5f70b2000-7fd5f71b3000 rw-p 00000000 00:00 0 
7fd5f71b3000-7fd5f71b7000 ---p 00000000 00:00 0 
7fd5f71b7000-7fd5f72b3000 rw-p 00000000 00:00 0 
7fd5f72b3000-7fd5f72b7000 ---p 00000000 00:00 0 
7fd5f72b7000-7fd5f73b3000 rw-p 00000000 00:00 0 
7fd5f73b3000-7fd5f73b7000 ---p 00000000 00:00 0 
7fd5f73b7000-7fd5f74b3000 rw-p 00000000 00:00 0 
7fd5f74b3000-7fd5f7723000 rwxp 00000000 00:00 0 
7fd5f7723000-7fd5f7a42000 ---p 00000000 00:00 0 
7fd5f7a42000-7fd5f8b72000 rwxp 00000000 00:00 0 
7fd5f8b72000-7fd5fef7a000 ---p 00000000 00:00 0 
7fd5fef7a000-7fd5ff21a000 rwxp 00000000 00:00 0 
7fd5ff21a000-7fd6064b3000 ---p 00000000 00:00 0 
7fd6064b3000-7fd610000000 r--s 00000000 00:2b2e 4611686019135192581      /nix/store/gpxl5qgg8kicmcvivwmybwjlpf7wh20l-graalvm17-ce-22.3.0/lib/modules
7fd610000000-7fd610612000 rw-p 00000000 00:00 0 
7fd610612000-7fd614000000 ---p 00000000 00:00 0 
7fd61401a000-7fd61401e000 ---p 00000000 00:00 0 
7fd61401e000-7fd61421a000 rw-p 00000000 00:00 0 
7fd61421a000-7fd61421e000 ---p 00000000 00:00 0 
7fd61421e000-7fd61441a000 rw-p 00000000 00:00 0 
7fd61441a000-7fd61441e000 ---p 00000000 00:00 0 
7fd61441e000-7fd61451a000 rw-p 00000000 00:00 0 
7fd61451a000-7fd61451e000 ---p 00000000 00:00 0 
7fd61451e000-7fd61461a000 rw-p 00000000 00:00 0 
7fd61461a000-7fd61461e000 ---p 00000000 00:00 0 
7fd61461e000-7fd61471a000 rw-p 00000000 00:00 0 
7fd61471a000-7fd614a00000 r--p 00000000 00:29b9 28444448                 /usr/lib/locale/locale-archive
7fd614a00000-7fd614a04000 ---p 00000000 00:00 0 
7fd614a04000-7fd614b00000 rw-p 00000000 00:00 0 
7fd614b00000-7fd614b04000 ---p 00000000 00:00 0 
7fd614b04000-7fd615000000 rw-p 00000000 00:00 0 
7fd615000000-7fd615300000 rw-p 00000000 00:00 0 
7fd615300000-7fd615400000 rw-p 00000000 00:00 0 
7fd615445000-7fd615447000 r-xp 00000000 00:2b2e 4611686019135190017      /nix/store/gpxl5qgg8kicmcvivwmybwjlpf7wh20l-graalvm17-ce-22.3.0/lib/libextnet.so
7fd615447000-7fd615448000 r--p 00001000 00:2b2e 4611686019135190017      /nix/store/gpxl5qgg8kicmcvivwmybwjlpf7wh20l-graalvm17-ce-22.3.0/lib/libextnet.so
7fd615448000-7fd615449000 rw-p 00002000 00:2b2e 4611686019135190017      /nix/store/gpxl5qgg8kicmcvivwmybwjlpf7wh20l-graalvm17-ce-22.3.0/lib/libextnet.so
7fd615449000-7fd61544a000 rw-p 00004000 00:2b2e 4611686019135190017      /nix/store/gpxl5qgg8kicmcvivwmybwjlpf7wh20l-graalvm17-ce-22.3.0/lib/libextnet.so
7fd61544a000-7fd61544e000 ---p 00000000 00:00 0 
7fd61544e000-7fd61546c000 rw-p 00000000 00:00 0 
7fd61546c000-7fd615473000 r-xp 00000000 00:2b2e 4611686019135192580      /nix/store/gpxl5qgg8kicmcvivwmybwjlpf7wh20l-graalvm17-ce-22.3.0/lib/libzip.so
7fd615473000-7fd615474000 ---p 00007000 00:2b2e 4611686019135192580      /nix/store/gpxl5qgg8kicmcvivwmybwjlpf7wh20l-graalvm17-ce-22.3.0/lib/libzip.so
7fd615474000-7fd615475000 r--p 00007000 00:2b2e 4611686019135192580      /nix/store/gpxl5qgg8kicmcvivwmybwjlpf7wh20l-graalvm17-ce-22.3.0/lib/libzip.so
7fd615475000-7fd615476000 rw-p 00008000 00:2b2e 4611686019135192580      /nix/store/gpxl5qgg8kicmcvivwmybwjlpf7wh20l-graalvm17-ce-22.3.0/lib/libzip.so
7fd615476000-7fd615478000 rw-p 0000b000 00:2b2e 4611686019135192580      /nix/store/gpxl5qgg8kicmcvivwmybwjlpf7wh20l-graalvm17-ce-22.3.0/lib/libzip.so
7fd615478000-7fd61548d000 r-xp 00000000 00:2b2e 4611686019135192570      /nix/store/gpxl5qgg8kicmcvivwmybwjlpf7wh20l-graalvm17-ce-22.3.0/lib/libnet.so
7fd61548d000-7fd61548e000 ---p 00015000 00:2b2e 4611686019135192570      /nix/store/gpxl5qgg8kicmcvivwmybwjlpf7wh20l-graalvm17-ce-22.3.0/lib/libnet.so
7fd61548e000-7fd61548f000 r--p 00015000 00:2b2e 4611686019135192570      /nix/store/gpxl5qgg8kicmcvivwmybwjlpf7wh20l-graalvm17-ce-22.3.0/lib/libnet.so
7fd61548f000-7fd615490000 rw-p 00016000 00:2b2e 4611686019135192570      /nix/store/gpxl5qgg8kicmcvivwmybwjlpf7wh20l-graalvm17-ce-22.3.0/lib/libnet.so
7fd615490000-7fd615493000 rw-p 0001b000 00:2b2e 4611686019135192570      /nix/store/gpxl5qgg8kicmcvivwmybwjlpf7wh20l-graalvm17-ce-22.3.0/lib/libnet.so
7fd615493000-7fd6154a6000 r-xp 00000000 00:2b2e 4611686019135192571      /nix/store/gpxl5qgg8kicmcvivwmybwjlpf7wh20l-graalvm17-ce-22.3.0/lib/libnio.so
7fd6154a6000-7fd6154a7000 r--p 00012000 00:2b2e 4611686019135192571      /nix/store/gpxl5qgg8kicmcvivwmybwjlpf7wh20l-graalvm17-ce-22.3.0/lib/libnio.so
7fd6154a7000-7fd6154a8000 rw-p 00013000 00:2b2e 4611686019135192571      /nix/store/gpxl5qgg8kicmcvivwmybwjlpf7wh20l-graalvm17-ce-22.3.0/lib/libnio.so
7fd6154a8000-7fd6154ad000 rw-p 00019000 00:2b2e 4611686019135192571      /nix/store/gpxl5qgg8kicmcvivwmybwjlpf7wh20l-graalvm17-ce-22.3.0/lib/libnio.so
7fd6154ad000-7fd6154ae000 ---p 00000000 00:00 0 
7fd6154ae000-7fd6155af000 rw-p 00000000 00:00 0 
7fd6155af000-7fd61567d000 r-xp 00000000 00:2b2e 4611686019135190036      /nix/store/gpxl5qgg8kicmcvivwmybwjlpf7wh20l-graalvm17-ce-22.3.0/lib/libjsvml.so
7fd61567d000-7fd61567e000 r--p 000cd000 00:2b2e 4611686019135190036      /nix/store/gpxl5qgg8kicmcvivwmybwjlpf7wh20l-graalvm17-ce-22.3.0/lib/libjsvml.so
7fd61567e000-7fd61567f000 rw-p 000ce000 00:2b2e 4611686019135190036      /nix/store/gpxl5qgg8kicmcvivwmybwjlpf7wh20l-graalvm17-ce-22.3.0/lib/libjsvml.so
7fd61567f000-7fd616f57000 rw-p 00000000 00:00 0 
7fd616f57000-7fd616f58000 ---p 00000000 00:00 0 
7fd616f58000-7fd617103000 rw-p 00000000 00:00 0 
7fd617103000-7fd617123000 rw-p 00000000 00:00 0 
7fd617123000-7fd617159000 ---p 00000000 00:00 0 
7fd617159000-7fd617160000 rw-p 00000000 00:00 0 
7fd617160000-7fd617245000 ---p 00000000 00:00 0 
7fd617245000-7fd617268000 rw-p 00000000 00:00 0 
7fd617268000-7fd617330000 ---p 00000000 00:00 0 
7fd617330000-7fd617335000 rw-p 00000000 00:00 0 
7fd617335000-7fd61733c000 ---p 00000000 00:00 0 
7fd61733c000-7fd617360000 r-xp 00000000 00:2b2e 4611686019135190028      /nix/store/gpxl5qgg8kicmcvivwmybwjlpf7wh20l-graalvm17-ce-22.3.0/lib/libjava.so
7fd617360000-7fd617361000 ---p 00024000 00:2b2e 4611686019135190028      /nix/store/gpxl5qgg8kicmcvivwmybwjlpf7wh20l-graalvm17-ce-22.3.0/lib/libjava.so
7fd617361000-7fd617362000 r--p 00024000 00:2b2e 4611686019135190028      /nix/store/gpxl5qgg8kicmcvivwmybwjlpf7wh20l-graalvm17-ce-22.3.0/lib/libjava.so
7fd617362000-7fd617363000 rw-p 00025000 00:2b2e 4611686019135190028      /nix/store/gpxl5qgg8kicmcvivwmybwjlpf7wh20l-graalvm17-ce-22.3.0/lib/libjava.so
7fd617363000-7fd617364000 rw-p 00000000 00:00 0 
7fd617364000-7fd61736b000 rw-p 0002f000 00:2b2e 4611686019135190028      /nix/store/gpxl5qgg8kicmcvivwmybwjlpf7wh20l-graalvm17-ce-22.3.0/lib/libjava.so
7fd61736b000-7fd617373000 rw-s 00000000 00:232f 404                      /tmp/hsperfdata_runner/150
7fd617373000-7fd617374000 ---p 00000000 00:00 0 
7fd617374000-7fd617375000 r--p 00000000 00:00 0 
7fd617375000-7fd617376000 rwxp 00000000 00:00 0 
7fd617376000-7fd617391000 r-xp 00000000 00:2b2e 4611686019135190032      /nix/store/gpxl5qgg8kicmcvivwmybwjlpf7wh20l-graalvm17-ce-22.3.0/lib/libjimage.so
7fd617391000-7fd617392000 ---p 0001b000 00:2b2e 4611686019135190032      /nix/store/gpxl5qgg8kicmcvivwmybwjlpf7wh20l-graalvm17-ce-22.3.0/lib/libjimage.so
7fd617392000-7fd617394000 r--p 0001b000 00:2b2e 4611686019135190032      /nix/store/gpxl5qgg8kicmcvivwmybwjlpf7wh20l-graalvm17-ce-22.3.0/lib/libjimage.so
7fd617394000-7fd617395000 rw-p 0001d000 00:2b2e 4611686019135190032      /nix/store/gpxl5qgg8kicmcvivwmybwjlpf7wh20l-graalvm17-ce-22.3.0/lib/libjimage.so
7fd617395000-7fd617396000 rw-p 00024000 00:2b2e 4611686019135190032      /nix/store/gpxl5qgg8kicmcvivwmybwjlpf7wh20l-graalvm17-ce-22.3.0/lib/libjimage.so
7fd617396000-7fd61739a000 ---p 00000000 00:00 0 
7fd61739a000-7fd617496000 rw-p 00000000 00:00 0 
7fd617496000-7fd6174a4000 r--p 00000000 00:2b2e 4611686019027979927      /nix/store/4nlgxhb09sdr51nc9hdm8az5b08vzkgx-glibc-2.35-163/lib/libm.so.6
7fd6174a4000-7fd617517000 r-xp 0000e000 00:2b2e 4611686019027979927      /nix/store/4nlgxhb09sdr51nc9hdm8az5b08vzkgx-glibc-2.35-163/lib/libm.so.6
7fd617517000-7fd617574000 r--p 00081000 00:2b2e 4611686019027979927      /nix/store/4nlgxhb09sdr51nc9hdm8az5b08vzkgx-glibc-2.35-163/lib/libm.so.6
7fd617574000-7fd617575000 r--p 000dd000 00:2b2e 4611686019027979927      /nix/store/4nlgxhb09sdr51nc9hdm8az5b08vzkgx-glibc-2.35-163/lib/libm.so.6
7fd617575000-7fd617576000 rw-p 000de000 00:2b2e 4611686019027979927      /nix/store/4nlgxhb09sdr51nc9hdm8az5b08vzkgx-glibc-2.35-163/lib/libm.so.6
7fd617576000-7fd617577000 r--p 00000000 00:2b2e 4611686019027979946      /nix/store/4nlgxhb09sdr51nc9hdm8az5b08vzkgx-glibc-2.35-163/lib/librt.so.1
7fd617577000-7fd617578000 r-xp 00001000 00:2b2e 4611686019027979946      /nix/store/4nlgxhb09sdr51nc9hdm8az5b08vzkgx-glibc-2.35-163/lib/librt.so.1
7fd617578000-7fd617579000 r--p 00002000 00:2b2e 4611686019027979946      /nix/store/4nlgxhb09sdr51nc9hdm8az5b08vzkgx-glibc-2.35-163/lib/librt.so.1
7fd617579000-7fd61757a000 r--p 00002000 00:2b2e 4611686019027979946      /nix/store/4nlgxhb09sdr51nc9hdm8az5b08vzkgx-glibc-2.35-163/lib/librt.so.1
7fd61757a000-7fd61757b000 rw-p 00003000 00:2b2e 4611686019027979946      /nix/store/4nlgxhb09sdr51nc9hdm8az5b08vzkgx-glibc-2.35-163/lib/librt.so.1
7fd61757b000-7fd61868e000 r-xp 00000000 00:2b2e 4611686019135360866      /nix/store/gpxl5qgg8kicmcvivwmybwjlpf7wh20l-graalvm17-ce-22.3.0/lib/server/libjvm.so
7fd61868e000-7fd61868f000 ---p 01113000 00:2b2e 4611686019135360866      /nix/store/gpxl5qgg8kicmcvivwmybwjlpf7wh20l-graalvm17-ce-22.3.0/lib/server/libjvm.so
7fd61868f000-7fd618744000 r--p 01113000 00:2b2e 4611686019135360866      /nix/store/gpxl5qgg8kicmcvivwmybwjlpf7wh20l-graalvm17-ce-22.3.0/lib/server/libjvm.so
7fd618744000-7fd618778000 rw-p 011c8000 00:2b2e 4611686019135360866      /nix/store/gpxl5qgg8kicmcvivwmybwjlpf7wh20l-graalvm17-ce-22.3.0/lib/server/libjvm.so
7fd618778000-7fd6187d4000 rw-p 00000000 00:00 0 
7fd6187d4000-7fd6187fc000 r--p 00000000 00:2b2e 4611686019027979918      /nix/store/4nlgxhb09sdr51nc9hdm8az5b08vzkgx-glibc-2.35-163/lib/libc.so.6
7fd6187fc000-7fd618972000 r-xp 00028000 00:2b2e 4611686019027979918      /nix/store/4nlgxhb09sdr51nc9hdm8az5b08vzkgx-glibc-2.35-163/lib/libc.so.6
7fd618972000-7fd6189ca000 r--p 0019e000 00:2b2e 4611686019027979918      /nix/store/4nlgxhb09sdr51nc9hdm8az5b08vzkgx-glibc-2.35-163/lib/libc.so.6
7fd6189ca000-7fd6189ce000 r--p 001f6000 00:2b2e 4611686019027979918      /nix/store/4nlgxhb09sdr51nc9hdm8az5b08vzkgx-glibc-2.35-163/lib/libc.so.6
7fd6189ce000-7fd6189d0000 rw-p 001fa000 00:2b2e 4611686019027979918      /nix/store/4nlgxhb09sdr51nc9hdm8az5b08vzkgx-glibc-2.35-163/lib/libc.so.6
7fd6189d0000-7fd6189df000 rw-p 00000000 00:00 0 
7fd6189df000-7fd6189e0000 r--p 00000000 00:2b2e 4611686019027979923      /nix/store/4nlgxhb09sdr51nc9hdm8az5b08vzkgx-glibc-2.35-163/lib/libdl.so.2
7fd6189e0000-7fd6189e1000 r-xp 00001000 00:2b2e 4611686019027979923      /nix/store/4nlgxhb09sdr51nc9hdm8az5b08vzkgx-glibc-2.35-163/lib/libdl.so.2
7fd6189e1000-7fd6189e2000 r--p 00002000 00:2b2e 4611686019027979923      /nix/store/4nlgxhb09sdr51nc9hdm8az5b08vzkgx-glibc-2.35-163/lib/libdl.so.2
7fd6189e2000-7fd6189e3000 r--p 00002000 00:2b2e 4611686019027979923      /nix/store/4nlgxhb09sdr51nc9hdm8az5b08vzkgx-glibc-2.35-163/lib/libdl.so.2
7fd6189e3000-7fd6189e4000 rw-p 00003000 00:2b2e 4611686019027979923      /nix/store/4nlgxhb09sdr51nc9hdm8az5b08vzkgx-glibc-2.35-163/lib/libdl.so.2
7fd6189e4000-7fd6189e5000 r--p 00000000 00:2b2e 4611686019027979942      /nix/store/4nlgxhb09sdr51nc9hdm8az5b08vzkgx-glibc-2.35-163/lib/libpthread.so.0
7fd6189e5000-7fd6189e6000 r-xp 00001000 00:2b2e 4611686019027979942      /nix/store/4nlgxhb09sdr51nc9hdm8az5b08vzkgx-glibc-2.35-163/lib/libpthread.so.0
7fd6189e6000-7fd6189e7000 r--p 00002000 00:2b2e 4611686019027979942      /nix/store/4nlgxhb09sdr51nc9hdm8az5b08vzkgx-glibc-2.35-163/lib/libpthread.so.0
7fd6189e7000-7fd6189e8000 r--p 00002000 00:2b2e 4611686019027979942      /nix/store/4nlgxhb09sdr51nc9hdm8az5b08vzkgx-glibc-2.35-163/lib/libpthread.so.0
7fd6189e8000-7fd6189e9000 rw-p 00003000 00:2b2e 4611686019027979942      /nix/store/4nlgxhb09sdr51nc9hdm8az5b08vzkgx-glibc-2.35-163/lib/libpthread.so.0
7fd6189e9000-7fd6189f7000 r-xp 00000000 00:2b2e 4611686019135190033      /nix/store/gpxl5qgg8kicmcvivwmybwjlpf7wh20l-graalvm17-ce-22.3.0/lib/libjli.so
7fd6189f7000-7fd6189f8000 ---p 0000e000 00:2b2e 4611686019135190033      /nix/store/gpxl5qgg8kicmcvivwmybwjlpf7wh20l-graalvm17-ce-22.3.0/lib/libjli.so
7fd6189f8000-7fd6189f9000 r--p 0000e000 00:2b2e 4611686019135190033      /nix/store/gpxl5qgg8kicmcvivwmybwjlpf7wh20l-graalvm17-ce-22.3.0/lib/libjli.so
7fd6189f9000-7fd6189fa000 rw-p 0000f000 00:2b2e 4611686019135190033      /nix/store/gpxl5qgg8kicmcvivwmybwjlpf7wh20l-graalvm17-ce-22.3.0/lib/libjli.so
7fd6189fa000-7fd6189fb000 rw-p 00012000 00:2b2e 4611686019135190033      /nix/store/gpxl5qgg8kicmcvivwmybwjlpf7wh20l-graalvm17-ce-22.3.0/lib/libjli.so
7fd6189fb000-7fd6189fe000 r--p 00000000 00:2b2e 4611686019106210071      /nix/store/026hln0aq1hyshaxsdvhg0kmcm6yf45r-zlib-1.2.13/lib/libz.so.1.2.13
7fd6189fe000-7fd618a10000 r-xp 00003000 00:2b2e 4611686019106210071      /nix/store/026hln0aq1hyshaxsdvhg0kmcm6yf45r-zlib-1.2.13/lib/libz.so.1.2.13
7fd618a10000-7fd618a17000 r--p 00015000 00:2b2e 4611686019106210071      /nix/store/026hln0aq1hyshaxsdvhg0kmcm6yf45r-zlib-1.2.13/lib/libz.so.1.2.13
7fd618a17000-7fd618a18000 r--p 0001b000 00:2b2e 4611686019106210071      /nix/store/026hln0aq1hyshaxsdvhg0kmcm6yf45r-zlib-1.2.13/lib/libz.so.1.2.13
7fd618a18000-7fd618a19000 rw-p 0001c000 00:2b2e 4611686019106210071      /nix/store/026hln0aq1hyshaxsdvhg0kmcm6yf45r-zlib-1.2.13/lib/libz.so.1.2.13
7fd618a19000-7fd618a1b000 rw-p 00000000 00:00 0 
7fd618a1b000-7fd618a1d000 r--p 00000000 00:2b2e 4611686019027979912      /nix/store/4nlgxhb09sdr51nc9hdm8az5b08vzkgx-glibc-2.35-163/lib/ld-linux-x86-64.so.2
7fd618a1d000-7fd618a44000 r-xp 00002000 00:2b2e 4611686019027979912      /nix/store/4nlgxhb09sdr51nc9hdm8az5b08vzkgx-glibc-2.35-163/lib/ld-linux-x86-64.so.2
7fd618a44000-7fd618a50000 r--p 00029000 00:2b2e 4611686019027979912      /nix/store/4nlgxhb09sdr51nc9hdm8az5b08vzkgx-glibc-2.35-163/lib/ld-linux-x86-64.so.2
7fd618a50000-7fd618a52000 r--p 00034000 00:2b2e 4611686019027979912      /nix/store/4nlgxhb09sdr51nc9hdm8az5b08vzkgx-glibc-2.35-163/lib/ld-linux-x86-64.so.2
7fd618a52000-7fd618a54000 rw-p 00036000 00:2b2e 4611686019027979912      /nix/store/4nlgxhb09sdr51nc9hdm8az5b08vzkgx-glibc-2.35-163/lib/ld-linux-x86-64.so.2
7ffe1634a000-7ffe1636e000 rw-p 00000000 00:00 0                          [stack]
7ffe163b0000-7ffe163b4000 r--p 00000000 00:00 0                          [vvar]
7ffe163b4000-7ffe163b6000 r-xp 00000000 00:00 0                          [vdso]
ffffffffff600000-ffffffffff601000 --xp 00000000 00:00 0                  [vsyscall]


VM Arguments:
jvm_args: -XX:ThreadPriorityPolicy=1 -XX:+UnlockExperimentalVMOptions -XX:+EnableJVMCIProduct -XX:JVMCIThreadsPerNativeLibraryRuntime=1 -XX:-UnlockExperimentalVMOptions -Declipse.application=org.eclipse.jdt.ls.core.id1 -Dosgi.bundles.defaultStartLevel=4 -Declipse.product=org.eclipse.jdt.ls.core.product -Dlog.level=ALL -Xverify:none -XX:+UseParallelGC -XX:GCTimeRatio=4 -XX:AdaptiveSizePolicyWeight=90 -Dsun.zip.disableMemoryMapping=true -Xmx512m -Xms100m 
java_command: /nix/store/m6gcpi1ii6rghy04cjwjddcavv7i90df-jdt-language-server-1.9.0/share/java/plugins/org.eclipse.equinox.launcher_1.6.400.v20210924-0641.jar --add-modules=ALL-SYSTEM --add-opens java.base/java.util=ALL-UNNAMED --add-opens java.base/java.lang=ALL-UNNAMED -configuration /home/runner/.cache/jdt-language-server/config -data /home/runner/.cache/jdt-language-server/data/home/runner/MenuApp
java_class_path (initial): /nix/store/m6gcpi1ii6rghy04cjwjddcavv7i90df-jdt-language-server-1.9.0/share/java/plugins/org.eclipse.equinox.launcher_1.6.400.v20210924-0641.jar
Launcher Type: SUN_STANDARD

[Global flags]
    uintx AdaptiveSizePolicyWeight                 = 90                                        {product} {command line}
     intx CICompilerCount                          = 2                                         {product} {ergonomic}
     bool EnableJVMCIProduct                       = true                                {JVMCI product} {jimage}
    uintx GCTimeRatio                              = 4                                         {product} {command line}
   size_t InitialHeapSize                          = 104857600                                 {product} {command line}
     uint JVMCIThreadsPerNativeLibraryRuntime      = 1                                   {JVMCI product} {jimage}
   size_t MaxHeapSize                              = 536870912                                 {product} {command line}
   size_t MaxNewSize                               = 178782208                                 {product} {ergonomic}
   size_t MinHeapDeltaBytes                        = 524288                                    {product} {ergonomic}
   size_t MinHeapSize                              = 104857600                                 {product} {command line}
   size_t NewSize                                  = 34603008                                  {product} {ergonomic}
    uintx NonNMethodCodeHeapSize                   = 5826188                                {pd product} {ergonomic}
    uintx NonProfiledCodeHeapSize                  = 122916026                              {pd product} {ergonomic}
   size_t OldSize                                  = 70254592                                  {product} {ergonomic}
    uintx ProfiledCodeHeapSize                     = 122916026                              {pd product} {ergonomic}
    uintx ReservedCodeCacheSize                    = 251658240                              {pd product} {ergonomic}
     bool SegmentedCodeCache                       = true                                      {product} {ergonomic}
   size_t SoftMaxHeapSize                          = 536870912                              {manageable} {ergonomic}
     intx ThreadPriorityPolicy                     = 1                                         {product} {jimage}
     bool UseCompressedClassPointers               = true                           {product lp64_product} {ergonomic}
     bool UseCompressedOops                        = true                           {product lp64_product} {ergonomic}
     bool UseParallelGC                            = true                                      {product} {command line}

Logging:
Log output configuration:
 #0: stdout all=warning uptime,level,tags
 #1: stderr all=off uptime,level,tags

Environment Variables:
JAVA_HOME=/nix/store/gpxl5qgg8kicmcvivwmybwjlpf7wh20l-graalvm17-ce-22.3.0
PATH=/nix/store/1d6ian3r8kdzspw8hacjhl3xkp40g1lj-binutils-wrapper-2.39/bin:/nix/store/dq0xwmsk1g0i2ayg6pb7y87na2knzylh-gcc-wrapper-11.3.0/bin:/nix/store/bap4d0lpcrhpwmpb8ayjcgkmvfj62lnq-bash-interactive-5.1-p16/bin:/nix/store/pr5n59mb4jzmfx6kanwxly0l07p861fg-patchelf-0.15.0/bin:/nix/store/1gf2flfqnpqbr1b4p4qz2f72y42bs56r-gcc-11.3.0/bin:/nix/store/57xv61c5zi8pphjbcwxxjlgc34p61ic9-glibc-2.35-163-bin/bin:/nix/store/a7gvj343m05j2s32xcnwr35v31ynlypr-coreutils-9.1/bin:/nix/store/039g378vc3pc3dvi9dzdlrd0i4q93qwf-binutils-2.39/bin:/nix/store/gpxl5qgg8kicmcvivwmybwjlpf7wh20l-graalvm17-ce-22.3.0/bin:/nix/store/6z9ag3ihc8mq2hzsw48lhbznvzny65nz-apache-maven-3.8.6/bin:/nix/store/m6gcpi1ii6rghy04cjwjddcavv7i90df-jdt-language-server-1.9.0/bin:/nix/store/84xs5alhs01zrbr4ywm05kxbjbp5590l-java-debug/bin:/nix/store/mydc6f4k2z73xlcz7ilif3v2lcaiqvza-findutils-4.9.0/bin:/nix/store/j9p3g8472iijd50vhdprx0nmk2fqn5gv-diffutils-3.8/bin:/nix/store/89zs7rms6x00xfq4dq6m7mjnhkr8a6r4-gnused-4.8/bin:/nix/store/86bp03jkmsl6f92w0yzg4s59g5mhxwmy-gnugrep-3.7/bin:/nix/store/hwcdqw4jrjnd37wxqgsd47hd0j8bnj09-gawk-5.1.1/bin:/nix/store/cfbhw8r8ags41vwqaz47r583d0p4h4a1-gnutar-1.34/bin:/nix/store/p3m1ndl1lapwrlh698bnb5lvvxh67378-gzip-1.12/bin:/nix/store/a8mhcagrsly7c7mpjrpsnaahk4aax056-bzip2-1.0.8-bin/bin:/nix/store/mblgz65m3zv9x548a3d5m96fj2pbwr09-gnumake-4.3/bin:/nix/store/dsd5gz46hdbdk2rfdimqddhq6m8m8fqs-bash-5.1-p16/bin:/nix/store/v7ljksji50mg3w61dykaa3n3y79n6nil-patch-2.7.6/bin:/nix/store/zlcnmqq14jz5x9439jf937mvayyl63da-xz-5.2.7-bin/bin:/nix/store/y6aj732zm9m87c82fpvf103a1xb22blp-file-5.43/bin:/nix/store/sgqd0ajghcv2axfl1lad0b1alyavp0dc-prybar-elisp-0.0.0-67f7a00/bin:/nix/store/p3hsvljpgs68jqwar41lc0jqhjj734lf-prybar-lua-0.0.0-67f7a00/bin:/nix/store/qzxs2gybds3s9kb1vkaflpgm2nwr85fh-prybar-python3-0.0.0-67f7a00/bin:/nix/store/km94z9mxp8w4m8gxxp5mbfpdf3nkfvd8-prybar-sqlite-0.0.0-67f7a00/bin:/nix/store/2pnc7b76asw0z59c4l6h6qy8arwqrii1-prybar-tcl-0.0.0-67f7a00/bin:/nix/store/hpbvrlwd5viqmvcaisb3x0118i913a9n-st
LD_LIBRARY_PATH=/nix/store/a4pff549sk2idnkpzk5nsfps3mdkdnvm-cups-2.4.2-lib/lib:/nix/store/72mqxxhh3cy5yifh92wh2yb8cl2hikyy-cairo-1.16.0/lib:/nix/store/2k366jrbsra97gjfxwvrhvixjfxdach5-glib-2.74.1/lib:/nix/store/2j2znigd8ak37rlwh9khz0ry3clqlw1l-gtk+3-3.24.34/lib:/nix/store/hisqvx32cd57apbpcsnkpx6k3549wql1-libglvnd-1.4.0/lib:/nix/store/p36pgcv991mq5srvg765b78yqpxvk3qs-mesa-21.3.3-drivers/lib:/nix/store/mav4251if1ahjq5vkpwycyyvnmy459c4-pulseaudio-14.2/lib
DISPLAY=:0
LANG=en_US.UTF-8

Signal Handlers:
   SIGSEGV: crash_handler in libjvm.so, mask=11100100010111111101111111111110, flags=SA_RESTART|SA_SIGINFO
    SIGBUS: crash_handler in libjvm.so, mask=11100100010111111101111111111110, flags=SA_RESTART|SA_SIGINFO
    SIGFPE: crash_handler in libjvm.so, mask=11100100010111111101111111111110, flags=SA_RESTART|SA_SIGINFO
   SIGPIPE: IsolateEnterStub_IgnoreSIGPIPEStartupHook_noopSignalHandler_8f19bff2f35b5f630d83b364d6b2339320d4ec70_216e8361c6bc87a8f89f58cc10d3b2fd4415bf87 in libjvmcicompiler.so, mask=00000000000000000000000000000000, flags=SA_RESTART
  *** Handler was modified!
  *** Expected: javaSignalHandler in libjvm.so, mask=11100100110111111111111111111110, flags=SA_RESTART|SA_SIGINFO
   SIGXFSZ: javaSignalHandler in libjvm.so, mask=11100100010111111101111111111110, flags=SA_RESTART|SA_SIGINFO
    SIGILL: crash_handler in libjvm.so, mask=11100100010111111101111111111110, flags=SA_RESTART|SA_SIGINFO
   SIGUSR2: SR_handler in libjvm.so, mask=00000000000000000000000000000000, flags=SA_RESTART|SA_SIGINFO
    SIGHUP: UserHandler in libjvm.so, mask=11100100010111111101111111111110, flags=SA_RESTART|SA_SIGINFO
    SIGINT: UserHandler in libjvm.so, mask=11100100010111111101111111111110, flags=SA_RESTART|SA_SIGINFO
   SIGTERM: UserHandler in libjvm.so, mask=11100100010111111101111111111110, flags=SA_RESTART|SA_SIGINFO
   SIGQUIT: UserHandler in libjvm.so, mask=11100100010111111101111111111110, flags=SA_RESTART|SA_SIGINFO
  *** Handler was modified!
  *** Expected: javaSignalHandler in libjvm.so, mask=11100100110111111111111111111110, flags=SA_RESTART|SA_SIGINFO
   SIGTRAP: crash_handler in libjvm.so, mask=11100100010111111101111111111110, flags=SA_RESTART|SA_SIGINFO


---------------  S Y S T E M  ---------------

OS:
DISTRIB_ID=Ubuntu
DISTRIB_RELEASE=20.04
DISTRIB_CODENAME=focal
DISTRIB_DESCRIPTION="Ubuntu 20.04.2 LTS"
uname: Linux 5.15.0-1030-gcp #37~20.04.1-Ubuntu SMP Mon Feb 20 04:30:57 UTC 2023 x86_64
OS uptime: 0 days 6:01 hours
libc: glibc 2.35 NPTL 2.35 
rlimit (soft/hard): STACK 8192k/infinity , CORE infinity/infinity , NPROC infinity/infinity , NOFILE 5242/5242 , AS infinity/infinity , CPU infinity/infinity , DATA infinity/infinity , FSIZE infinity/infinity , MEMLOCK 64k/64k
load average: 15.07 16.80 18.89

/proc/meminfo:
MemTotal:       32872720 kB
MemFree:         2193160 kB
MemAvailable:   10868124 kB
Buffers:          368960 kB
Cached:          5821688 kB
SwapCached:            0 kB
Active:          2981876 kB
Inactive:       21401928 kB
Active(anon):      23268 kB
Inactive(anon): 18047748 kB
Active(file):    2958608 kB
Inactive(file):  3354180 kB
Unevictable:       42600 kB
Mlocked:           42600 kB
SwapTotal:             0 kB
SwapFree:              0 kB
Dirty:              6064 kB
Writeback:            24 kB
AnonPages:      17757324 kB
Mapped:          1735552 kB
Shmem:             76192 kB
KReclaimable:    2836204 kB
Slab:            4609948 kB
SReclaimable:    2836204 kB
SUnreclaim:      1773744 kB
KernelStack:      489248 kB
PageTables:       368460 kB
NFS_Unstable:          0 kB
Bounce:                0 kB
WritebackTmp:          0 kB
CommitLimit:    16436360 kB
Committed_AS:   94997676 kB
VmallocTotal:   34359738367 kB
VmallocUsed:      533516 kB
VmallocChunk:          0 kB
Percpu:            37344 kB
HardwareCorrupted:     0 kB
AnonHugePages:    280576 kB
ShmemHugePages:        0 kB
ShmemPmdMapped:        0 kB
FileHugePages:         0 kB
FilePmdMapped:         0 kB
HugePages_Total:       0
HugePages_Free:        0
HugePages_Rsvd:        0
HugePages_Surp:        0
Hugepagesize:       2048 kB
Hugetlb:               0 kB
DirectMap4k:     4735808 kB
DirectMap2M:    28815360 kB
DirectMap1G:     2097152 kB

/sys/kernel/mm/transparent_hugepage/enabled: always [madvise] never
/sys/kernel/mm/transparent_hugepage/defrag (defrag/compaction efforts parameter): always defer defer+madvise [madvise] never

Process Memory:
Virtual Size: 3874332K (peak: 3910024K)
Resident Set Size: 760772K (peak: 791460K) (anon: 565224K, file: 195548K, shmem: 0K)
Swapped out: 0K
C-Heap outstanding allocations: 43735K, retained: 13640K
glibc malloc tunables: (default)

/proc/sys/kernel/threads-max (system-wide limit on the number of threads): 256750
/proc/sys/vm/max_map_count (maximum number of memory map areas a process may have): 65530
/proc/sys/kernel/pid_max (system-wide limit on number of process identifiers): 4194304

container (cgroup) information:
container_type: cgroupv1
cpu_cpuset_cpus: 1-3
cpu_memory_nodes: 0
active_processor_count: 1
cpu_quota: 50000
cpu_period: 100000
cpu_shares: 512
memory_limit_in_bytes: 1048576 k
memory_and_swap_limit_in_bytes: 1048576 k
memory_soft_limit_in_bytes: 524288 k
memory_usage_in_bytes: 909436 k
memory_max_usage_in_bytes: 930388 k
maximum number of tasks: 1000
current number of tasks: 54

KVM virtualization detected
Steal ticks since vm start: 0
Steal ticks percentage since vm start:  0.000

CPU: total 4 (initial active 1) (4 cores per cpu, 2 threads per core) family 23 model 49 stepping 0 microcode 0xffffffff, cx8, cmov, fxsr, ht, mmx, 3dnowpref, sse, sse2, sse3, ssse3, sse4a, sse4.1, sse4.2, popcnt, lzcnt, tsc, tscinvbit, avx, avx2, aes, clmul, bmi1, bmi2, adx, sha, fma, vzeroupper, clflush, clflushopt, hv
CPU Model and flags from /proc/cpuinfo:
model name	: AMD EPYC 7B12
flags		: fpu vme de pse tsc msr pae mce cx8 apic sep mtrr pge mca cmov pat pse36 clflush mmx fxsr sse sse2 ht syscall nx mmxext fxsr_opt pdpe1gb rdtscp lm constant_tsc rep_good nopl nonstop_tsc cpuid extd_apicid tsc_known_freq pni pclmulqdq ssse3 fma cx16 sse4_1 sse4_2 movbe popcnt aes xsave avx f16c rdrand hypervisor lahf_lm cmp_legacy cr8_legacy abm sse4a misalignsse 3dnowprefetch osvw topoext ssbd ibrs ibpb stibp vmmcall fsgsbase tsc_adjust bmi1 avx2 smep bmi2 rdseed adx smap clflushopt clwb sha_ni xsaveopt xsavec xgetbv1 clzero xsaveerptr arat npt nrip_save umip rdpid

Online cpus: 0-3
Offline cpus: 
BIOS frequency limitation: <Not Available>
Frequency switch latency (ns): <Not Available>
Available cpu frequencies: <Not Available>
Current governor: <Not Available>
Core performance/turbo boost: <Not Available>

Memory: 4k page, physical 1048576k(139140k free), swap 0k(0k free)
Page Sizes: 4k

vm_info: OpenJDK 64-Bit Server VM (17.0.5+8-jvmci-22.3-b08) for linux-amd64 JRE (17.0.5+8-jvmci-22.3-b08), built on Oct 19 2022 09:01:27 by "buildslave" with gcc 10.3.0

END.
