#
# A fatal error has been detected by the Java Runtime Environment:
#
#  Internal Error (jvmciRuntime.cpp:1609), pid=30, tid=44
#  fatal error: Fatal exception in JVMCI: Error calling jdk.vm.ci.services.Services.serializeSavedProperties
#
# JRE version: OpenJDK Runtime Environment GraalVM CE 22.3.0 (17.0.5+8) (build 17.0.5+8-jvmci-22.3-b08)
# Java VM: OpenJDK 64-Bit Server VM GraalVM CE 22.3.0 (17.0.5+8-jvmci-22.3-b08, mixed mode, sharing, tiered, jvmci, jvmci compiler, compressed oops, compressed class ptrs, parallel gc, linux-amd64)
# Problematic frame:
# V  [libjvm.so+0x972714]  JVMCIRuntime::fatal_exception(JVMCIEnv*, char const*)+0x74
#
# Core dump will be written. Default location: Core dumps may be processed with "/usr/share/apport/apport -p%p -s%s -c%c -d%d -P%P -u%u -g%g -- %E" (or dumping to /home/runner/MenuApp/core.30)
#
# If you would like to submit a bug report, please visit:
#   https://github.com/oracle/graal/issues
#

---------------  S U M M A R Y ------------

Command Line: -XX:ThreadPriorityPolicy=1 -XX:+UnlockExperimentalVMOptions -XX:+EnableJVMCIProduct -XX:JVMCIThreadsPerNativeLibraryRuntime=1 -XX:-UnlockExperimentalVMOptions -Declipse.application=org.eclipse.jdt.ls.core.id1 -Dosgi.bundles.defaultStartLevel=4 -Declipse.product=org.eclipse.jdt.ls.core.product -Dlog.level=ALL -Xverify:none -XX:+UseParallelGC -XX:GCTimeRatio=4 -XX:AdaptiveSizePolicyWeight=90 -Dsun.zip.disableMemoryMapping=true -Xmx512m -Xms100m /nix/store/m6gcpi1ii6rghy04cjwjddcavv7i90df-jdt-language-server-1.9.0/share/java/plugins/org.eclipse.equinox.launcher_1.6.400.v20210924-0641.jar --add-modules=ALL-SYSTEM --add-opens java.base/java.util=ALL-UNNAMED --add-opens java.base/java.lang=ALL-UNNAMED -configuration /home/runner/.cache/jdt-language-server/config -data /home/runner/.cache/jdt-language-server/data/home/runner/MenuApp

Host: AMD EPYC 7B12, 8 cores, 1G, Ubuntu 20.04.2 LTS
Time: Sun Mar 12 02:57:22 2023 UTC elapsed time: 903.254954 seconds (0d 0h 15m 3s)

---------------  T H R E A D  ---------------

Current thread (0x00007fdc7c0b21e0):  JavaThread "JVMCI-native CompilerThread0" daemon [_thread_in_vm, id=44, stack(0x00007fdc632b3000,0x00007fdc634b3000)]


Current CompileTask:
JVMCI-native: 903255 11232       4       java.util.AbstractCollection::isEmpty (13 bytes)

Stack: [0x00007fdc632b3000,0x00007fdc634b3000],  sp=0x00007fdc634b1380,  free space=2040k
Native frames: (J=compiled Java code, j=interpreted, Vv=VM code, C=native code)
V  [libjvm.so+0x972714]  JVMCIRuntime::fatal_exception(JVMCIEnv*, char const*)+0x74
V  [libjvm.so+0x93e2fe]  JVMCIEnv::copy_saved_properties()+0x14e
V  [libjvm.so+0x9732a9]  JVMCIRuntime::initialize(JVMCIEnv*)+0xb19
V  [libjvm.so+0x9738a2]  JVMCIRuntime::get_HotSpotJVMCIRuntime(JVMCIEnv*)+0x12
V  [libjvm.so+0x9749f2]  JVMCIRuntime::compile_method(JVMCIEnv*, JVMCICompiler*, methodHandle const&, int)+0xd2
V  [libjvm.so+0x5b0d20]  CompileBroker::invoke_compiler_on_method(CompileTask*)+0x1470
V  [libjvm.so+0x5b12e8]  CompileBroker::compiler_thread_loop()+0x528
V  [libjvm.so+0xd82460]  JavaThread::thread_main_inner()+0xd0
V  [libjvm.so+0xd85a40]  Thread::call_run()+0xc0
V  [libjvm.so+0xbdb1e1]  thread_native_entry(Thread*)+0xe1

Register to memory mapping:

RAX=0x00007fdc8303e000 points into unknown readable memory: 0x0000000000000058 | 58 00 00 00 00 00 00 00
RBX=0x00007fdc84139398: <offset 0x0000000000ef5398> in /nix/store/gpxl5qgg8kicmcvivwmybwjlpf7wh20l-graalvm17-ce-22.3.0/lib/server/libjvm.so at 0x00007fdc83244000
RCX=0x00007fdc840f11e8: <offset 0x0000000000ead1e8> in /nix/store/gpxl5qgg8kicmcvivwmybwjlpf7wh20l-graalvm17-ce-22.3.0/lib/server/libjvm.so at 0x00007fdc83244000
RDX=0x0000000000000649 is an unknown value
RSP=0x00007fdc634b1380 is pointing into the stack for thread: 0x00007fdc7c0b21e0
RBP=0x00007fdc634b13a0 is pointing into the stack for thread: 0x00007fdc7c0b21e0
RSI=0x00007fdc84139c48: <offset 0x0000000000ef5c48> in /nix/store/gpxl5qgg8kicmcvivwmybwjlpf7wh20l-graalvm17-ce-22.3.0/lib/server/libjvm.so at 0x00007fdc83244000
RDI=0x00000000e0000000 is an oop: [B 
{0x00000000e0000000} - klass: {type array byte}
 - length: 13
R8 =0x00007fdc84139398: <offset 0x0000000000ef5398> in /nix/store/gpxl5qgg8kicmcvivwmybwjlpf7wh20l-graalvm17-ce-22.3.0/lib/server/libjvm.so at 0x00007fdc83244000
R9 =0x00007fdc634b1330 is pointing into the stack for thread: 0x00007fdc7c0b21e0
R10=0x00007fdc634b2948 is pointing into the stack for thread: 0x00007fdc7c0b21e0
R11=0x0000000000000293 is an unknown value
R12=0x0 is NULL
R13=0x00007fdc7c0b21e0 is a thread
R14=0x00007fdc7c000b80 points into unknown readable memory: 0x00007fdc8436aa38 | 38 aa 36 84 dc 7f 00 00
R15=0x00007fdc84478e40: <offset 0x0000000001234e40> in /nix/store/gpxl5qgg8kicmcvivwmybwjlpf7wh20l-graalvm17-ce-22.3.0/lib/server/libjvm.so at 0x00007fdc83244000


Registers:
RAX=0x00007fdc8303e000, RBX=0x00007fdc84139398, RCX=0x00007fdc840f11e8, RDX=0x0000000000000649
RSP=0x00007fdc634b1380, RBP=0x00007fdc634b13a0, RSI=0x00007fdc84139c48, RDI=0x00000000e0000000
R8 =0x00007fdc84139398, R9 =0x00007fdc634b1330, R10=0x00007fdc634b2948, R11=0x0000000000000293
R12=0x0000000000000000, R13=0x00007fdc7c0b21e0, R14=0x00007fdc7c000b80, R15=0x00007fdc84478e40
RIP=0x00007fdc83bb6714, EFLAGS=0x0000000000010206, CSGSFS=0x002b000000000033, ERR=0x0000000000000006
  TRAPNO=0x000000000000000e

Top of Stack: (sp=0x00007fdc634b1380)
0x00007fdc634b1380:   00007fdc634b1940 00007fdc7c0b21e0
0x00007fdc634b1390:   00007fdc819cf8c8 0000000800c417a0
0x00007fdc634b13a0:   00007fdc634b1500 00007fdc83b822fe
0x00007fdc634b13b0:   00007fdc634b13e0 00007fdc634b1440 

Instructions: (pc=0x00007fdc83bb6714)
0x00007fdc83bb6614:   30 e8 f6 cf e8 ff 4c 89 e7 e8 2e 48 d1 ff 84 db
0x00007fdc83bb6624:   75 2a 4d 85 ed 74 04 4d 8b 6d 00 48 83 c4 08 44
0x00007fdc83bb6634:   89 f9 4c 89 f2 4c 89 ee 5b 4c 89 e7 41 5c 41 5d
0x00007fdc83bb6644:   41 5e 41 5f 5d e9 e2 47 d1 ff 66 90 48 83 c4 08
0x00007fdc83bb6654:   5b 41 5c 41 5d 41 5e 41 5f 5d c3 90 31 d2 be 08
0x00007fdc83bb6664:   00 00 00 4c 89 ff e8 b1 78 a3 ff 49 89 c5 e9 37
0x00007fdc83bb6674:   ff ff ff 66 0f 1f 84 00 00 00 00 00 48 8b 7a 08
0x00007fdc83bb6684:   e9 6d ff ff ff 0f 1f 80 00 00 00 00 e8 5b 48 0a
0x00007fdc83bb6694:   00 84 c0 75 89 e9 6a ff ff ff 66 90 55 48 89 e5
0x00007fdc83bb66a4:   41 56 41 55 41 54 49 89 fc 53 48 89 f3 66 48 8d
0x00007fdc83bb66b4:   3d 27 5e 85 00 66 66 48 e8 df 43 8d ff 4c 8b 28
0x00007fdc83bb66c4:   8b 05 be 72 8a 00 85 c0 75 14 ba 01 00 00 00 48
0x00007fdc83bb66d4:   8d 0d ae 72 8a 00 f0 0f b1 11 85 c0 74 4e be c8
0x00007fdc83bb66e4:   00 00 00 4c 89 ef e8 01 0b 41 00 48 8d 05 12 ac
0x00007fdc83bb66f4:   85 00 49 89 d8 48 8d 0d e8 aa 53 00 ba 49 06 00
0x00007fdc83bb6704:   00 48 8d 35 3c 35 58 00 bf 00 00 00 e0 48 8b 00
0x00007fdc83bb6714:   c6 00 58 31 c0 e8 e2 91 c6 ff 5b 41 5c 41 5d 41
0x00007fdc83bb6724:   5e 5d e9 55 34 26 00 0f 1f 44 00 00 48 8d 05 81
0x00007fdc83bb6734:   a3 8b 00 48 89 df 4c 8b 30 e8 9e 43 8d ff 48 89
0x00007fdc83bb6744:   de 48 89 c2 49 8b 06 4c 89 f7 ff 50 08 4c 89 f7
0x00007fdc83bb6754:   e8 a7 5c 27 00 4d 85 e4 74 12 be 01 00 00 00 4c
0x00007fdc83bb6764:   89 e7 e8 35 43 fc ff eb 82 0f 1f 00 be 01 00 00
0x00007fdc83bb6774:   00 4c 89 ef e8 d3 fd ff ff e9 6d ff ff ff 66 66
0x00007fdc83bb6784:   2e 0f 1f 84 00 00 00 00 00 0f 1f 00 55 48 89 e5
0x00007fdc83bb6794:   41 57 41 56 41 55 41 54 53 48 81 ec 08 02 00 00
0x00007fdc83bb67a4:   64 48 8b 04 25 28 00 00 00 48 89 45 c8 8b 07 83
0x00007fdc83bb67b4:   f8 02 0f 84 11 04 00 00 4c 8b 6f 18 49 89 ff 49
0x00007fdc83bb67c4:   89 f4 4d 85 ed 74 14 4c 89 ef e8 5d 57 22 00 41
0x00007fdc83bb67d4:   8b 07 83 f8 02 0f 84 19 04 00 00 48 8d 1d 9a 06
0x00007fdc83bb67e4:   8a 00 4c 8d 35 0b 3c 58 00 eb 38 90 48 85 d2 7f
0x00007fdc83bb67f4:   0d 48 8d 05 b4 c0 85 00 48 83 38 00 7e 0e 41 8b
0x00007fdc83bb6804:   77 2c 4c 89 f7 31 c0 e8 a0 b2 f7 ff 49 8b 7f 18 


Stack slot to memory mapping:
stack at sp + 0 slots: 0x00007fdc634b1940 is pointing into the stack for thread: 0x00007fdc7c0b21e0
stack at sp + 1 slots: 0x00007fdc7c0b21e0 is a thread
stack at sp + 2 slots: 0x00007fdc819cf8c8 points into unknown readable memory: 0x6573001880c9ffff | ff ff c9 80 18 00 73 65
stack at sp + 3 slots: 0x0000000800c417a0 is a pointer to class: 
jdk.vm.ci.services.Services {0x0000000800c417a0}
 - instance size:     2
 - klass size:        65
 - access:            public final synchronized 
 - state:             fully_initialized
 - name:              'jdk/vm/ci/services/Services'
 - super:             'java/lang/Object'
 - sub:               
 - arrays:            NULL
 - methods:           Array<T>(0x00007fdc80841158)
 - method ordering:   Array<T>(0x0000000800928960)
 - default_methods:   Array<T>(0x0000000000000000)
 - local interfaces:  Array<T>(0x00000008005ce810)
 - trans. interfaces: Array<T>(0x00000008005ce810)
 - constants:         constant pool [427] {0x00007fdc80840238} for 'jdk/vm/ci/services/Services' cache=0x00007fdc80842428
 - class loader data:  loader data: 0x00007fdc7c0283d0 of 'bootstrap'
 - source file:       'Services.java'
 - class annotations:       Array<T>(0x0000000000000000)
 - class type annotations:  Array<T>(0x0000000000000000)
 - field annotations:       Array<T>(0x0000000000000000)
 - field type annotations:  Array<T>(0x0000000000000000)
 - inner classes:     Array<T>(0x00007fdc808423f8)
 - nest members:     Array<T>(0x00007fdc80842418)
 - permitted subclasses:     Array<T>(0x00000008005ce7a0)
 - java mirror:       a 'java/lang/Class'{0x00000000e0179870} = 'jdk/vm/ci/services/Services'
 - vtable length      5  (start addr: 0x0000000800c41970)
 - itable length      2 (start addr: 0x0000000800c41998)
 - ---- static fields (3 words):
 - public static final 'IS_BUILDING_NATIVE_IMAGE' 'Z' @128 
 - public static final 'IS_IN_NATIVE_IMAGE' 'Z' @129 
 - private static volatile 'savedProperties' 'Ljava/util/Map;' @112 
 - static final 'JVMCI_ENABLED' 'Z' @130 
 - private static final 'servicesCache' 'Ljava/util/Map;' @116 
 - private static final 'MAX_UNICODE_IN_UTF8_LENGTH' 'I' @120 
 - private static final 'MAX_UTF8_PROPERTY_STRING_LENGTH' 'I' @124 
 - ---- non-static fields (0 words):
 - non-static oop maps: 
stack at sp + 4 slots: 0x00007fdc634b1500 is pointing into the stack for thread: 0x00007fdc7c0b21e0
stack at sp + 5 slots: 0x00007fdc83b822fe: <offset 0x000000000093e2fe> in /nix/store/gpxl5qgg8kicmcvivwmybwjlpf7wh20l-graalvm17-ce-22.3.0/lib/server/libjvm.so at 0x00007fdc83244000
stack at sp + 6 slots: 0x00007fdc634b13e0 is pointing into the stack for thread: 0x00007fdc7c0b21e0
stack at sp + 7 slots: 0x00007fdc634b1440 is pointing into the stack for thread: 0x00007fdc7c0b21e0


---------------  P R O C E S S  ---------------

Threads class SMR info:
_java_thread_list=0x00007fdc240aefb0, length=31, elements={
0x00007fdc7c026670, 0x00007fdc7c0a64b0, 0x00007fdc7c0a78f0, 0x00007fdc7c0ae050,
0x00007fdc7c0af400, 0x00007fdc7c0b07f0, 0x00007fdc7c0b21e0, 0x00007fdc7c0b36f0,
0x00007fdc7c0b4b40, 0x00007fdc7c0d8350, 0x00007fdc7c11faf0, 0x00007fdc7c304b00,
0x00007fdc7c3377e0, 0x00007fdc7c33a050, 0x00007fdc7c365e90, 0x00007fdc1401a6a0,
0x00007fdc142ba6b0, 0x00007fdc144986d0, 0x00007fdc146232c0, 0x00007fdc7c32f6f0,
0x00007fdc7c3c8930, 0x00007fdc04008de0, 0x00007fdc24001a80, 0x00007fdbe80c6b00,
0x00007fdbe80c7980, 0x00007fdbe805bc10, 0x00007fdbe8120d70, 0x00007fdbe8132670,
0x00007fdbec000ff0, 0x00007fdbe8104230, 0x00007fdbe8133410
}

Java Threads: ( => current thread )
  0x00007fdc7c026670 JavaThread "main" [_thread_blocked, id=36, stack(0x00007fdc8305f000,0x00007fdc8315f000)]
  0x00007fdc7c0a64b0 JavaThread "Reference Handler" daemon [_thread_blocked, id=39, stack(0x00007fdc81076000,0x00007fdc81176000)]
  0x00007fdc7c0a78f0 JavaThread "Finalizer" daemon [_thread_blocked, id=40, stack(0x00007fdc80700000,0x00007fdc80800000)]
  0x00007fdc7c0ae050 JavaThread "Signal Dispatcher" daemon [_thread_blocked, id=41, stack(0x00007fdc8031a000,0x00007fdc8041a000)]
  0x00007fdc7c0af400 JavaThread "Service Thread" daemon [_thread_blocked, id=42, stack(0x00007fdc8021a000,0x00007fdc8031a000)]
  0x00007fdc7c0b07f0 JavaThread "Monitor Deflation Thread" daemon [_thread_blocked, id=43, stack(0x00007fdc8011a000,0x00007fdc8021a000)]
=>0x00007fdc7c0b21e0 JavaThread "JVMCI-native CompilerThread0" daemon [_thread_in_vm, id=44, stack(0x00007fdc632b3000,0x00007fdc634b3000)]
  0x00007fdc7c0b36f0 JavaThread "C1 CompilerThread0" daemon [_thread_blocked, id=45, stack(0x00007fdc630b3000,0x00007fdc632b3000)]
  0x00007fdc7c0b4b40 JavaThread "Sweeper thread" daemon [_thread_blocked, id=46, stack(0x00007fdc8001a000,0x00007fdc8011a000)]
  0x00007fdc7c0d8350 JavaThread "Common-Cleaner" daemon [_thread_blocked, id=48, stack(0x00007fdc62fb3000,0x00007fdc630b3000)]
  0x00007fdc7c11faf0 JavaThread "Notification Thread" daemon [_thread_blocked, id=58, stack(0x00007fdc62eb3000,0x00007fdc62fb3000)]
  0x00007fdc7c304b00 JavaThread "Active Thread: Equinox Container: 00ea5323-adc7-48de-9efc-da6b39528aaf" [_thread_blocked, id=117, stack(0x00007fdc60900000,0x00007fdc60a00000)]
  0x00007fdc7c3377e0 JavaThread "Framework Event Dispatcher: Equinox Container: 00ea5323-adc7-48de-9efc-da6b39528aaf" daemon [_thread_blocked, id=126, stack(0x00007fdc60700000,0x00007fdc60800000)]
  0x00007fdc7c33a050 JavaThread "Start Level: Equinox Container: 00ea5323-adc7-48de-9efc-da6b39528aaf" daemon [_thread_blocked, id=127, stack(0x00007fdc60500000,0x00007fdc60600000)]
  0x00007fdc7c365e90 JavaThread "Refresh Thread: Equinox Container: 00ea5323-adc7-48de-9efc-da6b39528aaf" daemon [_thread_blocked, id=144, stack(0x00007fdc60300000,0x00007fdc60400000)]
  0x00007fdc1401a6a0 JavaThread "SCR Component Actor" daemon [_thread_blocked, id=161, stack(0x00007fdc60100000,0x00007fdc60200000)]
  0x00007fdc142ba6b0 JavaThread "Worker-JM" [_thread_blocked, id=195, stack(0x00007fdc2ab00000,0x00007fdc2ac00000)]
  0x00007fdc144986d0 JavaThread "Java indexing" daemon [_thread_blocked, id=205, stack(0x00007fdc2a500000,0x00007fdc2a600000)]
  0x00007fdc146232c0 JavaThread "Bundle File Closer" daemon [_thread_blocked, id=214, stack(0x00007fdc2ad00000,0x00007fdc2ae00000)]
  0x00007fdc7c32f6f0 JavaThread "pool-3-thread-1" [_thread_blocked, id=224, stack(0x00007fdc2a100000,0x00007fdc2a200000)]
  0x00007fdc7c3c8930 JavaThread "pool-2-thread-1" [_thread_blocked, id=230, stack(0x00007fdc29f00000,0x00007fdc2a000000)]
  0x00007fdc04008de0 JavaThread "Worker-3" [_thread_blocked, id=234, stack(0x00007fdc29d00000,0x00007fdc29e00000)]
  0x00007fdc24001a80 JavaThread "Worker-6: Compacting resource model" [_thread_blocked, id=324, stack(0x00007fdc2aa00000,0x00007fdc2ab00000)]
  0x00007fdbe80c6b00 JavaThread "Thread-2" [_thread_blocked, id=469, stack(0x00007fdc2a600000,0x00007fdc2a700000)]
  0x00007fdbe80c7980 JavaThread "Thread-4" [_thread_blocked, id=503, stack(0x00007fdc29500000,0x00007fdc29600000)]
  0x00007fdbe805bc10 JavaThread "Thread-20" [_thread_blocked, id=943, stack(0x00007fdc2a700000,0x00007fdc2a800000)]
  0x00007fdbe8120d70 JavaThread "Thread-21" [_thread_blocked, id=952, stack(0x00007fdc2a300000,0x00007fdc2a400000)]
  0x00007fdbe8132670 JavaThread "Thread-25" [_thread_blocked, id=1093, stack(0x00007fdc29b00000,0x00007fdc29c00000)]
  0x00007fdbec000ff0 JavaThread "Worker-8: Publish Diagnostics" [_thread_blocked, id=1222, stack(0x00007fdc60400000,0x00007fdc60500000)]
  0x00007fdbe8104230 JavaThread "Thread-31" [_thread_blocked, id=1251, stack(0x00007fdc60800000,0x00007fdc60900000)]
  0x00007fdbe8133410 JavaThread "Thread-34" [_thread_blocked, id=1303, stack(0x00007fdc29700000,0x00007fdc29800000)]

Other Threads:
  0x00007fdc7c0a1bf0 VMThread "VM Thread" [stack: 0x00007fdc81178000,0x00007fdc81278000] [id=38] _threads_hazard_ptr=0x00007fdc240aefb0
  0x00007fdc7c121490 WatcherThread [stack: 0x00007fdc62db3000,0x00007fdc62eb3000] [id=59]
  0x00007fdc7c03df10 GCTaskThread "GC Thread#0" [stack: 0x00007fdc82c22000,0x00007fdc82d22000] [id=37]

Threads with active compile tasks:
JVMCI-native CompilerThread0   903359 11232       4       java.util.AbstractCollection::isEmpty (13 bytes)

VM state: synchronizing (normal execution)

VM Mutex/Monitor currently owned by a thread:  ([mutex/lock_event])
[0x00007fdc7c023820] Threads_lock - owner thread: 0x00007fdc7c0a1bf0
[0x00007fdc7c023fd0] Heap_lock - owner thread: 0x00007fdc142ba6b0

OutOfMemory and StackOverflow Exception counts:
OutOfMemoryError java_heap_errors=4
LinkageErrors=74

Heap address: 0x00000000e0000000, size: 512 MB, Compressed Oops mode: 32-bit

CDS archive(s) mapped at: [0x0000000800000000-0x0000000800bc8000-0x0000000800bc8000), size 12353536, SharedBaseAddress: 0x0000000800000000, ArchiveRelocationMode: 0.
Compressed class space mapped at: 0x0000000800c00000-0x0000000840c00000, reserved size: 1073741824
Narrow klass base: 0x0000000800000000, Narrow klass shift: 0, Narrow klass range: 0x100000000

GC Precious Log:
 CPUs: 8 total, 1 available
 Memory: 1024M
 Large Page Support: Disabled
 NUMA Support: Disabled
 Compressed Oops: Enabled (32-bit)
 Alignments: Space 512K, Generation 512K, Heap 2M
 Heap Min Capacity: 100M
 Heap Initial Capacity: 100M
 Heap Max Capacity: 512M
 Pre-touch: Disabled
 Parallel Workers: 1

Heap:
 PSYoungGen      total 78848K, used 45056K [0x00000000f5580000, 0x00000000fc500000, 0x0000000100000000)
  eden space 45056K, 100% used [0x00000000f5580000,0x00000000f8180000,0x00000000f8180000)
  from space 33792K, 0% used [0x00000000f8180000,0x00000000f8180000,0x00000000fa280000)
  to   space 23552K, 0% used [0x00000000fa280000,0x00000000fa280000,0x00000000fb980000)
 ParOldGen       total 349696K, used 349696K [0x00000000e0000000, 0x00000000f5580000, 0x00000000f5580000)
  object space 349696K, 100% used [0x00000000e0000000,0x00000000f5580000,0x00000000f5580000)
 Metaspace       used 64215K, committed 65280K, reserved 1114112K
  class space    used 6215K, committed 6720K, reserved 1048576K

Card table byte_map: [0x00007fdc82d22000,0x00007fdc82e23000] _byte_map_base: 0x00007fdc82622000

Marking Bits: (ParMarkBitMap*) 0x00007fdc844724c0
 Begin Bits: [0x00007fdc81b75000, 0x00007fdc82375000)
 End Bits:   [0x00007fdc82375000, 0x00007fdc82b75000)

Polling page: 0x00007fdc8303c000

Metaspace:

Usage:
  Non-class:     56.64 MB used.
      Class:      6.07 MB used.
       Both:     62.71 MB used.

Virtual space:
  Non-class space:       64.00 MB reserved,      57.19 MB ( 89%) committed,  8 nodes.
      Class space:        1.00 GB reserved,       6.56 MB ( <1%) committed,  1 nodes.
             Both:        1.06 GB reserved,      63.75 MB (  6%) committed. 

Chunk freelists:
   Non-Class:  2.13 MB
       Class:  1.53 MB
        Both:  3.66 MB

MaxMetaspaceSize: unlimited
CompressedClassSpaceSize: 1.00 GB
Initial GC threshold: 21.00 MB
Current GC threshold: 106.25 MB
CDS: on
MetaspaceReclaimPolicy: balanced
 - commit_granule_bytes: 65536.
 - commit_granule_words: 8192.
 - virtual_space_node_default_size: 1048576.
 - enlarge_chunks_in_place: 1.
 - new_chunks_are_fully_committed: 0.
 - uncommit_free_chunks: 1.
 - use_allocation_guard: 0.
 - handle_deallocations: 1.


Internal statistics:

num_allocs_failed_limit: 8.
num_arena_births: 532.
num_arena_deaths: 158.
num_vsnodes_births: 9.
num_vsnodes_deaths: 0.
num_space_committed: 1018.
num_space_uncommitted: 0.
num_chunks_returned_to_freelist: 225.
num_chunks_taken_from_freelist: 3087.
num_chunk_merges: 84.
num_chunk_splits: 1991.
num_chunks_enlarged: 1239.
num_purges: 26.
num_inconsistent_stats: 0.

CodeHeap 'non-profiled nmethods': size=120036Kb used=2819Kb max_used=3096Kb free=117216Kb
 bounds [0x00007fdc6af7a000, 0x00007fdc6b28a000, 0x00007fdc724b3000]
CodeHeap 'profiled nmethods': size=120032Kb used=15805Kb max_used=18619Kb free=104226Kb
 bounds [0x00007fdc63a42000, 0x00007fdc64c72000, 0x00007fdc6af7a000]
CodeHeap 'non-nmethods': size=5692Kb used=1396Kb max_used=1406Kb free=4295Kb
 bounds [0x00007fdc634b3000, 0x00007fdc63723000, 0x00007fdc63a42000]
 total_blobs=8413 nmethods=7678 adapters=635
 compilation: enabled
              stopped_count=0, restarted_count=0
 full_count=0

JVMCI Events (20 events):
Event: 650.073 Thread 0x00007fdc7c0b21e0 destroyed JavaVM[2]@0x00007fdc28f9e340 for JVMCI runtime 0
Event: 650.073 Thread 0x00007fdc7c0b21e0 compacted oop handles in JVMCI runtime 0 from 97 to 97
Event: 650.073 Thread 0x00007fdc7c0b21e0 releasing handles for JVMCI runtime 0: oop handles=97, metadata handles={total=1096, live=1095, blocks=45}
Event: 650.073 Thread 0x00007fdc7c0b21e0 detached from JVMCI runtime 0
Event: 652.041 Thread 0x00007fdc7c0b21e0 attached to JVMCI runtime 0
Event: 652.044 Thread 0x00007fdc7c0b21e0 created JavaVM[3]@0x00007fdc28f9e340 for JVMCI runtime 0
Event: 655.151 Thread 0x00007fdc7c0b21e0 initializing JVMCI runtime 0
Event: 655.151 Thread 0x00007fdc7c0b21e0 done waiting for JavaVM references initialization in JVMCI runtime 0
Event: 826.457 Thread 0x00007fdc7c0b21e0 initialized JVMCI runtime 0
Event: 869.474 Thread 0x00007fdc7c0b21e0 detaching from JVMCI runtime 0: releasing idle compiler thread (0 other threads still attached)
Event: 869.474 Thread 0x00007fdc7c0b21e0 shutting down HotSpotJVMCIRuntime for JVMCI runtime 0
Event: 871.107 Thread 0x00007fdc7c0b21e0 shut down JVMCI runtime 0
Event: 871.113 Thread 0x00007fdc7c0b21e0 destroyed JavaVM[3]@0x00007fdc28f9e340 for JVMCI runtime 0
Event: 871.113 Thread 0x00007fdc7c0b21e0 compacted oop handles in JVMCI runtime 0 from 67 to 67
Event: 871.113 Thread 0x00007fdc7c0b21e0 releasing handles for JVMCI runtime 0: oop handles=67, metadata handles={total=121, live=103, blocks=45}
Event: 871.113 Thread 0x00007fdc7c0b21e0 detached from JVMCI runtime 0
Event: 898.276 Thread 0x00007fdc7c0b21e0 attached to JVMCI runtime 0
Event: 898.277 Thread 0x00007fdc7c0b21e0 created JavaVM[4]@0x00007fdc28f9e340 for JVMCI runtime 0
Event: 898.277 Thread 0x00007fdc7c0b21e0 initializing JVMCI runtime 0
Event: 898.277 Thread 0x00007fdc7c0b21e0 done waiting for JavaVM references initialization in JVMCI runtime 0

Compilation events (20 events):
Event: 640.444 Thread 0x00007fdc7c0b21e0 nmethod 11012 0x00007fdc6b207310 code [0x00007fdc6b207480, 0x00007fdc6b2074f0]
Event: 640.444 Thread 0x00007fdc7c0b21e0 11022       4       org.eclipse.jdt.internal.core.JrtPackageFragmentRoot::equals (69 bytes)
Event: 640.449 Thread 0x00007fdc7c0b21e0 nmethod 11022 0x00007fdc6afaad90 code [0x00007fdc6afaaf40, 0x00007fdc6afab220]
Event: 640.449 Thread 0x00007fdc7c0b21e0 11105       4       org.eclipse.jdt.internal.compiler.parser.Parser::concatNodeLists (31 bytes)
Event: 640.450 Thread 0x00007fdc7c0b21e0 nmethod 11105 0x00007fdc6af9e710 code [0x00007fdc6af9e880, 0x00007fdc6af9e940]
Event: 640.450 Thread 0x00007fdc7c0b21e0 11078       4       org.eclipse.jdt.internal.compiler.lookup.TypeSystem::getWildcard (12 bytes)
Event: 646.891 Thread 0x00007fdc7c0b21e0 nmethod 11078 0x00007fdc6afac710 code [0x00007fdc6afac880, 0x00007fdc6afac8e0]
Event: 652.041 Thread 0x00007fdc7c0b21e0 11225       4       jdk.internal.org.objectweb.asm.Symbol::<init> (38 bytes)
Event: 694.863 Thread 0x00007fdc7c0b36f0 11228       3       java.util.concurrent.locks.LockSupport::parkNanos (29 bytes)
Event: 694.864 Thread 0x00007fdc7c0b36f0 nmethod 11228 0x00007fdc63e32910 code [0x00007fdc63e32ae0, 0x00007fdc63e32ce0]
Event: 826.467 Thread 0x00007fdc7c0b21e0 nmethod 11225 0x00007fdc6b029a10 code [0x00007fdc6b029b80, 0x00007fdc6b029c10]
Event: 826.467 Thread 0x00007fdc7c0b21e0 11226       4       jdk.internal.org.objectweb.asm.SymbolTable::put (150 bytes)
Event: 847.688 Thread 0x00007fdc7c0b21e0 nmethod 11226 0x00007fdc6afd5890 code [0x00007fdc6afd5a20, 0x00007fdc6afd5d60]
Event: 847.689 Thread 0x00007fdc7c0b21e0 11227       4       jdk.internal.org.objectweb.asm.SymbolTable::addConstantUtf8Reference (101 bytes)
Event: 866.309 Thread 0x00007fdc7c0b21e0 nmethod 11227 0x00007fdc6b0e8390 code [0x00007fdc6b0e8580, 0x00007fdc6b0e8f20]
Event: 866.309 Thread 0x00007fdc7c0b21e0 11230       4       org.eclipse.jdt.internal.core.NameLookup::seekTypesInWorkingCopies (427 bytes)
Event: 867.965 Thread 0x00007fdc7c0b21e0 nmethod 11230 0x00007fdc6afc6010 code [0x00007fdc6afc61c0, 0x00007fdc6afc64c0]
Event: 890.503 Thread 0x00007fdc7c0b36f0 11231       3       java.util.concurrent.ThreadPoolExecutor::isShutdown (12 bytes)
Event: 893.581 Thread 0x00007fdc7c0b36f0 nmethod 11231 0x00007fdc6426e910 code [0x00007fdc6426eac0, 0x00007fdc6426ecb0]
Event: 898.276 Thread 0x00007fdc7c0b21e0 11232       4       java.util.AbstractCollection::isEmpty (13 bytes)

GC Heap History (20 events):
Event: 887.451 GC heap before
{Heap before GC invocations=483 (full 402):
 PSYoungGen      total 78848K, used 45056K [0x00000000f5580000, 0x00000000fc500000, 0x0000000100000000)
  eden space 45056K, 100% used [0x00000000f5580000,0x00000000f8180000,0x00000000f8180000)
  from space 33792K, 0% used [0x00000000f8180000,0x00000000f8180000,0x00000000fa280000)
  to   space 23552K, 0% used [0x00000000fa280000,0x00000000fa280000,0x00000000fb980000)
 ParOldGen       total 349696K, used 349696K [0x00000000e0000000, 0x00000000f5580000, 0x00000000f5580000)
  object space 349696K, 100% used [0x00000000e0000000,0x00000000f5580000,0x00000000f5580000)
 Metaspace       used 64214K, committed 65280K, reserved 1114112K
  class space    used 6215K, committed 6720K, reserved 1048576K
}
Event: 889.140 GC heap after
{Heap after GC invocations=483 (full 402):
 PSYoungGen      total 68608K, used 45055K [0x00000000f5580000, 0x00000000fc500000, 0x0000000100000000)
  eden space 45056K, 99% used [0x00000000f5580000,0x00000000f817ffe0,0x00000000f8180000)
  from space 23552K, 0% used [0x00000000fa280000,0x00000000fa280000,0x00000000fb980000)
  to   space 33792K, 0% used [0x00000000f8180000,0x00000000f8180000,0x00000000fa280000)
 ParOldGen       total 349696K, used 349695K [0x00000000e0000000, 0x00000000f5580000, 0x00000000f5580000)
  object space 349696K, 99% used [0x00000000e0000000,0x00000000f557ff68,0x00000000f5580000)
 Metaspace       used 64214K, committed 65280K, reserved 1114112K
  class space    used 6215K, committed 6720K, reserved 1048576K
}
Event: 889.146 GC heap before
{Heap before GC invocations=484 (full 403):
 PSYoungGen      total 68608K, used 45055K [0x00000000f5580000, 0x00000000fc500000, 0x0000000100000000)
  eden space 45056K, 99% used [0x00000000f5580000,0x00000000f817fff8,0x00000000f8180000)
  from space 23552K, 0% used [0x00000000fa280000,0x00000000fa280000,0x00000000fb980000)
  to   space 33792K, 0% used [0x00000000f8180000,0x00000000f8180000,0x00000000fa280000)
 ParOldGen       total 349696K, used 349695K [0x00000000e0000000, 0x00000000f5580000, 0x00000000f5580000)
  object space 349696K, 99% used [0x00000000e0000000,0x00000000f557ff68,0x00000000f5580000)
 Metaspace       used 64214K, committed 65280K, reserved 1114112K
  class space    used 6215K, committed 6720K, reserved 1048576K
}
Event: 890.503 GC heap after
{Heap after GC invocations=484 (full 403):
 PSYoungGen      total 78848K, used 45055K [0x00000000f5580000, 0x00000000fc500000, 0x0000000100000000)
  eden space 45056K, 99% used [0x00000000f5580000,0x00000000f817fff8,0x00000000f8180000)
  from space 33792K, 0% used [0x00000000f8180000,0x00000000f8180000,0x00000000fa280000)
  to   space 23552K, 0% used [0x00000000fa280000,0x00000000fa280000,0x00000000fb980000)
 ParOldGen       total 349696K, used 349695K [0x00000000e0000000, 0x00000000f5580000, 0x00000000f5580000)
  object space 349696K, 99% used [0x00000000e0000000,0x00000000f557ff48,0x00000000f5580000)
 Metaspace       used 64214K, committed 65280K, reserved 1114112K
  class space    used 6215K, committed 6720K, reserved 1048576K
}
Event: 890.503 GC heap before
{Heap before GC invocations=485 (full 404):
 PSYoungGen      total 78848K, used 45055K [0x00000000f5580000, 0x00000000fc500000, 0x0000000100000000)
  eden space 45056K, 99% used [0x00000000f5580000,0x00000000f817fff8,0x00000000f8180000)
  from space 33792K, 0% used [0x00000000f8180000,0x00000000f8180000,0x00000000fa280000)
  to   space 23552K, 0% used [0x00000000fa280000,0x00000000fa280000,0x00000000fb980000)
 ParOldGen       total 349696K, used 349695K [0x00000000e0000000, 0x00000000f5580000, 0x00000000f5580000)
  object space 349696K, 99% used [0x00000000e0000000,0x00000000f557ffc0,0x00000000f5580000)
 Metaspace       used 64214K, committed 65280K, reserved 1114112K
  class space    used 6215K, committed 6720K, reserved 1048576K
}
Event: 892.058 GC heap after
{Heap after GC invocations=485 (full 404):
 PSYoungGen      total 68608K, used 45055K [0x00000000f5580000, 0x00000000fc500000, 0x0000000100000000)
  eden space 45056K, 99% used [0x00000000f5580000,0x00000000f817fff8,0x00000000f8180000)
  from space 23552K, 0% used [0x00000000fa280000,0x00000000fa280000,0x00000000fb980000)
  to   space 33792K, 0% used [0x00000000f8180000,0x00000000f8180000,0x00000000fa280000)
 ParOldGen       total 349696K, used 349695K [0x00000000e0000000, 0x00000000f5580000, 0x00000000f5580000)
  object space 349696K, 99% used [0x00000000e0000000,0x00000000f557ffc0,0x00000000f5580000)
 Metaspace       used 64214K, committed 65280K, reserved 1114112K
  class space    used 6215K, committed 6720K, reserved 1048576K
}
Event: 892.058 GC heap before
{Heap before GC invocations=486 (full 405):
 PSYoungGen      total 68608K, used 45055K [0x00000000f5580000, 0x00000000fc500000, 0x0000000100000000)
  eden space 45056K, 99% used [0x00000000f5580000,0x00000000f817fff8,0x00000000f8180000)
  from space 23552K, 0% used [0x00000000fa280000,0x00000000fa280000,0x00000000fb980000)
  to   space 33792K, 0% used [0x00000000f8180000,0x00000000f8180000,0x00000000fa280000)
 ParOldGen       total 349696K, used 349695K [0x00000000e0000000, 0x00000000f5580000, 0x00000000f5580000)
  object space 349696K, 99% used [0x00000000e0000000,0x00000000f557ffc0,0x00000000f5580000)
 Metaspace       used 64214K, committed 65280K, reserved 1114112K
  class space    used 6215K, committed 6720K, reserved 1048576K
}
Event: 893.581 GC heap after
{Heap after GC invocations=486 (full 405):
 PSYoungGen      total 78848K, used 45055K [0x00000000f5580000, 0x00000000fc500000, 0x0000000100000000)
  eden space 45056K, 99% used [0x00000000f5580000,0x00000000f817fff8,0x00000000f8180000)
  from space 33792K, 0% used [0x00000000f8180000,0x00000000f8180000,0x00000000fa280000)
  to   space 23552K, 0% used [0x00000000fa280000,0x00000000fa280000,0x00000000fb980000)
 ParOldGen       total 349696K, used 349695K [0x00000000e0000000, 0x00000000f5580000, 0x00000000f5580000)
  object space 349696K, 99% used [0x00000000e0000000,0x00000000f557ffc0,0x00000000f5580000)
 Metaspace       used 64214K, committed 65280K, reserved 1114112K
  class space    used 6215K, committed 6720K, reserved 1048576K
}
Event: 893.582 GC heap before
{Heap before GC invocations=487 (full 406):
 PSYoungGen      total 78848K, used 45055K [0x00000000f5580000, 0x00000000fc500000, 0x0000000100000000)
  eden space 45056K, 99% used [0x00000000f5580000,0x00000000f817fff8,0x00000000f8180000)
  from space 33792K, 0% used [0x00000000f8180000,0x00000000f8180000,0x00000000fa280000)
  to   space 23552K, 0% used [0x00000000fa280000,0x00000000fa280000,0x00000000fb980000)
 ParOldGen       total 349696K, used 349695K [0x00000000e0000000, 0x00000000f5580000, 0x00000000f5580000)
  object space 349696K, 99% used [0x00000000e0000000,0x00000000f557fff8,0x00000000f5580000)
 Metaspace       used 64214K, committed 65280K, reserved 1114112K
  class space    used 6215K, committed 6720K, reserved 1048576K
}
Event: 895.158 GC heap after
{Heap after GC invocations=487 (full 406):
 PSYoungGen      total 68608K, used 45055K [0x00000000f5580000, 0x00000000fc500000, 0x0000000100000000)
  eden space 45056K, 99% used [0x00000000f5580000,0x00000000f817ffe0,0x00000000f8180000)
  from space 23552K, 0% used [0x00000000fa280000,0x00000000fa280000,0x00000000fb980000)
  to   space 33792K, 0% used [0x00000000f8180000,0x00000000f8180000,0x00000000fa280000)
 ParOldGen       total 349696K, used 349695K [0x00000000e0000000, 0x00000000f5580000, 0x00000000f5580000)
  object space 349696K, 99% used [0x00000000e0000000,0x00000000f557fe98,0x00000000f5580000)
 Metaspace       used 64214K, committed 65280K, reserved 1114112K
  class space    used 6215K, committed 6720K, reserved 1048576K
}
Event: 895.159 GC heap before
{Heap before GC invocations=488 (full 407):
 PSYoungGen      total 68608K, used 45055K [0x00000000f5580000, 0x00000000fc500000, 0x0000000100000000)
  eden space 45056K, 99% used [0x00000000f5580000,0x00000000f817fff8,0x00000000f8180000)
  from space 23552K, 0% used [0x00000000fa280000,0x00000000fa280000,0x00000000fb980000)
  to   space 33792K, 0% used [0x00000000f8180000,0x00000000f8180000,0x00000000fa280000)
 ParOldGen       total 349696K, used 349695K [0x00000000e0000000, 0x00000000f5580000, 0x00000000f5580000)
  object space 349696K, 99% used [0x00000000e0000000,0x00000000f557fe98,0x00000000f5580000)
 Metaspace       used 64214K, committed 65280K, reserved 1114112K
  class space    used 6215K, committed 6720K, reserved 1048576K
}
Event: 896.583 GC heap after
{Heap after GC invocations=488 (full 407):
 PSYoungGen      total 78848K, used 45055K [0x00000000f5580000, 0x00000000fc500000, 0x0000000100000000)
  eden space 45056K, 99% used [0x00000000f5580000,0x00000000f817fff8,0x00000000f8180000)
  from space 33792K, 0% used [0x00000000f8180000,0x00000000f8180000,0x00000000fa280000)
  to   space 23552K, 0% used [0x00000000fa280000,0x00000000fa280000,0x00000000fb980000)
 ParOldGen       total 349696K, used 349695K [0x00000000e0000000, 0x00000000f5580000, 0x00000000f5580000)
  object space 349696K, 99% used [0x00000000e0000000,0x00000000f557fe98,0x00000000f5580000)
 Metaspace       used 64214K, committed 65280K, reserved 1114112K
  class space    used 6215K, committed 6720K, reserved 1048576K
}
Event: 896.584 GC heap before
{Heap before GC invocations=489 (full 408):
 PSYoungGen      total 78848K, used 45055K [0x00000000f5580000, 0x00000000fc500000, 0x0000000100000000)
  eden space 45056K, 99% used [0x00000000f5580000,0x00000000f817fff8,0x00000000f8180000)
  from space 33792K, 0% used [0x00000000f8180000,0x00000000f8180000,0x00000000fa280000)
  to   space 23552K, 0% used [0x00000000fa280000,0x00000000fa280000,0x00000000fb980000)
 ParOldGen       total 349696K, used 349695K [0x00000000e0000000, 0x00000000f5580000, 0x00000000f5580000)
  object space 349696K, 99% used [0x00000000e0000000,0x00000000f557ffe0,0x00000000f5580000)
 Metaspace       used 64215K, committed 65280K, reserved 1114112K
  class space    used 6215K, committed 6720K, reserved 1048576K
}
Event: 898.275 GC heap after
{Heap after GC invocations=489 (full 408):
 PSYoungGen      total 68608K, used 45055K [0x00000000f5580000, 0x00000000fc500000, 0x0000000100000000)
  eden space 45056K, 99% used [0x00000000f5580000,0x00000000f817ffe0,0x00000000f8180000)
  from space 23552K, 0% used [0x00000000fa280000,0x00000000fa280000,0x00000000fb980000)
  to   space 33792K, 0% used [0x00000000f8180000,0x00000000f8180000,0x00000000fa280000)
 ParOldGen       total 349696K, used 349695K [0x00000000e0000000, 0x00000000f5580000, 0x00000000f5580000)
  object space 349696K, 99% used [0x00000000e0000000,0x00000000f557ff40,0x00000000f5580000)
 Metaspace       used 64215K, committed 65280K, reserved 1114112K
  class space    used 6215K, committed 6720K, reserved 1048576K
}
Event: 898.277 GC heap before
{Heap before GC invocations=490 (full 409):
 PSYoungGen      total 68608K, used 45056K [0x00000000f5580000, 0x00000000fc500000, 0x0000000100000000)
  eden space 45056K, 100% used [0x00000000f5580000,0x00000000f8180000,0x00000000f8180000)
  from space 23552K, 0% used [0x00000000fa280000,0x00000000fa280000,0x00000000fb980000)
  to   space 33792K, 0% used [0x00000000f8180000,0x00000000f8180000,0x00000000fa280000)
 ParOldGen       total 349696K, used 349696K [0x00000000e0000000, 0x00000000f5580000, 0x00000000f5580000)
  object space 349696K, 100% used [0x00000000e0000000,0x00000000f5580000,0x00000000f5580000)
 Metaspace       used 64215K, committed 65280K, reserved 1114112K
  class space    used 6215K, committed 6720K, reserved 1048576K
}
Event: 899.863 GC heap after
{Heap after GC invocations=490 (full 409):
 PSYoungGen      total 78848K, used 45055K [0x00000000f5580000, 0x00000000fc500000, 0x0000000100000000)
  eden space 45056K, 99% used [0x00000000f5580000,0x00000000f817ffd0,0x00000000f8180000)
  from space 33792K, 0% used [0x00000000f8180000,0x00000000f8180000,0x00000000fa280000)
  to   space 23552K, 0% used [0x00000000fa280000,0x00000000fa280000,0x00000000fb980000)
 ParOldGen       total 349696K, used 349695K [0x00000000e0000000, 0x00000000f5580000, 0x00000000f5580000)
  object space 349696K, 99% used [0x00000000e0000000,0x00000000f557ffe0,0x00000000f5580000)
 Metaspace       used 64215K, committed 65280K, reserved 1114112K
  class space    used 6215K, committed 6720K, reserved 1048576K
}
Event: 899.863 GC heap before
{Heap before GC invocations=491 (full 410):
 PSYoungGen      total 78848K, used 45056K [0x00000000f5580000, 0x00000000fc500000, 0x0000000100000000)
  eden space 45056K, 100% used [0x00000000f5580000,0x00000000f8180000,0x00000000f8180000)
  from space 33792K, 0% used [0x00000000f8180000,0x00000000f8180000,0x00000000fa280000)
  to   space 23552K, 0% used [0x00000000fa280000,0x00000000fa280000,0x00000000fb980000)
 ParOldGen       total 349696K, used 349695K [0x00000000e0000000, 0x00000000f5580000, 0x00000000f5580000)
  object space 349696K, 99% used [0x00000000e0000000,0x00000000f557ffe0,0x00000000f5580000)
 Metaspace       used 64215K, committed 65280K, reserved 1114112K
  class space    used 6215K, committed 6720K, reserved 1048576K
}
Event: 901.599 GC heap after
{Heap after GC invocations=491 (full 410):
 PSYoungGen      total 68608K, used 45055K [0x00000000f5580000, 0x00000000fc500000, 0x0000000100000000)
  eden space 45056K, 99% used [0x00000000f5580000,0x00000000f817ffe0,0x00000000f8180000)
  from space 23552K, 0% used [0x00000000fa280000,0x00000000fa280000,0x00000000fb980000)
  to   space 33792K, 0% used [0x00000000f8180000,0x00000000f8180000,0x00000000fa280000)
 ParOldGen       total 349696K, used 349695K [0x00000000e0000000, 0x00000000f5580000, 0x00000000f5580000)
  object space 349696K, 99% used [0x00000000e0000000,0x00000000f557ffe0,0x00000000f5580000)
 Metaspace       used 64215K, committed 65280K, reserved 1114112K
  class space    used 6215K, committed 6720K, reserved 1048576K
}
Event: 901.599 GC heap before
{Heap before GC invocations=492 (full 411):
 PSYoungGen      total 68608K, used 45055K [0x00000000f5580000, 0x00000000fc500000, 0x0000000100000000)
  eden space 45056K, 99% used [0x00000000f5580000,0x00000000f817ffe0,0x00000000f8180000)
  from space 23552K, 0% used [0x00000000fa280000,0x00000000fa280000,0x00000000fb980000)
  to   space 33792K, 0% used [0x00000000f8180000,0x00000000f8180000,0x00000000fa280000)
 ParOldGen       total 349696K, used 349695K [0x00000000e0000000, 0x00000000f5580000, 0x00000000f5580000)
  object space 349696K, 99% used [0x00000000e0000000,0x00000000f557ffe0,0x00000000f5580000)
 Metaspace       used 64215K, committed 65280K, reserved 1114112K
  class space    used 6215K, committed 6720K, reserved 1048576K
}
Event: 903.246 GC heap after
{Heap after GC invocations=492 (full 411):
 PSYoungGen      total 78848K, used 45055K [0x00000000f5580000, 0x00000000fc500000, 0x0000000100000000)
  eden space 45056K, 99% used [0x00000000f5580000,0x00000000f817ffe0,0x00000000f8180000)
  from space 33792K, 0% used [0x00000000f8180000,0x00000000f8180000,0x00000000fa280000)
  to   space 23552K, 0% used [0x00000000fa280000,0x00000000fa280000,0x00000000fb980000)
 ParOldGen       total 349696K, used 349695K [0x00000000e0000000, 0x00000000f5580000, 0x00000000f5580000)
  object space 349696K, 99% used [0x00000000e0000000,0x00000000f557ffe0,0x00000000f5580000)
 Metaspace       used 64215K, committed 65280K, reserved 1114112K
  class space    used 6215K, committed 6720K, reserved 1048576K
}

Dll operation events (9 events):
Event: 0.003 Loaded shared library /nix/store/gpxl5qgg8kicmcvivwmybwjlpf7wh20l-graalvm17-ce-22.3.0/lib/libjava.so
Event: 0.026 Loaded shared library /nix/store/gpxl5qgg8kicmcvivwmybwjlpf7wh20l-graalvm17-ce-22.3.0/lib/libjsvml.so
Event: 0.641 Loaded shared library /nix/store/gpxl5qgg8kicmcvivwmybwjlpf7wh20l-graalvm17-ce-22.3.0/lib/libnio.so
Event: 0.679 Loaded shared library /nix/store/gpxl5qgg8kicmcvivwmybwjlpf7wh20l-graalvm17-ce-22.3.0/lib/libzip.so
Event: 0.691 Loaded shared library /nix/store/gpxl5qgg8kicmcvivwmybwjlpf7wh20l-graalvm17-ce-22.3.0/lib/libjvmcicompiler.so
Event: 1.912 Loaded shared library /nix/store/gpxl5qgg8kicmcvivwmybwjlpf7wh20l-graalvm17-ce-22.3.0/lib/libjimage.so
Event: 2.642 Loaded shared library /nix/store/gpxl5qgg8kicmcvivwmybwjlpf7wh20l-graalvm17-ce-22.3.0/lib/libnet.so
Event: 17.936 Loaded shared library /home/runner/.cache/jdt-language-server/config/org.eclipse.equinox.launcher/org.eclipse.equinox.launcher.gtk.linux.x86_64_1.2.400.v20211117-0650/eclipse_11600.so
Event: 48.446 Loaded shared library /nix/store/gpxl5qgg8kicmcvivwmybwjlpf7wh20l-graalvm17-ce-22.3.0/lib/libextnet.so

Deoptimization events (20 events):
Event: 166.752 Thread 0x00007fdc144986d0 DEOPT PACKING pc=0x00007fdc64ad215d sp=0x00007fdc2a5fe530
Event: 166.752 Thread 0x00007fdc144986d0 DEOPT UNPACKING pc=0x00007fdc63505325 sp=0x00007fdc2a5fda20 mode 0
Event: 167.751 Thread 0x00007fdbe805bc10 DEOPT PACKING pc=0x00007fdc63a42a02 sp=0x00007fdc604fca90
Event: 167.751 Thread 0x00007fdbe805bc10 DEOPT UNPACKING pc=0x00007fdc63505325 sp=0x00007fdc604fbf28 mode 0
Event: 168.053 Thread 0x00007fdbe805bc10 DEOPT PACKING pc=0x00007fdc64495a47 sp=0x00007fdc604fd800
Event: 168.053 Thread 0x00007fdbe805bc10 DEOPT UNPACKING pc=0x00007fdc63505325 sp=0x00007fdc604fccb0 mode 0
Event: 174.456 Thread 0x00007fdbe805bc10 DEOPT PACKING pc=0x00007fdc64b32c6b sp=0x00007fdc604fcb00
Event: 174.456 Thread 0x00007fdbe805bc10 DEOPT UNPACKING pc=0x00007fdc63505325 sp=0x00007fdc604fc188 mode 0
Event: 174.480 Thread 0x00007fdbe805bc10 DEOPT PACKING pc=0x00007fdc64b32d29 sp=0x00007fdc604fc510
Event: 174.480 Thread 0x00007fdbe805bc10 DEOPT UNPACKING pc=0x00007fdc63505325 sp=0x00007fdc604fbb98 mode 0
Event: 221.975 Thread 0x00007fdc7c0b21e0 DEOPT PACKING pc=0x00007fdc640727b2 sp=0x00007fdc634b0ef0
Event: 221.975 Thread 0x00007fdc7c0b21e0 DEOPT UNPACKING pc=0x00007fdc63505325 sp=0x00007fdc634b0458 mode 0
Event: 281.047 Thread 0x00007fdbe81039b0 DEOPT PACKING pc=0x00007fdc64961782 sp=0x00007fdc297fcf70
Event: 281.047 Thread 0x00007fdbe81039b0 DEOPT UNPACKING pc=0x00007fdc63505325 sp=0x00007fdc297fc448 mode 0
Event: 879.545 Thread 0x00007fdbe8133410 Uncommon trap: trap_request=0xffffffed fr.pc=0x00007fdc6b0412b6 relative=0x00000000000006f6
Event: 879.545 Thread 0x00007fdbe8133410 Uncommon trap: reason=null_assert_or_unreached0 action=reinterpret pc=0x00007fdc6b0412b6 method=org.eclipse.jdt.internal.core.NameLookup.seekTypesInBinaryPackage(Ljava/lang/String;Lorg/eclipse/jdt/core/IPackageFragment;ZILorg/eclipse/jdt/internal/core/IJa
Event: 879.545 Thread 0x00007fdbe8133410 DEOPT PACKING pc=0x00007fdc6b0412b6 sp=0x00007fdc297fdaf0
Event: 879.545 Thread 0x00007fdbe8133410 DEOPT UNPACKING pc=0x00007fdc63505325 sp=0x00007fdc297fcf38 mode 3
Event: 893.582 Thread 0x00007fdbec000ff0 DEOPT PACKING pc=0x00007fdc6b228f6c sp=0x00007fdc604fcf20
Event: 893.582 Thread 0x00007fdbec000ff0 DEOPT UNPACKING pc=0x00007fdc63505325 sp=0x00007fdc604fc250 mode 1

Classes unloaded (20 events):
Event: 220.049 Thread 0x00007fdc7c0a1bf0 Unloading class 0x000000080111c400 'jdk/internal/reflect/GeneratedSerializationConstructorAccessor8'
Event: 220.049 Thread 0x00007fdc7c0a1bf0 Unloading class 0x000000080110b000 'jdk/internal/reflect/GeneratedSerializationConstructorAccessor7'
Event: 220.049 Thread 0x00007fdc7c0a1bf0 Unloading class 0x000000080110ac00 'jdk/internal/reflect/GeneratedSerializationConstructorAccessor6'
Event: 220.049 Thread 0x00007fdc7c0a1bf0 Unloading class 0x000000080110a800 'jdk/internal/reflect/GeneratedSerializationConstructorAccessor5'
Event: 220.049 Thread 0x00007fdc7c0a1bf0 Unloading class 0x000000080110a400 'jdk/internal/reflect/GeneratedSerializationConstructorAccessor4'
Event: 220.049 Thread 0x00007fdc7c0a1bf0 Unloading class 0x00000008010d8000 'jdk/internal/reflect/GeneratedSerializationConstructorAccessor3'
Event: 220.049 Thread 0x00007fdc7c0a1bf0 Unloading class 0x000000080109a400 'jdk/internal/reflect/GeneratedSerializationConstructorAccessor2'
Event: 220.049 Thread 0x00007fdc7c0a1bf0 Unloading class 0x000000080109a000 'jdk/internal/reflect/GeneratedSerializationConstructorAccessor1'
Event: 224.707 Thread 0x00007fdc7c0a1bf0 Unloading class 0x00000008010fc800 'jdk/internal/reflect/GeneratedMethodAccessor10'
Event: 224.707 Thread 0x00007fdc7c0a1bf0 Unloading class 0x00000008010fc400 'jdk/internal/reflect/GeneratedMethodAccessor9'
Event: 224.707 Thread 0x00007fdc7c0a1bf0 Unloading class 0x00000008010fc000 'jdk/internal/reflect/GeneratedMethodAccessor8'
Event: 224.707 Thread 0x00007fdc7c0a1bf0 Unloading class 0x00000008010f1c00 'jdk/internal/reflect/GeneratedMethodAccessor7'
Event: 255.553 Thread 0x00007fdc7c0a1bf0 Unloading class 0x000000080111d400 'jdk/internal/reflect/GeneratedMethodAccessor11'
Event: 287.858 Thread 0x00007fdc7c0a1bf0 Unloading class 0x0000000801280000 'jdk/internal/reflect/GeneratedConstructorAccessor44'
Event: 287.858 Thread 0x00007fdc7c0a1bf0 Unloading class 0x000000080111c000 'jdk/internal/reflect/GeneratedConstructorAccessor36'
Event: 423.743 Thread 0x00007fdc7c0a1bf0 Unloading class 0x0000000801280000 'java/lang/invoke/LambdaForm$MH+0x0000000801280000'
Event: 529.452 Thread 0x00007fdc7c0a1bf0 Unloading class 0x000000080112c800 'java/lang/invoke/LambdaForm$MH+0x000000080112c800'
Event: 622.454 Thread 0x00007fdc7c0a1bf0 Unloading class 0x0000000801280000 'java/lang/invoke/LambdaForm$MH+0x0000000801280000'
Event: 694.349 Thread 0x00007fdc7c0a1bf0 Unloading class 0x000000080112c800 'java/lang/invoke/LambdaForm$MH+0x000000080112c800'
Event: 758.581 Thread 0x00007fdc7c0a1bf0 Unloading class 0x0000000801280000 'java/lang/invoke/LambdaForm$MH+0x0000000801280000'

Classes redefined (0 events):
No events

Internal exceptions (20 events):
Event: 90.246 Thread 0x00007fdc24001a80 Exception <a 'java/io/FileNotFoundException'{0x00000000f6381f70}> (0x00000000f6381f70) 
thrown [src/hotspot/share/prims/jni.cpp, line 516]
Event: 90.346 Thread 0x00007fdc040d5310 Exception <a 'java/lang/NoSuchMethodError'{0x00000000f64e5590}: 'java.lang.Object java.lang.invoke.DirectMethodHandle$Holder.newInvokeSpecial(java.lang.Object, java.lang.Object, int, java.lang.Object, java.lang.Object)'> (0x00000000f64e5590) 
thrown [src/hotspot/share/interpreter/linkResolver.cpp, line 758]
Event: 90.346 Thread 0x00007fdc040d5310 Exception <a 'java/lang/NoSuchMethodError'{0x00000000f64e99c0}: 'java.lang.Object java.lang.invoke.DirectMethodHandle$Holder.invokeSpecial(java.lang.Object, java.lang.Object, java.lang.Object, int, java.lang.Object, java.lang.Object)'> (0x00000000f64e99c0) 
thrown [src/hotspot/share/interpreter/linkResolver.cpp, line 758]
Event: 90.843 Thread 0x00007fdc040d5310 Exception <a 'java/lang/NoSuchMethodError'{0x00000000f5c1caa8}: 'java.lang.Object java.lang.invoke.DirectMethodHandle$Holder.newInvokeSpecial(java.lang.Object, java.lang.Object, java.lang.Object, int, java.lang.Object)'> (0x00000000f5c1caa8) 
thrown [src/hotspot/share/interpreter/linkResolver.cpp, line 758]
Event: 90.846 Thread 0x00007fdc040d5310 Exception <a 'java/lang/NoSuchMethodError'{0x00000000f5c5a148}: 'java.lang.Object java.lang.invoke.DirectMethodHandle$Holder.invokeSpecial(java.lang.Object, java.lang.Object, java.lang.Object, java.lang.Object, int, java.lang.Object)'> (0x00000000f5c5a148) 
thrown [src/hotspot/share/interpreter/linkResolver.cpp, line 758]
Event: 90.847 Thread 0x00007fdc040d5310 Exception <a 'java/lang/NoSuchMethodError'{0x00000000f5c5dc30}: 'java.lang.Object java.lang.invoke.Invokers$Holder.linkToTargetMethod(java.lang.Object, java.lang.Object, int, java.lang.Object, java.lang.Object)'> (0x00000000f5c5dc30) 
thrown [src/hotspot/share/interpreter/linkResolver.cpp, line 758]
Event: 94.065 Thread 0x00007fdbf0035a30 Implicit null exception at 0x00007fdc6b0c12e9 to 0x00007fdc6b0c149b
Event: 105.970 Thread 0x00007fdbf80010d0 Exception <a 'java/lang/NoSuchMethodError'{0x00000000f5da8b60}: 'java.lang.Object java.lang.invoke.DirectMethodHandle$Holder.invokeStatic(java.lang.Object, java.lang.Object, int, java.lang.Object)'> (0x00000000f5da8b60) 
thrown [src/hotspot/share/interpreter/linkResolver.cpp, line 758]
Event: 105.973 Thread 0x00007fdbf80010d0 Exception <a 'java/lang/NoSuchMethodError'{0x00000000f5db3d68}: 'java.lang.Object java.lang.invoke.DirectMethodHandle$Holder.newInvokeSpecial(java.lang.Object, java.lang.Object, int)'> (0x00000000f5db3d68) 
thrown [src/hotspot/share/interpreter/linkResolver.cpp, line 758]
Event: 111.855 Thread 0x00007fdbe80c7980 Exception <a 'java/lang/NoSuchMethodError'{0x00000000f5c58f68}: 'java.lang.Object java.lang.invoke.DirectMethodHandle$Holder.invokeStatic(java.lang.Object, int, java.lang.Object, java.lang.Object, java.lang.Object, java.lang.Object)'> (0x00000000f5c58f68) 
thrown [src/hotspot/share/interpreter/linkResolver.cpp, line 758]
Event: 111.856 Thread 0x00007fdbe80c7980 Exception <a 'java/lang/NoSuchMethodError'{0x00000000f5c618e0}: 'java.lang.Object java.lang.invoke.DirectMethodHandle$Holder.newInvokeSpecial(java.lang.Object, int, java.lang.Object, java.lang.Object, java.lang.Object)'> (0x00000000f5c618e0) 
thrown [src/hotspot/share/interpreter/linkResolver.cpp, line 758]
Event: 112.966 Thread 0x00007fdbe80c7980 Exception <a 'java/lang/NoSuchMethodError'{0x00000000f5695c38}: 'void java.lang.invoke.DirectMethodHandle$Holder.invokeSpecial(java.lang.Object, java.lang.Object, int)'> (0x00000000f5695c38) 
thrown [src/hotspot/share/interpreter/linkResolver.cpp, line 758]
Event: 114.561 Thread 0x00007fdbe80c7980 Exception <a 'java/lang/NoSuchMethodError'{0x00000000f5b19698}: 'int java.lang.invoke.DirectMethodHandle$Holder.invokeSpecialIFC(java.lang.Object, java.lang.Object, java.lang.Object, java.lang.Object)'> (0x00000000f5b19698) 
thrown [src/hotspot/share/interpreter/linkResolver.cpp, line 758]
Event: 115.368 Thread 0x00007fdc144986d0 Implicit null exception at 0x00007fdc6b1a5292 to 0x00007fdc6b1a8ea6
Event: 141.247 Thread 0x00007fdbe805ad70 Implicit null exception at 0x00007fdc6b2074b0 to 0x00007fdc6b207519
Event: 167.739 Thread 0x00007fdbe805bc10 Exception <a 'java/lang/NoSuchMethodError'{0x00000000f7b24cf0}: 'java.lang.Object java.lang.invoke.DirectMethodHandle$Holder.newInvokeSpecial(java.lang.Object, java.lang.Object, int, java.lang.Object, java.lang.Object, java.lang.Object, java.lang.Object)'> (0x00000000f7b24cf0) 
thrown [src/hotspot/share/interpreter/linkResolver.cpp, line 758]
Event: 288.448 Thread 0x00007fdbe8132bf0 Exception <a 'java/lang/OutOfMemoryError'{0x00000000e000f880}> (0x00000000e000f880) 
thrown [src/hotspot/share/gc/shared/memAllocator.cpp, line 136]
Event: 755.778 Thread 0x00007fdbe8132bf0 Exception <a 'java/lang/OutOfMemoryError'{0x00000000e000fb50}> (0x00000000e000fb50) 
thrown [src/hotspot/share/gc/shared/memAllocator.cpp, line 136]
Event: 893.582 Thread 0x00007fdbec000ff0 Exception <a 'java/lang/OutOfMemoryError'{0x00000000e000fe70}> (0x00000000e000fe70) 
thrown [src/hotspot/share/gc/shared/memAllocator.cpp, line 136]
Event: 903.246 Thread 0x00007fdc7c0b21e0 Exception <a 'java/lang/OutOfMemoryError'{0x00000000e000fe70}> (0x00000000e000fe70) 
thrown [src/hotspot/share/gc/shared/memAllocator.cpp, line 136]

VM Operations (20 events):
Event: 884.256 Executing VM operation: ParallelGCFailedAllocation
Event: 885.851 Executing VM operation: ParallelGCFailedAllocation done
Event: 885.851 Executing VM operation: ParallelGCFailedAllocation
Event: 887.451 Executing VM operation: ParallelGCFailedAllocation done
Event: 887.451 Executing VM operation: ParallelGCFailedAllocation
Event: 889.140 Executing VM operation: ParallelGCFailedAllocation done
Event: 889.140 Executing VM operation: ParallelGCFailedAllocation
Event: 890.503 Executing VM operation: ParallelGCFailedAllocation done
Event: 890.503 Executing VM operation: ParallelGCFailedAllocation
Event: 893.582 Executing VM operation: ParallelGCFailedAllocation done
Event: 893.582 Executing VM operation: ParallelGCFailedAllocation
Event: 895.158 Executing VM operation: ParallelGCFailedAllocation done
Event: 895.158 Executing VM operation: ParallelGCFailedAllocation
Event: 896.583 Executing VM operation: ParallelGCFailedAllocation done
Event: 896.584 Executing VM operation: ParallelGCFailedAllocation
Event: 898.277 Executing VM operation: ParallelGCFailedAllocation done
Event: 898.277 Executing VM operation: ParallelGCFailedAllocation
Event: 899.863 Executing VM operation: ParallelGCFailedAllocation done
Event: 899.863 Executing VM operation: ParallelGCFailedAllocation
Event: 903.246 Executing VM operation: ParallelGCFailedAllocation done

Events (20 events):
Event: 569.641 Thread 0x00007fdc7c0b4b40 flushing nmethod 0x00007fdc64b63a90
Event: 569.641 Thread 0x00007fdc7c0b4b40 flushing nmethod 0x00007fdc64b65090
Event: 569.641 Thread 0x00007fdc7c0b4b40 flushing nmethod 0x00007fdc64b66390
Event: 569.641 Thread 0x00007fdc7c0b4b40 flushing nmethod 0x00007fdc64b66d10
Event: 569.641 Thread 0x00007fdc7c0b4b40 flushing nmethod 0x00007fdc64b68990
Event: 569.641 Thread 0x00007fdc7c0b4b40 flushing nmethod 0x00007fdc64b69590
Event: 569.641 Thread 0x00007fdc7c0b4b40 flushing nmethod 0x00007fdc64b69f90
Event: 569.641 Thread 0x00007fdc7c0b4b40 flushing nmethod 0x00007fdc64b6ee90
Event: 569.641 Thread 0x00007fdc7c0b4b40 flushing nmethod 0x00007fdc64b6fa90
Event: 569.641 Thread 0x00007fdc7c0b4b40 flushing nmethod 0x00007fdc64b70390
Event: 569.641 Thread 0x00007fdc7c0b4b40 flushing nmethod 0x00007fdc64b70e90
Event: 569.641 Thread 0x00007fdc7c0b4b40 flushing nmethod 0x00007fdc64b71990
Event: 569.641 Thread 0x00007fdc7c0b4b40 flushing nmethod 0x00007fdc64b73f10
Event: 569.641 Thread 0x00007fdc7c0b4b40 flushing nmethod 0x00007fdc64b74d90
Event: 569.641 Thread 0x00007fdc7c0b4b40 flushing nmethod 0x00007fdc64b75790
Event: 569.641 Thread 0x00007fdc7c0b4b40 flushing nmethod 0x00007fdc64b76510
Event: 569.641 Thread 0x00007fdc7c0b4b40 flushing nmethod 0x00007fdc64b78110
Event: 755.778 loading class java/lang/invoke/InvokerBytecodeGenerator$BytecodeGenerationException
Event: 757.485 loading class java/lang/invoke/InvokerBytecodeGenerator$BytecodeGenerationException done
Event: 769.479 Thread 0x00007fdbe8132bf0 Thread exited: 0x00007fdbe8132bf0


Dynamic libraries:
e0000000-f5580000 rw-p 00000000 00:00 0 
f5580000-fc500000 rw-p 00000000 00:00 0 
fc500000-100000000 ---p 00000000 00:00 0 
800000000-800449000 rw-p 00001000 00:1d4f 4611686019135357769            /nix/store/gpxl5qgg8kicmcvivwmybwjlpf7wh20l-graalvm17-ce-22.3.0/lib/server/classes.jsa
800449000-800bc8000 r--p 0044a000 00:1d4f 4611686019135357769            /nix/store/gpxl5qgg8kicmcvivwmybwjlpf7wh20l-graalvm17-ce-22.3.0/lib/server/classes.jsa
800bc8000-800c00000 ---p 00000000 00:00 0 
800c00000-800c20000 rw-p 00000000 00:00 0 
800c20000-800c40000 rw-p 00000000 00:00 0 
800c40000-800cc0000 rw-p 00000000 00:00 0 
800cc0000-800d00000 rw-p 00000000 00:00 0 
800d00000-800dc0000 rw-p 00000000 00:00 0 
800dc0000-800e00000 rw-p 00000000 00:00 0 
800e00000-800f40000 rw-p 00000000 00:00 0 
800f40000-800fc0000 rw-p 00000000 00:00 0 
800fc0000-801000000 rw-p 00000000 00:00 0 
801000000-801290000 rw-p 00000000 00:00 0 
801290000-840c00000 ---p 00000000 00:00 0 
55d94835e000-55d94835f000 r-xp 00000000 00:1d4f 4611686019099417844      /nix/store/gpxl5qgg8kicmcvivwmybwjlpf7wh20l-graalvm17-ce-22.3.0/bin/.java-wrapped
55d948360000-55d948361000 r--p 00001000 00:1d4f 4611686019099417844      /nix/store/gpxl5qgg8kicmcvivwmybwjlpf7wh20l-graalvm17-ce-22.3.0/bin/.java-wrapped
55d948361000-55d948362000 rw-p 00002000 00:1d4f 4611686019099417844      /nix/store/gpxl5qgg8kicmcvivwmybwjlpf7wh20l-graalvm17-ce-22.3.0/bin/.java-wrapped
55d948362000-55d948363000 rw-p 00004000 00:1d4f 4611686019099417844      /nix/store/gpxl5qgg8kicmcvivwmybwjlpf7wh20l-graalvm17-ce-22.3.0/bin/.java-wrapped
55d948363000-55d948364000 rw-p 00005000 00:1d4f 4611686019099417844      /nix/store/gpxl5qgg8kicmcvivwmybwjlpf7wh20l-graalvm17-ce-22.3.0/bin/.java-wrapped
55d94a169000-55d94a1b1000 rw-p 00000000 00:00 0                          [heap]
7fdba8000000-7fdba8021000 rw-p 00000000 00:00 0 
7fdba8021000-7fdbac000000 ---p 00000000 00:00 0 
7fdbb0000000-7fdbb0021000 rw-p 00000000 00:00 0 
7fdbb0021000-7fdbb4000000 ---p 00000000 00:00 0 
7fdbb4000000-7fdbb4021000 rw-p 00000000 00:00 0 
7fdbb4021000-7fdbb8000000 ---p 00000000 00:00 0 
7fdbb8000000-7fdbb803b000 rw-p 00000000 00:00 0 
7fdbb803b000-7fdbbc000000 ---p 00000000 00:00 0 
7fdbbc000000-7fdbbc021000 rw-p 00000000 00:00 0 
7fdbbc021000-7fdbc0000000 ---p 00000000 00:00 0 
7fdbc0000000-7fdbc00b1000 rw-p 00000000 00:00 0 
7fdbc00b1000-7fdbc4000000 ---p 00000000 00:00 0 
7fdbc6c00000-7fdbc6ca0000 rw-p 00000000 00:00 0 
7fdbc6ca0000-7fdbc6cf0000 rw-p 00000000 00:00 0 
7fdbc6cf0000-7fdbc6d00000 ---p 00000000 00:00 0 
7fdbc6d00000-7fdbc6d40000 rw-p 00000000 00:00 0 
7fdbc6d40000-7fdbc7400000 ---p 00000000 00:00 0 
7fdbc8000000-7fdbc806a000 rw-p 00000000 00:00 0 
7fdbc806a000-7fdbcc000000 ---p 00000000 00:00 0 
7fdbcc000000-7fdbcc125000 rw-p 00000000 00:00 0 
7fdbcc125000-7fdbd0000000 ---p 00000000 00:00 0 
7fdbd0000000-7fdbd0029000 rw-p 00000000 00:00 0 
7fdbd0029000-7fdbd4000000 ---p 00000000 00:00 0 
7fdbd5800000-7fdbd6000000 rw-p 00000000 00:00 0 
7fdbd64b3000-7fdbe0000000 r--s 00000000 00:1d4f 4611686019135192581      /nix/store/gpxl5qgg8kicmcvivwmybwjlpf7wh20l-graalvm17-ce-22.3.0/lib/modules
7fdbe0000000-7fdbe04d4000 rw-p 00000000 00:00 0 
7fdbe04d4000-7fdbe4000000 ---p 00000000 00:00 0 
7fdbe4000000-7fdbe4021000 rw-p 00000000 00:00 0 
7fdbe4021000-7fdbe8000000 ---p 00000000 00:00 0 
7fdbe8000000-7fdbe8161000 rw-p 00000000 00:00 0 
7fdbe8161000-7fdbec000000 ---p 00000000 00:00 0 
7fdbec000000-7fdbec037000 rw-p 00000000 00:00 0 
7fdbec037000-7fdbf0000000 ---p 00000000 00:00 0 
7fdbf0000000-7fdbf004c000 rw-p 00000000 00:00 0 
7fdbf004c000-7fdbf4000000 ---p 00000000 00:00 0 
7fdbf4000000-7fdbf4021000 rw-p 00000000 00:00 0 
7fdbf4021000-7fdbf8000000 ---p 00000000 00:00 0 
7fdbf8000000-7fdbf8311000 rw-p 00000000 00:00 0 
7fdbf8311000-7fdbfc000000 ---p 00000000 00:00 0 
7fdbfc000000-7fdbfc0df000 rw-p 00000000 00:00 0 
7fdbfc0df000-7fdc00000000 ---p 00000000 00:00 0 
7fdc00000000-7fdc00021000 rw-p 00000000 00:00 0 
7fdc00021000-7fdc04000000 ---p 00000000 00:00 0 
7fdc04000000-7fdc040ff000 rw-p 00000000 00:00 0 
7fdc040ff000-7fdc08000000 ---p 00000000 00:00 0 
7fdc08000000-7fdc08021000 rw-p 00000000 00:00 0 
7fdc08021000-7fdc0c000000 ---p 00000000 00:00 0 
7fdc0c000000-7fdc0c021000 rw-p 00000000 00:00 0 
7fdc0c021000-7fdc10000000 ---p 00000000 00:00 0 
7fdc10000000-7fdc10025000 rw-p 00000000 00:00 0 
7fdc10025000-7fdc14000000 ---p 00000000 00:00 0 
7fdc14000000-7fdc148c8000 rw-p 00000000 00:00 0 
7fdc148c8000-7fdc18000000 ---p 00000000 00:00 0 
7fdc18400000-7fdc18800000 rw-p 00000000 00:00 0 
7fdc18800000-7fdc18c00000 rw-p 00000000 00:00 0 
7fdc19000000-7fdc19700000 rw-p 00000000 00:00 0 
7fdc19700000-7fdc19800000 rw-p 00000000 00:00 0 
7fdc19800000-7fdc19900000 rw-p 00000000 00:00 0 
7fdc19900000-7fdc19aa0000 rw-p 00000000 00:00 0 
7fdc19aa0000-7fdc19ac0000 rw-p 00000000 00:00 0 
7fdc19ac0000-7fdc19b00000 rw-p 00000000 00:00 0 
7fdc19b00000-7fdc19d00000 rw-p 00000000 00:00 0 
7fdc19d00000-7fdc19e00000 rw-p 00000000 00:00 0 
7fdc19e00000-7fdc19f00000 rw-p 00000000 00:00 0 
7fdc19f00000-7fdc1a000000 rw-p 00000000 00:00 0 
7fdc1a000000-7fdc1a100000 rw-p 00000000 00:00 0 
7fdc1a100000-7fdc1a200000 rw-p 00000000 00:00 0 
7fdc1a200000-7fdc1a7c0000 rw-p 00000000 00:00 0 
7fdc1a7c0000-7fdc1a800000 rw-p 00000000 00:00 0 
7fdc1a800000-7fdc1a900000 rw-p 00000000 00:00 0 
7fdc1a900000-7fdc1aa00000 rw-p 00000000 00:00 0 
7fdc1aa00000-7fdc1ad00000 rw-p 00000000 00:00 0 
7fdc1ad00000-7fdc1ae00000 rw-p 00000000 00:00 0 
7fdc1ae00000-7fdc1b000000 rw-p 00000000 00:00 0 
7fdc1b200000-7fdc1b210000 r-xp 00000000 00:1d4c 353                      /home/runner/.cache/jdt-language-server/config/org.eclipse.equinox.launcher/org.eclipse.equinox.launcher.gtk.linux.x86_64_1.2.400.v20211117-0650/eclipse_11600.so
7fdc1b210000-7fdc1b40f000 ---p 00010000 00:1d4c 353                      /home/runner/.cache/jdt-language-server/config/org.eclipse.equinox.launcher/org.eclipse.equinox.launcher.gtk.linux.x86_64_1.2.400.v20211117-0650/eclipse_11600.so
7fdc1b40f000-7fdc1b410000 r--p 0000f000 00:1d4c 353                      /home/runner/.cache/jdt-language-server/config/org.eclipse.equinox.launcher/org.eclipse.equinox.launcher.gtk.linux.x86_64_1.2.400.v20211117-0650/eclipse_11600.so
7fdc1b410000-7fdc1b411000 rw-p 00010000 00:1d4c 353                      /home/runner/.cache/jdt-language-server/config/org.eclipse.equinox.launcher/org.eclipse.equinox.launcher.gtk.linux.x86_64_1.2.400.v20211117-0650/eclipse_11600.so
7fdc1c000000-7fdc1c021000 rw-p 00000000 00:00 0 
7fdc1c021000-7fdc20000000 ---p 00000000 00:00 0 
7fdc20000000-7fdc20021000 rw-p 00000000 00:00 0 
7fdc20021000-7fdc24000000 ---p 00000000 00:00 0 
7fdc24000000-7fdc24136000 rw-p 00000000 00:00 0 
7fdc24136000-7fdc28000000 ---p 00000000 00:00 0 
7fdc28300000-7fdc28400000 ---p 00000000 00:00 0 
7fdc28400000-7fdc289af000 r--p 01122000 00:1d4f 4611686019135190040      /nix/store/gpxl5qgg8kicmcvivwmybwjlpf7wh20l-graalvm17-ce-22.3.0/lib/libjvmcicompiler.so
7fdc289af000-7fdc28b00000 r--p 00000000 00:00 0 
7fdc28b00000-7fdc28b3d000 rw-p 00000000 00:00 0 
7fdc28b3d000-7fdc2905d000 rw-p 0185f000 00:1d4f 4611686019135190040      /nix/store/gpxl5qgg8kicmcvivwmybwjlpf7wh20l-graalvm17-ce-22.3.0/lib/libjvmcicompiler.so
7fdc2905d000-7fdc29444000 r--p 01d7f000 00:1d4f 4611686019135190040      /nix/store/gpxl5qgg8kicmcvivwmybwjlpf7wh20l-graalvm17-ce-22.3.0/lib/libjvmcicompiler.so
7fdc29500000-7fdc29504000 ---p 00000000 00:00 0 
7fdc29504000-7fdc29600000 rw-p 00000000 00:00 0 
7fdc29700000-7fdc29704000 ---p 00000000 00:00 0 
7fdc29704000-7fdc29800000 rw-p 00000000 00:00 0 
7fdc29900000-7fdc29904000 ---p 00000000 00:00 0 
7fdc29904000-7fdc29a00000 rw-p 00000000 00:00 0 
7fdc29b00000-7fdc29b04000 ---p 00000000 00:00 0 
7fdc29b04000-7fdc29c00000 rw-p 00000000 00:00 0 
7fdc29d00000-7fdc29d04000 ---p 00000000 00:00 0 
7fdc29d04000-7fdc29e00000 rw-p 00000000 00:00 0 
7fdc29f00000-7fdc29f04000 ---p 00000000 00:00 0 
7fdc29f04000-7fdc2a000000 rw-p 00000000 00:00 0 
7fdc2a100000-7fdc2a104000 ---p 00000000 00:00 0 
7fdc2a104000-7fdc2a200000 rw-p 00000000 00:00 0 
7fdc2a300000-7fdc2a304000 ---p 00000000 00:00 0 
7fdc2a304000-7fdc2a400000 rw-p 00000000 00:00 0 
7fdc2a400000-7fdc2a404000 ---p 00000000 00:00 0 
7fdc2a404000-7fdc2a500000 rw-p 00000000 00:00 0 
7fdc2a500000-7fdc2a504000 ---p 00000000 00:00 0 
7fdc2a504000-7fdc2a600000 rw-p 00000000 00:00 0 
7fdc2a600000-7fdc2a604000 ---p 00000000 00:00 0 
7fdc2a604000-7fdc2a700000 rw-p 00000000 00:00 0 
7fdc2a700000-7fdc2a704000 ---p 00000000 00:00 0 
7fdc2a704000-7fdc2a800000 rw-p 00000000 00:00 0 
7fdc2a800000-7fdc2a804000 ---p 00000000 00:00 0 
7fdc2a804000-7fdc2a900000 rw-p 00000000 00:00 0 
7fdc2a900000-7fdc2a904000 ---p 00000000 00:00 0 
7fdc2a904000-7fdc2aa00000 rw-p 00000000 00:00 0 
7fdc2aa00000-7fdc2aa04000 ---p 00000000 00:00 0 
7fdc2aa04000-7fdc2ab00000 rw-p 00000000 00:00 0 
7fdc2ab00000-7fdc2ab04000 ---p 00000000 00:00 0 
7fdc2ab04000-7fdc2ac00000 rw-p 00000000 00:00 0 
7fdc2ac00000-7fdc2ac04000 ---p 00000000 00:00 0 
7fdc2ac04000-7fdc2ad00000 rw-p 00000000 00:00 0 
7fdc2ad00000-7fdc2ad04000 ---p 00000000 00:00 0 
7fdc2ad04000-7fdc2ae00000 rw-p 00000000 00:00 0 
7fdc2ba68000-7fdc2bf00000 rw-p 00000000 00:00 0 
7fdc2c000000-7fdc2c021000 rw-p 00000000 00:00 0 
7fdc2c021000-7fdc30000000 ---p 00000000 00:00 0 
7fdc30000000-7fdc30021000 rw-p 00000000 00:00 0 
7fdc30021000-7fdc34000000 ---p 00000000 00:00 0 
7fdc34000000-7fdc34029000 rw-p 00000000 00:00 0 
7fdc34029000-7fdc38000000 ---p 00000000 00:00 0 
7fdc38000000-7fdc38021000 rw-p 00000000 00:00 0 
7fdc38021000-7fdc3c000000 ---p 00000000 00:00 0 
7fdc3c000000-7fdc3c0d2000 rw-p 00000000 00:00 0 
7fdc3c0d2000-7fdc40000000 ---p 00000000 00:00 0 
7fdc40000000-7fdc40b3a000 rw-p 00000000 00:00 0 
7fdc40b3a000-7fdc44000000 ---p 00000000 00:00 0 
7fdc44000000-7fdc44021000 rw-p 00000000 00:00 0 
7fdc44021000-7fdc48000000 ---p 00000000 00:00 0 
7fdc48000000-7fdc48021000 rw-p 00000000 00:00 0 
7fdc48021000-7fdc4c000000 ---p 00000000 00:00 0 
7fdc4c000000-7fdc4c021000 rw-p 00000000 00:00 0 
7fdc4c021000-7fdc50000000 ---p 00000000 00:00 0 
7fdc50000000-7fdc50021000 rw-p 00000000 00:00 0 
7fdc50021000-7fdc54000000 ---p 00000000 00:00 0 
7fdc54000000-7fdc54021000 rw-p 00000000 00:00 0 
7fdc54021000-7fdc58000000 ---p 00000000 00:00 0 
7fdc58000000-7fdc58021000 rw-p 00000000 00:00 0 
7fdc58021000-7fdc5c000000 ---p 00000000 00:00 0 
7fdc5c000000-7fdc5c061000 rw-p 00000000 00:00 0 
7fdc5c061000-7fdc60000000 ---p 00000000 00:00 0 
7fdc60100000-7fdc60104000 ---p 00000000 00:00 0 
7fdc60104000-7fdc60200000 rw-p 00000000 00:00 0 
7fdc60200000-7fdc60204000 ---p 00000000 00:00 0 
7fdc60204000-7fdc60300000 rw-p 00000000 00:00 0 
7fdc60300000-7fdc60304000 ---p 00000000 00:00 0 
7fdc60304000-7fdc60400000 rw-p 00000000 00:00 0 
7fdc60400000-7fdc60404000 ---p 00000000 00:00 0 
7fdc60404000-7fdc60500000 rw-p 00000000 00:00 0 
7fdc60500000-7fdc60504000 ---p 00000000 00:00 0 
7fdc60504000-7fdc60600000 rw-p 00000000 00:00 0 
7fdc60700000-7fdc60704000 ---p 00000000 00:00 0 
7fdc60704000-7fdc60800000 rw-p 00000000 00:00 0 
7fdc60800000-7fdc60804000 ---p 00000000 00:00 0 
7fdc60804000-7fdc60900000 rw-p 00000000 00:00 0 
7fdc60900000-7fdc60904000 ---p 00000000 00:00 0 
7fdc60904000-7fdc60a00000 rw-p 00000000 00:00 0 
7fdc60a00000-7fdc62b6a000 r-xp 00000000 00:1d4f 4611686019135190040      /nix/store/gpxl5qgg8kicmcvivwmybwjlpf7wh20l-graalvm17-ce-22.3.0/lib/libjvmcicompiler.so
7fdc62b6a000-7fdc62d69000 ---p 0216a000 00:1d4f 4611686019135190040      /nix/store/gpxl5qgg8kicmcvivwmybwjlpf7wh20l-graalvm17-ce-22.3.0/lib/libjvmcicompiler.so
7fdc62d69000-7fdc62d6a000 r--p 02169000 00:1d4f 4611686019135190040      /nix/store/gpxl5qgg8kicmcvivwmybwjlpf7wh20l-graalvm17-ce-22.3.0/lib/libjvmcicompiler.so
7fdc62d6a000-7fdc62d6c000 rw-p 0216a000 00:1d4f 4611686019135190040      /nix/store/gpxl5qgg8kicmcvivwmybwjlpf7wh20l-graalvm17-ce-22.3.0/lib/libjvmcicompiler.so
7fdc62d6c000-7fdc62d6d000 rw-p 00000000 00:00 0 
7fdc62d6d000-7fdc62d72000 rw-p 023c3000 00:1d4f 4611686019135190040      /nix/store/gpxl5qgg8kicmcvivwmybwjlpf7wh20l-graalvm17-ce-22.3.0/lib/libjvmcicompiler.so
7fdc62db1000-7fdc62db2000 ---p 00000000 00:00 0 
7fdc62db2000-7fdc62eb3000 rw-p 00000000 00:00 0 
7fdc62eb3000-7fdc62eb7000 ---p 00000000 00:00 0 
7fdc62eb7000-7fdc62fb3000 rw-p 00000000 00:00 0 
7fdc62fb3000-7fdc62fb7000 ---p 00000000 00:00 0 
7fdc62fb7000-7fdc630b3000 rw-p 00000000 00:00 0 
7fdc630b3000-7fdc630b7000 ---p 00000000 00:00 0 
7fdc630b7000-7fdc632b3000 rw-p 00000000 00:00 0 
7fdc632b3000-7fdc632b7000 ---p 00000000 00:00 0 
7fdc632b7000-7fdc634b3000 rw-p 00000000 00:00 0 
7fdc634b3000-7fdc63723000 rwxp 00000000 00:00 0 
7fdc63723000-7fdc63a42000 ---p 00000000 00:00 0 
7fdc63a42000-7fdc64c72000 rwxp 00000000 00:00 0 
7fdc64c72000-7fdc6af7a000 ---p 00000000 00:00 0 
7fdc6af7a000-7fdc6b28a000 rwxp 00000000 00:00 0 
7fdc6b28a000-7fdc724b3000 ---p 00000000 00:00 0 
7fdc724b3000-7fdc7c000000 r--s 00000000 00:1d4f 4611686019135192581      /nix/store/gpxl5qgg8kicmcvivwmybwjlpf7wh20l-graalvm17-ce-22.3.0/lib/modules
7fdc7c000000-7fdc7c602000 rw-p 00000000 00:00 0 
7fdc7c602000-7fdc80000000 ---p 00000000 00:00 0 
7fdc8001a000-7fdc8001e000 ---p 00000000 00:00 0 
7fdc8001e000-7fdc8011a000 rw-p 00000000 00:00 0 
7fdc8011a000-7fdc8011e000 ---p 00000000 00:00 0 
7fdc8011e000-7fdc8021a000 rw-p 00000000 00:00 0 
7fdc8021a000-7fdc8021e000 ---p 00000000 00:00 0 
7fdc8021e000-7fdc8031a000 rw-p 00000000 00:00 0 
7fdc8031a000-7fdc8031e000 ---p 00000000 00:00 0 
7fdc8031e000-7fdc8041a000 rw-p 00000000 00:00 0 
7fdc8041a000-7fdc80700000 r--p 00000000 00:1d41 28444448                 /usr/lib/locale/locale-archive
7fdc80700000-7fdc80704000 ---p 00000000 00:00 0 
7fdc80704000-7fdc80c00000 rw-p 00000000 00:00 0 
7fdc80c00000-7fdc80f00000 rw-p 00000000 00:00 0 
7fdc80f00000-7fdc81000000 rw-p 00000000 00:00 0 
7fdc8100e000-7fdc81010000 r-xp 00000000 00:1d4f 4611686019135190017      /nix/store/gpxl5qgg8kicmcvivwmybwjlpf7wh20l-graalvm17-ce-22.3.0/lib/libextnet.so
7fdc81010000-7fdc81011000 r--p 00001000 00:1d4f 4611686019135190017      /nix/store/gpxl5qgg8kicmcvivwmybwjlpf7wh20l-graalvm17-ce-22.3.0/lib/libextnet.so
7fdc81011000-7fdc81012000 rw-p 00002000 00:1d4f 4611686019135190017      /nix/store/gpxl5qgg8kicmcvivwmybwjlpf7wh20l-graalvm17-ce-22.3.0/lib/libextnet.so
7fdc81012000-7fdc81013000 rw-p 00004000 00:1d4f 4611686019135190017      /nix/store/gpxl5qgg8kicmcvivwmybwjlpf7wh20l-graalvm17-ce-22.3.0/lib/libextnet.so
7fdc81013000-7fdc81017000 ---p 00000000 00:00 0 
7fdc81017000-7fdc81035000 rw-p 00000000 00:00 0 
7fdc81035000-7fdc8103c000 r-xp 00000000 00:1d4f 4611686019135192580      /nix/store/gpxl5qgg8kicmcvivwmybwjlpf7wh20l-graalvm17-ce-22.3.0/lib/libzip.so
7fdc8103c000-7fdc8103d000 ---p 00007000 00:1d4f 4611686019135192580      /nix/store/gpxl5qgg8kicmcvivwmybwjlpf7wh20l-graalvm17-ce-22.3.0/lib/libzip.so
7fdc8103d000-7fdc8103e000 r--p 00007000 00:1d4f 4611686019135192580      /nix/store/gpxl5qgg8kicmcvivwmybwjlpf7wh20l-graalvm17-ce-22.3.0/lib/libzip.so
7fdc8103e000-7fdc8103f000 rw-p 00008000 00:1d4f 4611686019135192580      /nix/store/gpxl5qgg8kicmcvivwmybwjlpf7wh20l-graalvm17-ce-22.3.0/lib/libzip.so
7fdc8103f000-7fdc81041000 rw-p 0000b000 00:1d4f 4611686019135192580      /nix/store/gpxl5qgg8kicmcvivwmybwjlpf7wh20l-graalvm17-ce-22.3.0/lib/libzip.so
7fdc81041000-7fdc81056000 r-xp 00000000 00:1d4f 4611686019135192570      /nix/store/gpxl5qgg8kicmcvivwmybwjlpf7wh20l-graalvm17-ce-22.3.0/lib/libnet.so
7fdc81056000-7fdc81057000 ---p 00015000 00:1d4f 4611686019135192570      /nix/store/gpxl5qgg8kicmcvivwmybwjlpf7wh20l-graalvm17-ce-22.3.0/lib/libnet.so
7fdc81057000-7fdc81058000 r--p 00015000 00:1d4f 4611686019135192570      /nix/store/gpxl5qgg8kicmcvivwmybwjlpf7wh20l-graalvm17-ce-22.3.0/lib/libnet.so
7fdc81058000-7fdc81059000 rw-p 00016000 00:1d4f 4611686019135192570      /nix/store/gpxl5qgg8kicmcvivwmybwjlpf7wh20l-graalvm17-ce-22.3.0/lib/libnet.so
7fdc81059000-7fdc8105c000 rw-p 0001b000 00:1d4f 4611686019135192570      /nix/store/gpxl5qgg8kicmcvivwmybwjlpf7wh20l-graalvm17-ce-22.3.0/lib/libnet.so
7fdc8105c000-7fdc8106f000 r-xp 00000000 00:1d4f 4611686019135192571      /nix/store/gpxl5qgg8kicmcvivwmybwjlpf7wh20l-graalvm17-ce-22.3.0/lib/libnio.so
7fdc8106f000-7fdc81070000 r--p 00012000 00:1d4f 4611686019135192571      /nix/store/gpxl5qgg8kicmcvivwmybwjlpf7wh20l-graalvm17-ce-22.3.0/lib/libnio.so
7fdc81070000-7fdc81071000 rw-p 00013000 00:1d4f 4611686019135192571      /nix/store/gpxl5qgg8kicmcvivwmybwjlpf7wh20l-graalvm17-ce-22.3.0/lib/libnio.so
7fdc81071000-7fdc81076000 rw-p 00019000 00:1d4f 4611686019135192571      /nix/store/gpxl5qgg8kicmcvivwmybwjlpf7wh20l-graalvm17-ce-22.3.0/lib/libnio.so
7fdc81076000-7fdc8107a000 ---p 00000000 00:00 0 
7fdc8107a000-7fdc81176000 rw-p 00000000 00:00 0 
7fdc81176000-7fdc81177000 ---p 00000000 00:00 0 
7fdc81177000-7fdc81278000 rw-p 00000000 00:00 0 
7fdc81278000-7fdc81346000 r-xp 00000000 00:1d4f 4611686019135190036      /nix/store/gpxl5qgg8kicmcvivwmybwjlpf7wh20l-graalvm17-ce-22.3.0/lib/libjsvml.so
7fdc81346000-7fdc81347000 r--p 000cd000 00:1d4f 4611686019135190036      /nix/store/gpxl5qgg8kicmcvivwmybwjlpf7wh20l-graalvm17-ce-22.3.0/lib/libjsvml.so
7fdc81347000-7fdc81348000 rw-p 000ce000 00:1d4f 4611686019135190036      /nix/store/gpxl5qgg8kicmcvivwmybwjlpf7wh20l-graalvm17-ce-22.3.0/lib/libjsvml.so
7fdc81348000-7fdc82c20000 rw-p 00000000 00:00 0 
7fdc82c20000-7fdc82c21000 ---p 00000000 00:00 0 
7fdc82c21000-7fdc82dcc000 rw-p 00000000 00:00 0 
7fdc82dcc000-7fdc82e05000 rw-p 00000000 00:00 0 
7fdc82e05000-7fdc82e22000 ---p 00000000 00:00 0 
7fdc82e22000-7fdc82e2a000 rw-p 00000000 00:00 0 
7fdc82e2a000-7fdc82f0e000 ---p 00000000 00:00 0 
7fdc82f0e000-7fdc82f33000 rw-p 00000000 00:00 0 
7fdc82f33000-7fdc82ff9000 ---p 00000000 00:00 0 
7fdc82ff9000-7fdc82ffe000 rw-p 00000000 00:00 0 
7fdc82ffe000-7fdc83005000 ---p 00000000 00:00 0 
7fdc83005000-7fdc83029000 r-xp 00000000 00:1d4f 4611686019135190028      /nix/store/gpxl5qgg8kicmcvivwmybwjlpf7wh20l-graalvm17-ce-22.3.0/lib/libjava.so
7fdc83029000-7fdc8302a000 ---p 00024000 00:1d4f 4611686019135190028      /nix/store/gpxl5qgg8kicmcvivwmybwjlpf7wh20l-graalvm17-ce-22.3.0/lib/libjava.so
7fdc8302a000-7fdc8302b000 r--p 00024000 00:1d4f 4611686019135190028      /nix/store/gpxl5qgg8kicmcvivwmybwjlpf7wh20l-graalvm17-ce-22.3.0/lib/libjava.so
7fdc8302b000-7fdc8302c000 rw-p 00025000 00:1d4f 4611686019135190028      /nix/store/gpxl5qgg8kicmcvivwmybwjlpf7wh20l-graalvm17-ce-22.3.0/lib/libjava.so
7fdc8302c000-7fdc8302d000 rw-p 00000000 00:00 0 
7fdc8302d000-7fdc83034000 rw-p 0002f000 00:1d4f 4611686019135190028      /nix/store/gpxl5qgg8kicmcvivwmybwjlpf7wh20l-graalvm17-ce-22.3.0/lib/libjava.so
7fdc83034000-7fdc8303c000 rw-s 00000000 00:2f0 350                       /tmp/hsperfdata_runner/30
7fdc8303c000-7fdc8303d000 ---p 00000000 00:00 0 
7fdc8303d000-7fdc8303e000 r--p 00000000 00:00 0 
7fdc8303e000-7fdc8303f000 rwxp 00000000 00:00 0 
7fdc8303f000-7fdc8305a000 r-xp 00000000 00:1d4f 4611686019135190032      /nix/store/gpxl5qgg8kicmcvivwmybwjlpf7wh20l-graalvm17-ce-22.3.0/lib/libjimage.so
7fdc8305a000-7fdc8305b000 ---p 0001b000 00:1d4f 4611686019135190032      /nix/store/gpxl5qgg8kicmcvivwmybwjlpf7wh20l-graalvm17-ce-22.3.0/lib/libjimage.so
7fdc8305b000-7fdc8305d000 r--p 0001b000 00:1d4f 4611686019135190032      /nix/store/gpxl5qgg8kicmcvivwmybwjlpf7wh20l-graalvm17-ce-22.3.0/lib/libjimage.so
7fdc8305d000-7fdc8305e000 rw-p 0001d000 00:1d4f 4611686019135190032      /nix/store/gpxl5qgg8kicmcvivwmybwjlpf7wh20l-graalvm17-ce-22.3.0/lib/libjimage.so
7fdc8305e000-7fdc8305f000 rw-p 00024000 00:1d4f 4611686019135190032      /nix/store/gpxl5qgg8kicmcvivwmybwjlpf7wh20l-graalvm17-ce-22.3.0/lib/libjimage.so
7fdc8305f000-7fdc83063000 ---p 00000000 00:00 0 
7fdc83063000-7fdc8315f000 rw-p 00000000 00:00 0 
7fdc8315f000-7fdc8316d000 r--p 00000000 00:1d4f 4611686019027979927      /nix/store/4nlgxhb09sdr51nc9hdm8az5b08vzkgx-glibc-2.35-163/lib/libm.so.6
7fdc8316d000-7fdc831e0000 r-xp 0000e000 00:1d4f 4611686019027979927      /nix/store/4nlgxhb09sdr51nc9hdm8az5b08vzkgx-glibc-2.35-163/lib/libm.so.6
7fdc831e0000-7fdc8323d000 r--p 00081000 00:1d4f 4611686019027979927      /nix/store/4nlgxhb09sdr51nc9hdm8az5b08vzkgx-glibc-2.35-163/lib/libm.so.6
7fdc8323d000-7fdc8323e000 r--p 000dd000 00:1d4f 4611686019027979927      /nix/store/4nlgxhb09sdr51nc9hdm8az5b08vzkgx-glibc-2.35-163/lib/libm.so.6
7fdc8323e000-7fdc8323f000 rw-p 000de000 00:1d4f 4611686019027979927      /nix/store/4nlgxhb09sdr51nc9hdm8az5b08vzkgx-glibc-2.35-163/lib/libm.so.6
7fdc8323f000-7fdc83240000 r--p 00000000 00:1d4f 4611686019027979946      /nix/store/4nlgxhb09sdr51nc9hdm8az5b08vzkgx-glibc-2.35-163/lib/librt.so.1
7fdc83240000-7fdc83241000 r-xp 00001000 00:1d4f 4611686019027979946      /nix/store/4nlgxhb09sdr51nc9hdm8az5b08vzkgx-glibc-2.35-163/lib/librt.so.1
7fdc83241000-7fdc83242000 r--p 00002000 00:1d4f 4611686019027979946      /nix/store/4nlgxhb09sdr51nc9hdm8az5b08vzkgx-glibc-2.35-163/lib/librt.so.1
7fdc83242000-7fdc83243000 r--p 00002000 00:1d4f 4611686019027979946      /nix/store/4nlgxhb09sdr51nc9hdm8az5b08vzkgx-glibc-2.35-163/lib/librt.so.1
7fdc83243000-7fdc83244000 rw-p 00003000 00:1d4f 4611686019027979946      /nix/store/4nlgxhb09sdr51nc9hdm8az5b08vzkgx-glibc-2.35-163/lib/librt.so.1
7fdc83244000-7fdc84357000 r-xp 00000000 00:1d4f 4611686019135360866      /nix/store/gpxl5qgg8kicmcvivwmybwjlpf7wh20l-graalvm17-ce-22.3.0/lib/server/libjvm.so
7fdc84357000-7fdc84358000 ---p 01113000 00:1d4f 4611686019135360866      /nix/store/gpxl5qgg8kicmcvivwmybwjlpf7wh20l-graalvm17-ce-22.3.0/lib/server/libjvm.so
7fdc84358000-7fdc8440d000 r--p 01113000 00:1d4f 4611686019135360866      /nix/store/gpxl5qgg8kicmcvivwmybwjlpf7wh20l-graalvm17-ce-22.3.0/lib/server/libjvm.so
7fdc8440d000-7fdc84441000 rw-p 011c8000 00:1d4f 4611686019135360866      /nix/store/gpxl5qgg8kicmcvivwmybwjlpf7wh20l-graalvm17-ce-22.3.0/lib/server/libjvm.so
7fdc84441000-7fdc8449d000 rw-p 00000000 00:00 0 
7fdc8449d000-7fdc844c5000 r--p 00000000 00:1d4f 4611686019027979918      /nix/store/4nlgxhb09sdr51nc9hdm8az5b08vzkgx-glibc-2.35-163/lib/libc.so.6
7fdc844c5000-7fdc8463b000 r-xp 00028000 00:1d4f 4611686019027979918      /nix/store/4nlgxhb09sdr51nc9hdm8az5b08vzkgx-glibc-2.35-163/lib/libc.so.6
7fdc8463b000-7fdc84693000 r--p 0019e000 00:1d4f 4611686019027979918      /nix/store/4nlgxhb09sdr51nc9hdm8az5b08vzkgx-glibc-2.35-163/lib/libc.so.6
7fdc84693000-7fdc84697000 r--p 001f6000 00:1d4f 4611686019027979918      /nix/store/4nlgxhb09sdr51nc9hdm8az5b08vzkgx-glibc-2.35-163/lib/libc.so.6
7fdc84697000-7fdc84699000 rw-p 001fa000 00:1d4f 4611686019027979918      /nix/store/4nlgxhb09sdr51nc9hdm8az5b08vzkgx-glibc-2.35-163/lib/libc.so.6
7fdc84699000-7fdc846a8000 rw-p 00000000 00:00 0 
7fdc846a8000-7fdc846a9000 r--p 00000000 00:1d4f 4611686019027979923      /nix/store/4nlgxhb09sdr51nc9hdm8az5b08vzkgx-glibc-2.35-163/lib/libdl.so.2
7fdc846a9000-7fdc846aa000 r-xp 00001000 00:1d4f 4611686019027979923      /nix/store/4nlgxhb09sdr51nc9hdm8az5b08vzkgx-glibc-2.35-163/lib/libdl.so.2
7fdc846aa000-7fdc846ab000 r--p 00002000 00:1d4f 4611686019027979923      /nix/store/4nlgxhb09sdr51nc9hdm8az5b08vzkgx-glibc-2.35-163/lib/libdl.so.2
7fdc846ab000-7fdc846ac000 r--p 00002000 00:1d4f 4611686019027979923      /nix/store/4nlgxhb09sdr51nc9hdm8az5b08vzkgx-glibc-2.35-163/lib/libdl.so.2
7fdc846ac000-7fdc846ad000 rw-p 00003000 00:1d4f 4611686019027979923      /nix/store/4nlgxhb09sdr51nc9hdm8az5b08vzkgx-glibc-2.35-163/lib/libdl.so.2
7fdc846ad000-7fdc846ae000 r--p 00000000 00:1d4f 4611686019027979942      /nix/store/4nlgxhb09sdr51nc9hdm8az5b08vzkgx-glibc-2.35-163/lib/libpthread.so.0
7fdc846ae000-7fdc846af000 r-xp 00001000 00:1d4f 4611686019027979942      /nix/store/4nlgxhb09sdr51nc9hdm8az5b08vzkgx-glibc-2.35-163/lib/libpthread.so.0
7fdc846af000-7fdc846b0000 r--p 00002000 00:1d4f 4611686019027979942      /nix/store/4nlgxhb09sdr51nc9hdm8az5b08vzkgx-glibc-2.35-163/lib/libpthread.so.0
7fdc846b0000-7fdc846b1000 r--p 00002000 00:1d4f 4611686019027979942      /nix/store/4nlgxhb09sdr51nc9hdm8az5b08vzkgx-glibc-2.35-163/lib/libpthread.so.0
7fdc846b1000-7fdc846b2000 rw-p 00003000 00:1d4f 4611686019027979942      /nix/store/4nlgxhb09sdr51nc9hdm8az5b08vzkgx-glibc-2.35-163/lib/libpthread.so.0
7fdc846b2000-7fdc846c0000 r-xp 00000000 00:1d4f 4611686019135190033      /nix/store/gpxl5qgg8kicmcvivwmybwjlpf7wh20l-graalvm17-ce-22.3.0/lib/libjli.so
7fdc846c0000-7fdc846c1000 ---p 0000e000 00:1d4f 4611686019135190033      /nix/store/gpxl5qgg8kicmcvivwmybwjlpf7wh20l-graalvm17-ce-22.3.0/lib/libjli.so
7fdc846c1000-7fdc846c2000 r--p 0000e000 00:1d4f 4611686019135190033      /nix/store/gpxl5qgg8kicmcvivwmybwjlpf7wh20l-graalvm17-ce-22.3.0/lib/libjli.so
7fdc846c2000-7fdc846c3000 rw-p 0000f000 00:1d4f 4611686019135190033      /nix/store/gpxl5qgg8kicmcvivwmybwjlpf7wh20l-graalvm17-ce-22.3.0/lib/libjli.so
7fdc846c3000-7fdc846c4000 rw-p 00012000 00:1d4f 4611686019135190033      /nix/store/gpxl5qgg8kicmcvivwmybwjlpf7wh20l-graalvm17-ce-22.3.0/lib/libjli.so
7fdc846c4000-7fdc846c7000 r--p 00000000 00:1d4f 4611686019106210071      /nix/store/026hln0aq1hyshaxsdvhg0kmcm6yf45r-zlib-1.2.13/lib/libz.so.1.2.13
7fdc846c7000-7fdc846d9000 r-xp 00003000 00:1d4f 4611686019106210071      /nix/store/026hln0aq1hyshaxsdvhg0kmcm6yf45r-zlib-1.2.13/lib/libz.so.1.2.13
7fdc846d9000-7fdc846e0000 r--p 00015000 00:1d4f 4611686019106210071      /nix/store/026hln0aq1hyshaxsdvhg0kmcm6yf45r-zlib-1.2.13/lib/libz.so.1.2.13
7fdc846e0000-7fdc846e1000 r--p 0001b000 00:1d4f 4611686019106210071      /nix/store/026hln0aq1hyshaxsdvhg0kmcm6yf45r-zlib-1.2.13/lib/libz.so.1.2.13
7fdc846e1000-7fdc846e2000 rw-p 0001c000 00:1d4f 4611686019106210071      /nix/store/026hln0aq1hyshaxsdvhg0kmcm6yf45r-zlib-1.2.13/lib/libz.so.1.2.13
7fdc846e2000-7fdc846e4000 rw-p 00000000 00:00 0 
7fdc846e4000-7fdc846e6000 r--p 00000000 00:1d4f 4611686019027979912      /nix/store/4nlgxhb09sdr51nc9hdm8az5b08vzkgx-glibc-2.35-163/lib/ld-linux-x86-64.so.2
7fdc846e6000-7fdc8470d000 r-xp 00002000 00:1d4f 4611686019027979912      /nix/store/4nlgxhb09sdr51nc9hdm8az5b08vzkgx-glibc-2.35-163/lib/ld-linux-x86-64.so.2
7fdc8470d000-7fdc84719000 r--p 00029000 00:1d4f 4611686019027979912      /nix/store/4nlgxhb09sdr51nc9hdm8az5b08vzkgx-glibc-2.35-163/lib/ld-linux-x86-64.so.2
7fdc84719000-7fdc8471b000 r--p 00034000 00:1d4f 4611686019027979912      /nix/store/4nlgxhb09sdr51nc9hdm8az5b08vzkgx-glibc-2.35-163/lib/ld-linux-x86-64.so.2
7fdc8471b000-7fdc8471d000 rw-p 00036000 00:1d4f 4611686019027979912      /nix/store/4nlgxhb09sdr51nc9hdm8az5b08vzkgx-glibc-2.35-163/lib/ld-linux-x86-64.so.2
7fff60bfa000-7fff60c1e000 rw-p 00000000 00:00 0                          [stack]
7fff60d13000-7fff60d17000 r--p 00000000 00:00 0                          [vvar]
7fff60d17000-7fff60d19000 r-xp 00000000 00:00 0                          [vdso]
ffffffffff600000-ffffffffff601000 --xp 00000000 00:00 0                  [vsyscall]


VM Arguments:
jvm_args: -XX:ThreadPriorityPolicy=1 -XX:+UnlockExperimentalVMOptions -XX:+EnableJVMCIProduct -XX:JVMCIThreadsPerNativeLibraryRuntime=1 -XX:-UnlockExperimentalVMOptions -Declipse.application=org.eclipse.jdt.ls.core.id1 -Dosgi.bundles.defaultStartLevel=4 -Declipse.product=org.eclipse.jdt.ls.core.product -Dlog.level=ALL -Xverify:none -XX:+UseParallelGC -XX:GCTimeRatio=4 -XX:AdaptiveSizePolicyWeight=90 -Dsun.zip.disableMemoryMapping=true -Xmx512m -Xms100m 
java_command: /nix/store/m6gcpi1ii6rghy04cjwjddcavv7i90df-jdt-language-server-1.9.0/share/java/plugins/org.eclipse.equinox.launcher_1.6.400.v20210924-0641.jar --add-modules=ALL-SYSTEM --add-opens java.base/java.util=ALL-UNNAMED --add-opens java.base/java.lang=ALL-UNNAMED -configuration /home/runner/.cache/jdt-language-server/config -data /home/runner/.cache/jdt-language-server/data/home/runner/MenuApp
java_class_path (initial): /nix/store/m6gcpi1ii6rghy04cjwjddcavv7i90df-jdt-language-server-1.9.0/share/java/plugins/org.eclipse.equinox.launcher_1.6.400.v20210924-0641.jar
Launcher Type: SUN_STANDARD

[Global flags]
    uintx AdaptiveSizePolicyWeight                 = 90                                        {product} {command line}
     intx CICompilerCount                          = 2                                         {product} {ergonomic}
     bool EnableJVMCIProduct                       = true                                {JVMCI product} {jimage}
    uintx GCTimeRatio                              = 4                                         {product} {command line}
   size_t InitialHeapSize                          = 104857600                                 {product} {command line}
     uint JVMCIThreadsPerNativeLibraryRuntime      = 1                                   {JVMCI product} {jimage}
   size_t MaxHeapSize                              = 536870912                                 {product} {command line}
   size_t MaxNewSize                               = 178782208                                 {product} {ergonomic}
   size_t MinHeapDeltaBytes                        = 524288                                    {product} {ergonomic}
   size_t MinHeapSize                              = 104857600                                 {product} {command line}
   size_t NewSize                                  = 34603008                                  {product} {ergonomic}
    uintx NonNMethodCodeHeapSize                   = 5826188                                {pd product} {ergonomic}
    uintx NonProfiledCodeHeapSize                  = 122916026                              {pd product} {ergonomic}
   size_t OldSize                                  = 70254592                                  {product} {ergonomic}
    uintx ProfiledCodeHeapSize                     = 122916026                              {pd product} {ergonomic}
    uintx ReservedCodeCacheSize                    = 251658240                              {pd product} {ergonomic}
     bool SegmentedCodeCache                       = true                                      {product} {ergonomic}
   size_t SoftMaxHeapSize                          = 536870912                              {manageable} {ergonomic}
     intx ThreadPriorityPolicy                     = 1                                         {product} {jimage}
     bool UseCompressedClassPointers               = true                           {product lp64_product} {ergonomic}
     bool UseCompressedOops                        = true                           {product lp64_product} {ergonomic}
     bool UseParallelGC                            = true                                      {product} {command line}

Logging:
Log output configuration:
 #0: stdout all=warning uptime,level,tags
 #1: stderr all=off uptime,level,tags

Environment Variables:
JAVA_HOME=/nix/store/gpxl5qgg8kicmcvivwmybwjlpf7wh20l-graalvm17-ce-22.3.0
PATH=/nix/store/1d6ian3r8kdzspw8hacjhl3xkp40g1lj-binutils-wrapper-2.39/bin:/nix/store/dq0xwmsk1g0i2ayg6pb7y87na2knzylh-gcc-wrapper-11.3.0/bin:/nix/store/bap4d0lpcrhpwmpb8ayjcgkmvfj62lnq-bash-interactive-5.1-p16/bin:/nix/store/pr5n59mb4jzmfx6kanwxly0l07p861fg-patchelf-0.15.0/bin:/nix/store/1gf2flfqnpqbr1b4p4qz2f72y42bs56r-gcc-11.3.0/bin:/nix/store/57xv61c5zi8pphjbcwxxjlgc34p61ic9-glibc-2.35-163-bin/bin:/nix/store/a7gvj343m05j2s32xcnwr35v31ynlypr-coreutils-9.1/bin:/nix/store/039g378vc3pc3dvi9dzdlrd0i4q93qwf-binutils-2.39/bin:/nix/store/gpxl5qgg8kicmcvivwmybwjlpf7wh20l-graalvm17-ce-22.3.0/bin:/nix/store/6z9ag3ihc8mq2hzsw48lhbznvzny65nz-apache-maven-3.8.6/bin:/nix/store/m6gcpi1ii6rghy04cjwjddcavv7i90df-jdt-language-server-1.9.0/bin:/nix/store/84xs5alhs01zrbr4ywm05kxbjbp5590l-java-debug/bin:/nix/store/mydc6f4k2z73xlcz7ilif3v2lcaiqvza-findutils-4.9.0/bin:/nix/store/j9p3g8472iijd50vhdprx0nmk2fqn5gv-diffutils-3.8/bin:/nix/store/89zs7rms6x00xfq4dq6m7mjnhkr8a6r4-gnused-4.8/bin:/nix/store/86bp03jkmsl6f92w0yzg4s59g5mhxwmy-gnugrep-3.7/bin:/nix/store/hwcdqw4jrjnd37wxqgsd47hd0j8bnj09-gawk-5.1.1/bin:/nix/store/cfbhw8r8ags41vwqaz47r583d0p4h4a1-gnutar-1.34/bin:/nix/store/p3m1ndl1lapwrlh698bnb5lvvxh67378-gzip-1.12/bin:/nix/store/a8mhcagrsly7c7mpjrpsnaahk4aax056-bzip2-1.0.8-bin/bin:/nix/store/mblgz65m3zv9x548a3d5m96fj2pbwr09-gnumake-4.3/bin:/nix/store/dsd5gz46hdbdk2rfdimqddhq6m8m8fqs-bash-5.1-p16/bin:/nix/store/v7ljksji50mg3w61dykaa3n3y79n6nil-patch-2.7.6/bin:/nix/store/zlcnmqq14jz5x9439jf937mvayyl63da-xz-5.2.7-bin/bin:/nix/store/y6aj732zm9m87c82fpvf103a1xb22blp-file-5.43/bin:/nix/store/sgqd0ajghcv2axfl1lad0b1alyavp0dc-prybar-elisp-0.0.0-67f7a00/bin:/nix/store/p3hsvljpgs68jqwar41lc0jqhjj734lf-prybar-lua-0.0.0-67f7a00/bin:/nix/store/qzxs2gybds3s9kb1vkaflpgm2nwr85fh-prybar-python3-0.0.0-67f7a00/bin:/nix/store/km94z9mxp8w4m8gxxp5mbfpdf3nkfvd8-prybar-sqlite-0.0.0-67f7a00/bin:/nix/store/2pnc7b76asw0z59c4l6h6qy8arwqrii1-prybar-tcl-0.0.0-67f7a00/bin:/nix/store/hpbvrlwd5viqmvcaisb3x0118i913a9n-st
LD_LIBRARY_PATH=/nix/store/a4pff549sk2idnkpzk5nsfps3mdkdnvm-cups-2.4.2-lib/lib:/nix/store/72mqxxhh3cy5yifh92wh2yb8cl2hikyy-cairo-1.16.0/lib:/nix/store/2k366jrbsra97gjfxwvrhvixjfxdach5-glib-2.74.1/lib:/nix/store/2j2znigd8ak37rlwh9khz0ry3clqlw1l-gtk+3-3.24.34/lib:/nix/store/hisqvx32cd57apbpcsnkpx6k3549wql1-libglvnd-1.4.0/lib:/nix/store/p36pgcv991mq5srvg765b78yqpxvk3qs-mesa-21.3.3-drivers/lib:/nix/store/mav4251if1ahjq5vkpwycyyvnmy459c4-pulseaudio-14.2/lib
DISPLAY=:0
LANG=en_US.UTF-8

Signal Handlers:
   SIGSEGV: crash_handler in libjvm.so, mask=11100100010111111101111111111110, flags=SA_RESTART|SA_SIGINFO
    SIGBUS: crash_handler in libjvm.so, mask=11100100010111111101111111111110, flags=SA_RESTART|SA_SIGINFO
    SIGFPE: crash_handler in libjvm.so, mask=11100100010111111101111111111110, flags=SA_RESTART|SA_SIGINFO
   SIGPIPE: IsolateEnterStub_IgnoreSIGPIPEStartupHook_noopSignalHandler_8f19bff2f35b5f630d83b364d6b2339320d4ec70_216e8361c6bc87a8f89f58cc10d3b2fd4415bf87 in libjvmcicompiler.so, mask=00000000000000000000000000000000, flags=SA_RESTART
  *** Handler was modified!
  *** Expected: javaSignalHandler in libjvm.so, mask=11100100110111111111111111111110, flags=SA_RESTART|SA_SIGINFO
   SIGXFSZ: javaSignalHandler in libjvm.so, mask=11100100010111111101111111111110, flags=SA_RESTART|SA_SIGINFO
    SIGILL: crash_handler in libjvm.so, mask=11100100010111111101111111111110, flags=SA_RESTART|SA_SIGINFO
   SIGUSR2: SR_handler in libjvm.so, mask=00000000000000000000000000000000, flags=SA_RESTART|SA_SIGINFO
    SIGHUP: UserHandler in libjvm.so, mask=11100100010111111101111111111110, flags=SA_RESTART|SA_SIGINFO
    SIGINT: UserHandler in libjvm.so, mask=11100100010111111101111111111110, flags=SA_RESTART|SA_SIGINFO
   SIGTERM: UserHandler in libjvm.so, mask=11100100010111111101111111111110, flags=SA_RESTART|SA_SIGINFO
   SIGQUIT: UserHandler in libjvm.so, mask=11100100010111111101111111111110, flags=SA_RESTART|SA_SIGINFO
  *** Handler was modified!
  *** Expected: javaSignalHandler in libjvm.so, mask=11100100110111111111111111111110, flags=SA_RESTART|SA_SIGINFO
   SIGTRAP: crash_handler in libjvm.so, mask=11100100010111111101111111111110, flags=SA_RESTART|SA_SIGINFO


---------------  S Y S T E M  ---------------

OS:
DISTRIB_ID=Ubuntu
DISTRIB_RELEASE=20.04
DISTRIB_CODENAME=focal
DISTRIB_DESCRIPTION="Ubuntu 20.04.2 LTS"
uname: Linux 5.15.0-1030-gcp #37~20.04.1-Ubuntu SMP Mon Feb 20 04:30:57 UTC 2023 x86_64
OS uptime: 0 days 8:40 hours
libc: glibc 2.35 NPTL 2.35 
rlimit (soft/hard): STACK 8192k/infinity , CORE infinity/infinity , NPROC infinity/infinity , NOFILE 5242/5242 , AS infinity/infinity , CPU infinity/infinity , DATA infinity/infinity , FSIZE infinity/infinity , MEMLOCK 64k/64k
load average: 15.93 14.11 13.85

/proc/meminfo:
MemTotal:       65852728 kB
MemFree:        19983236 kB
MemAvailable:   42892740 kB
Buffers:         2576932 kB
Cached:         18860600 kB
SwapCached:            0 kB
Active:         10274796 kB
Inactive:       30338828 kB
Active(anon):      15532 kB
Inactive(anon): 18835316 kB
Active(file):   10259264 kB
Inactive(file): 11503512 kB
Unevictable:       42672 kB
Mlocked:           42672 kB
SwapTotal:             0 kB
SwapFree:              0 kB
Dirty:              4732 kB
Writeback:             0 kB
AnonPages:      17806676 kB
Mapped:          1767464 kB
Shmem:             43584 kB
KReclaimable:    1873328 kB
Slab:            4136704 kB
SReclaimable:    1873328 kB
SUnreclaim:      2263376 kB
KernelStack:      413424 kB
PageTables:       220696 kB
NFS_Unstable:          0 kB
Bounce:                0 kB
WritebackTmp:          0 kB
CommitLimit:    32926364 kB
Committed_AS:   75824496 kB
VmallocTotal:   34359738367 kB
VmallocUsed:      467752 kB
VmallocChunk:          0 kB
Percpu:           112192 kB
HardwareCorrupted:     0 kB
AnonHugePages:   1558528 kB
ShmemHugePages:        0 kB
ShmemPmdMapped:        0 kB
FileHugePages:         0 kB
FilePmdMapped:         0 kB
HugePages_Total:       0
HugePages_Free:        0
HugePages_Rsvd:        0
HugePages_Surp:        0
Hugepagesize:       2048 kB
Hugetlb:               0 kB
DirectMap4k:     4858688 kB
DirectMap2M:    49664000 kB
DirectMap1G:    14680064 kB

/sys/kernel/mm/transparent_hugepage/enabled: always [madvise] never
/sys/kernel/mm/transparent_hugepage/defrag (defrag/compaction efforts parameter): always defer defer+madvise [madvise] never

Process Memory:
Virtual Size: 4997756K (peak: 5079868K)
Resident Set Size: 807488K (peak: 848708K) (anon: 613004K, file: 194484K, shmem: 0K)
Swapped out: 0K
C-Heap outstanding allocations: 44680K, retained: 13872K
glibc malloc tunables: (default)

/proc/sys/kernel/threads-max (system-wide limit on the number of threads): 514406
/proc/sys/vm/max_map_count (maximum number of memory map areas a process may have): 65530
/proc/sys/kernel/pid_max (system-wide limit on number of process identifiers): 4194304

container (cgroup) information:
container_type: cgroupv1
cpu_cpuset_cpus: 2-7
cpu_memory_nodes: 0
active_processor_count: 1
cpu_quota: 50000
cpu_period: 100000
cpu_shares: 512
memory_limit_in_bytes: 1048576 k
memory_and_swap_limit_in_bytes: 1048576 k
memory_soft_limit_in_bytes: 524288 k
memory_usage_in_bytes: 756828 k
memory_max_usage_in_bytes: 893572 k
maximum number of tasks: 1000
current number of tasks: 82

KVM virtualization detected
Steal ticks since vm start: 0
Steal ticks percentage since vm start:  0.000

CPU: total 8 (initial active 1) (8 cores per cpu, 2 threads per core) family 23 model 49 stepping 0 microcode 0xffffffff, cx8, cmov, fxsr, ht, mmx, 3dnowpref, sse, sse2, sse3, ssse3, sse4a, sse4.1, sse4.2, popcnt, lzcnt, tsc, tscinvbit, avx, avx2, aes, clmul, bmi1, bmi2, adx, sha, fma, vzeroupper, clflush, clflushopt, hv
CPU Model and flags from /proc/cpuinfo:
model name	: AMD EPYC 7B12
flags		: fpu vme de pse tsc msr pae mce cx8 apic sep mtrr pge mca cmov pat pse36 clflush mmx fxsr sse sse2 ht syscall nx mmxext fxsr_opt pdpe1gb rdtscp lm constant_tsc rep_good nopl nonstop_tsc cpuid extd_apicid tsc_known_freq pni pclmulqdq ssse3 fma cx16 sse4_1 sse4_2 movbe popcnt aes xsave avx f16c rdrand hypervisor lahf_lm cmp_legacy cr8_legacy abm sse4a misalignsse 3dnowprefetch osvw topoext ssbd ibrs ibpb stibp vmmcall fsgsbase tsc_adjust bmi1 avx2 smep bmi2 rdseed adx smap clflushopt clwb sha_ni xsaveopt xsavec xgetbv1 clzero xsaveerptr arat npt nrip_save umip rdpid

Online cpus: 0-7
Offline cpus: 
BIOS frequency limitation: <Not Available>
Frequency switch latency (ns): <Not Available>
Available cpu frequencies: <Not Available>
Current governor: <Not Available>
Core performance/turbo boost: <Not Available>

Memory: 4k page, physical 1048576k(291744k free), swap 0k(0k free)
Page Sizes: 4k

vm_info: OpenJDK 64-Bit Server VM (17.0.5+8-jvmci-22.3-b08) for linux-amd64 JRE (17.0.5+8-jvmci-22.3-b08), built on Oct 19 2022 09:01:27 by "buildslave" with gcc 10.3.0

END.
