#
# A fatal error has been detected by the Java Runtime Environment:
#
#  Internal Error (jvmciRuntime.cpp:1609), pid=127, tid=141
#  fatal error: Fatal exception in JVMCI: Error calling jdk.vm.ci.services.Services.serializeSavedProperties
#
# JRE version: OpenJDK Runtime Environment GraalVM CE 22.3.0 (17.0.5+8) (build 17.0.5+8-jvmci-22.3-b08)
# Java VM: OpenJDK 64-Bit Server VM GraalVM CE 22.3.0 (17.0.5+8-jvmci-22.3-b08, mixed mode, sharing, tiered, jvmci, jvmci compiler, compressed oops, compressed class ptrs, parallel gc, linux-amd64)
# Problematic frame:
# V  [libjvm.so+0x972714]  JVMCIRuntime::fatal_exception(JVMCIEnv*, char const*)+0x74
#
# Core dump will be written. Default location: Core dumps may be processed with "/usr/share/apport/apport -p%p -s%s -c%c -d%d -P%P -u%u -g%g -- %E" (or dumping to /home/runner/MenuApp/core.127)
#
# If you would like to submit a bug report, please visit:
#   https://github.com/oracle/graal/issues
#

---------------  S U M M A R Y ------------

Command Line: -XX:ThreadPriorityPolicy=1 -XX:+UnlockExperimentalVMOptions -XX:+EnableJVMCIProduct -XX:JVMCIThreadsPerNativeLibraryRuntime=1 -XX:-UnlockExperimentalVMOptions -Declipse.application=org.eclipse.jdt.ls.core.id1 -Dosgi.bundles.defaultStartLevel=4 -Declipse.product=org.eclipse.jdt.ls.core.product -Dlog.level=ALL -Xverify:none -XX:+UseParallelGC -XX:GCTimeRatio=4 -XX:AdaptiveSizePolicyWeight=90 -Dsun.zip.disableMemoryMapping=true -Xmx512m -Xms100m /nix/store/m6gcpi1ii6rghy04cjwjddcavv7i90df-jdt-language-server-1.9.0/share/java/plugins/org.eclipse.equinox.launcher_1.6.400.v20210924-0641.jar --add-modules=ALL-SYSTEM --add-opens java.base/java.util=ALL-UNNAMED --add-opens java.base/java.lang=ALL-UNNAMED -configuration /home/runner/.cache/jdt-language-server/config -data /home/runner/.cache/jdt-language-server/data/home/runner/MenuApp

Host: AMD EPYC 7B12, 4 cores, 1G, Ubuntu 20.04.2 LTS
Time: Thu Mar 16 19:10:05 2023 UTC elapsed time: 875.871639 seconds (0d 0h 14m 35s)

---------------  T H R E A D  ---------------

Current thread (0x00007f037c0b21b0):  JavaThread "JVMCI-native CompilerThread0" daemon [_thread_in_vm, id=141, stack(0x00007f0380848000,0x00007f0380a48000)]


Current CompileTask:
JVMCI-native: 875871 10653  s    4       org.eclipse.jdt.internal.core.search.processing.JobManager::awaitingJobsCount (21 bytes)

Stack: [0x00007f0380848000,0x00007f0380a48000],  sp=0x00007f0380a46380,  free space=2040k
Native frames: (J=compiled Java code, j=interpreted, Vv=VM code, C=native code)
V  [libjvm.so+0x972714]  JVMCIRuntime::fatal_exception(JVMCIEnv*, char const*)+0x74
V  [libjvm.so+0x93e2fe]  JVMCIEnv::copy_saved_properties()+0x14e
V  [libjvm.so+0x9732a9]  JVMCIRuntime::initialize(JVMCIEnv*)+0xb19
V  [libjvm.so+0x9738a2]  JVMCIRuntime::get_HotSpotJVMCIRuntime(JVMCIEnv*)+0x12
V  [libjvm.so+0x9749f2]  JVMCIRuntime::compile_method(JVMCIEnv*, JVMCICompiler*, methodHandle const&, int)+0xd2
V  [libjvm.so+0x5b0d20]  CompileBroker::invoke_compiler_on_method(CompileTask*)+0x1470
V  [libjvm.so+0x5b12e8]  CompileBroker::compiler_thread_loop()+0x528
V  [libjvm.so+0xd82460]  JavaThread::thread_main_inner()+0xd0
V  [libjvm.so+0xd85a40]  Thread::call_run()+0xc0
V  [libjvm.so+0xbdb1e1]  thread_native_entry(Thread*)+0xe1

Register to memory mapping:

RAX=0x00007f0383955000 points into unknown readable memory: 0x0000000000000058 | 58 00 00 00 00 00 00 00
RBX=0x00007f0384a50398: <offset 0x0000000000ef5398> in /nix/store/gpxl5qgg8kicmcvivwmybwjlpf7wh20l-graalvm17-ce-22.3.0/lib/server/libjvm.so at 0x00007f0383b5b000
RCX=0x00007f0384a081e8: <offset 0x0000000000ead1e8> in /nix/store/gpxl5qgg8kicmcvivwmybwjlpf7wh20l-graalvm17-ce-22.3.0/lib/server/libjvm.so at 0x00007f0383b5b000
RDX=0x0000000000000649 is an unknown value
RSP=0x00007f0380a46380 is pointing into the stack for thread: 0x00007f037c0b21b0
RBP=0x00007f0380a463a0 is pointing into the stack for thread: 0x00007f037c0b21b0
RSI=0x00007f0384a50c48: <offset 0x0000000000ef5c48> in /nix/store/gpxl5qgg8kicmcvivwmybwjlpf7wh20l-graalvm17-ce-22.3.0/lib/server/libjvm.so at 0x00007f0383b5b000
RDI=0x00000000e0000000 is an oop: java.lang.String 
{0x00000000e0000000} - klass: 'java/lang/String'
 - string: "resolution"
R8 =0x00007f0384a50398: <offset 0x0000000000ef5398> in /nix/store/gpxl5qgg8kicmcvivwmybwjlpf7wh20l-graalvm17-ce-22.3.0/lib/server/libjvm.so at 0x00007f0383b5b000
R9 =0x00007f0380a46330 is pointing into the stack for thread: 0x00007f037c0b21b0
R10=0x00007f0380a47948 is pointing into the stack for thread: 0x00007f037c0b21b0
R11=0x0000000000000293 is an unknown value
R12=0x0 is NULL
R13=0x00007f037c0b21b0 is a thread
R14=0x00007f037c000b80 points into unknown readable memory: 0x00007f0384c81a38 | 38 1a c8 84 03 7f 00 00
R15=0x00007f0384d8fe40: <offset 0x0000000001234e40> in /nix/store/gpxl5qgg8kicmcvivwmybwjlpf7wh20l-graalvm17-ce-22.3.0/lib/server/libjvm.so at 0x00007f0383b5b000


Registers:
RAX=0x00007f0383955000, RBX=0x00007f0384a50398, RCX=0x00007f0384a081e8, RDX=0x0000000000000649
RSP=0x00007f0380a46380, RBP=0x00007f0380a463a0, RSI=0x00007f0384a50c48, RDI=0x00000000e0000000
R8 =0x00007f0384a50398, R9 =0x00007f0380a46330, R10=0x00007f0380a47948, R11=0x0000000000000293
R12=0x0000000000000000, R13=0x00007f037c0b21b0, R14=0x00007f037c000b80, R15=0x00007f0384d8fe40
RIP=0x00007f03844cd714, EFLAGS=0x0000000000010206, CSGSFS=0x002b000000000033, ERR=0x0000000000000006
  TRAPNO=0x000000000000000e

Top of Stack: (sp=0x00007f0380a46380)
0x00007f0380a46380:   00007f0380a46940 00007f037c0b21b0
0x00007f0380a46390:   00007f03822e68c8 0000000800c417a0
0x00007f0380a463a0:   00007f0380a46500 00007f03844992fe
0x00007f0380a463b0:   00007f0380a463e0 00007f0380a46440 

Instructions: (pc=0x00007f03844cd714)
0x00007f03844cd614:   30 e8 f6 cf e8 ff 4c 89 e7 e8 2e 48 d1 ff 84 db
0x00007f03844cd624:   75 2a 4d 85 ed 74 04 4d 8b 6d 00 48 83 c4 08 44
0x00007f03844cd634:   89 f9 4c 89 f2 4c 89 ee 5b 4c 89 e7 41 5c 41 5d
0x00007f03844cd644:   41 5e 41 5f 5d e9 e2 47 d1 ff 66 90 48 83 c4 08
0x00007f03844cd654:   5b 41 5c 41 5d 41 5e 41 5f 5d c3 90 31 d2 be 08
0x00007f03844cd664:   00 00 00 4c 89 ff e8 b1 78 a3 ff 49 89 c5 e9 37
0x00007f03844cd674:   ff ff ff 66 0f 1f 84 00 00 00 00 00 48 8b 7a 08
0x00007f03844cd684:   e9 6d ff ff ff 0f 1f 80 00 00 00 00 e8 5b 48 0a
0x00007f03844cd694:   00 84 c0 75 89 e9 6a ff ff ff 66 90 55 48 89 e5
0x00007f03844cd6a4:   41 56 41 55 41 54 49 89 fc 53 48 89 f3 66 48 8d
0x00007f03844cd6b4:   3d 27 5e 85 00 66 66 48 e8 df 43 8d ff 4c 8b 28
0x00007f03844cd6c4:   8b 05 be 72 8a 00 85 c0 75 14 ba 01 00 00 00 48
0x00007f03844cd6d4:   8d 0d ae 72 8a 00 f0 0f b1 11 85 c0 74 4e be c8
0x00007f03844cd6e4:   00 00 00 4c 89 ef e8 01 0b 41 00 48 8d 05 12 ac
0x00007f03844cd6f4:   85 00 49 89 d8 48 8d 0d e8 aa 53 00 ba 49 06 00
0x00007f03844cd704:   00 48 8d 35 3c 35 58 00 bf 00 00 00 e0 48 8b 00
0x00007f03844cd714:   c6 00 58 31 c0 e8 e2 91 c6 ff 5b 41 5c 41 5d 41
0x00007f03844cd724:   5e 5d e9 55 34 26 00 0f 1f 44 00 00 48 8d 05 81
0x00007f03844cd734:   a3 8b 00 48 89 df 4c 8b 30 e8 9e 43 8d ff 48 89
0x00007f03844cd744:   de 48 89 c2 49 8b 06 4c 89 f7 ff 50 08 4c 89 f7
0x00007f03844cd754:   e8 a7 5c 27 00 4d 85 e4 74 12 be 01 00 00 00 4c
0x00007f03844cd764:   89 e7 e8 35 43 fc ff eb 82 0f 1f 00 be 01 00 00
0x00007f03844cd774:   00 4c 89 ef e8 d3 fd ff ff e9 6d ff ff ff 66 66
0x00007f03844cd784:   2e 0f 1f 84 00 00 00 00 00 0f 1f 00 55 48 89 e5
0x00007f03844cd794:   41 57 41 56 41 55 41 54 53 48 81 ec 08 02 00 00
0x00007f03844cd7a4:   64 48 8b 04 25 28 00 00 00 48 89 45 c8 8b 07 83
0x00007f03844cd7b4:   f8 02 0f 84 11 04 00 00 4c 8b 6f 18 49 89 ff 49
0x00007f03844cd7c4:   89 f4 4d 85 ed 74 14 4c 89 ef e8 5d 57 22 00 41
0x00007f03844cd7d4:   8b 07 83 f8 02 0f 84 19 04 00 00 48 8d 1d 9a 06
0x00007f03844cd7e4:   8a 00 4c 8d 35 0b 3c 58 00 eb 38 90 48 85 d2 7f
0x00007f03844cd7f4:   0d 48 8d 05 b4 c0 85 00 48 83 38 00 7e 0e 41 8b
0x00007f03844cd804:   77 2c 4c 89 f7 31 c0 e8 a0 b2 f7 ff 49 8b 7f 18 


Stack slot to memory mapping:
stack at sp + 0 slots: 0x00007f0380a46940 is pointing into the stack for thread: 0x00007f037c0b21b0
stack at sp + 1 slots: 0x00007f037c0b21b0 is a thread
stack at sp + 2 slots: 0x00007f03822e68c8 points into unknown readable memory: 0x65730018052dffff | ff ff 2d 05 18 00 73 65
stack at sp + 3 slots: 0x0000000800c417a0 is a pointer to class: 
jdk.vm.ci.services.Services {0x0000000800c417a0}
 - instance size:     2
 - klass size:        65
 - access:            public final synchronized 
 - state:             fully_initialized
 - name:              'jdk/vm/ci/services/Services'
 - super:             'java/lang/Object'
 - sub:               
 - arrays:            NULL
 - methods:           Array<T>(0x00007f0381444bf8)
 - method ordering:   Array<T>(0x0000000800928960)
 - default_methods:   Array<T>(0x0000000000000000)
 - local interfaces:  Array<T>(0x00000008005ce810)
 - trans. interfaces: Array<T>(0x00000008005ce810)
 - constants:         constant pool [427] {0x00007f0381443cd8} for 'jdk/vm/ci/services/Services' cache=0x00007f03814466d0
 - class loader data:  loader data: 0x00007f037c0283d0 of 'bootstrap'
 - source file:       'Services.java'
 - class annotations:       Array<T>(0x0000000000000000)
 - class type annotations:  Array<T>(0x0000000000000000)
 - field annotations:       Array<T>(0x0000000000000000)
 - field type annotations:  Array<T>(0x0000000000000000)
 - inner classes:     Array<T>(0x00007f0381446410)
 - nest members:     Array<T>(0x00007f0381446430)
 - permitted subclasses:     Array<T>(0x00000008005ce7a0)
 - java mirror:       a 'java/lang/Class'{0x00000000e0145688} = 'jdk/vm/ci/services/Services'
 - vtable length      5  (start addr: 0x0000000800c41970)
 - itable length      2 (start addr: 0x0000000800c41998)
 - ---- static fields (3 words):
 - public static final 'IS_BUILDING_NATIVE_IMAGE' 'Z' @128 
 - public static final 'IS_IN_NATIVE_IMAGE' 'Z' @129 
 - private static volatile 'savedProperties' 'Ljava/util/Map;' @112 
 - static final 'JVMCI_ENABLED' 'Z' @130 
 - private static final 'servicesCache' 'Ljava/util/Map;' @116 
 - private static final 'MAX_UNICODE_IN_UTF8_LENGTH' 'I' @120 
 - private static final 'MAX_UTF8_PROPERTY_STRING_LENGTH' 'I' @124 
 - ---- non-static fields (0 words):
 - non-static oop maps: 
stack at sp + 4 slots: 0x00007f0380a46500 is pointing into the stack for thread: 0x00007f037c0b21b0
stack at sp + 5 slots: 0x00007f03844992fe: <offset 0x000000000093e2fe> in /nix/store/gpxl5qgg8kicmcvivwmybwjlpf7wh20l-graalvm17-ce-22.3.0/lib/server/libjvm.so at 0x00007f0383b5b000
stack at sp + 6 slots: 0x00007f0380a463e0 is pointing into the stack for thread: 0x00007f037c0b21b0
stack at sp + 7 slots: 0x00007f0380a46440 is pointing into the stack for thread: 0x00007f037c0b21b0


---------------  P R O C E S S  ---------------

Threads class SMR info:
_java_thread_list=0x00007f0310174280, length=32, elements={
0x00007f037c026670, 0x00007f037c0a64b0, 0x00007f037c0a78f0, 0x00007f037c0ae020,
0x00007f037c0af3d0, 0x00007f037c0b07c0, 0x00007f037c0b21b0, 0x00007f037c0b36c0,
0x00007f037c0b4b10, 0x00007f037c0df970, 0x00007f037c127f70, 0x00007f037c3237b0,
0x00007f037c356a70, 0x00007f037c359340, 0x00007f037c33da20, 0x00007f031401a880,
0x00007f03142a1710, 0x00007f03144ad570, 0x00007f03146264e0, 0x00007f037c39c9b0,
0x00007f03040077a0, 0x00007f037c4b2190, 0x00007f0314872ab0, 0x00007f0304047f50,
0x00007f0310144ed0, 0x00007f0310145aa0, 0x00007f0310146a80, 0x00007f0310137b60,
0x00007f0310054750, 0x00007f0310054cd0, 0x00007f0310055470, 0x00007f0310055c10
}

Java Threads: ( => current thread )
  0x00007f037c026670 JavaThread "main" [_thread_blocked, id=133, stack(0x00007f0383976000,0x00007f0383a76000)]
  0x00007f037c0a64b0 JavaThread "Reference Handler" daemon [_thread_blocked, id=136, stack(0x00007f038112e000,0x00007f038122e000)]
  0x00007f037c0a78f0 JavaThread "Finalizer" daemon [_thread_blocked, id=137, stack(0x00007f038102e000,0x00007f038112e000)]
  0x00007f037c0ae020 JavaThread "Signal Dispatcher" daemon [_thread_blocked, id=138, stack(0x00007f0380c48000,0x00007f0380d48000)]
  0x00007f037c0af3d0 JavaThread "Service Thread" daemon [_thread_blocked, id=139, stack(0x00007f0380b48000,0x00007f0380c48000)]
  0x00007f037c0b07c0 JavaThread "Monitor Deflation Thread" daemon [_thread_blocked, id=140, stack(0x00007f0380a48000,0x00007f0380b48000)]
=>0x00007f037c0b21b0 JavaThread "JVMCI-native CompilerThread0" daemon [_thread_in_vm, id=141, stack(0x00007f0380848000,0x00007f0380a48000)]
  0x00007f037c0b36c0 JavaThread "C1 CompilerThread0" daemon [_thread_blocked, id=142, stack(0x00007f0380648000,0x00007f0380848000)]
  0x00007f037c0b4b10 JavaThread "Sweeper thread" daemon [_thread_blocked, id=143, stack(0x00007f0380548000,0x00007f0380648000)]
  0x00007f037c0df970 JavaThread "Common-Cleaner" daemon [_thread_blocked, id=145, stack(0x00007f0380448000,0x00007f0380548000)]
  0x00007f037c127f70 JavaThread "Notification Thread" daemon [_thread_blocked, id=146, stack(0x00007f0380348000,0x00007f0380448000)]
  0x00007f037c3237b0 JavaThread "Active Thread: Equinox Container: b01a78ec-bf1c-4d77-9023-312893c85dbd" [_thread_blocked, id=151, stack(0x00007f0380000000,0x00007f0380100000)]
  0x00007f037c356a70 JavaThread "Framework Event Dispatcher: Equinox Container: b01a78ec-bf1c-4d77-9023-312893c85dbd" daemon [_thread_blocked, id=152, stack(0x00007f03633b3000,0x00007f03634b3000)]
  0x00007f037c359340 JavaThread "Start Level: Equinox Container: b01a78ec-bf1c-4d77-9023-312893c85dbd" daemon [_thread_blocked, id=153, stack(0x00007f0360f00000,0x00007f0361000000)]
  0x00007f037c33da20 JavaThread "Refresh Thread: Equinox Container: b01a78ec-bf1c-4d77-9023-312893c85dbd" daemon [_thread_blocked, id=154, stack(0x00007f0360d00000,0x00007f0360e00000)]
  0x00007f031401a880 JavaThread "SCR Component Actor" daemon [_thread_blocked, id=155, stack(0x00007f0360b00000,0x00007f0360c00000)]
  0x00007f03142a1710 JavaThread "Worker-JM" [_thread_blocked, id=157, stack(0x00007f0360800000,0x00007f0360900000)]
  0x00007f03144ad570 JavaThread "Java indexing" daemon [_thread_blocked, id=160, stack(0x00007f0360300000,0x00007f0360400000)]
  0x00007f03146264e0 JavaThread "Bundle File Closer" daemon [_thread_blocked, id=161, stack(0x00007f0360100000,0x00007f0360200000)]
  0x00007f037c39c9b0 JavaThread "pool-3-thread-1" [_thread_blocked, id=162, stack(0x00007f032ad00000,0x00007f032ae00000)]
  0x00007f03040077a0 JavaThread "Worker-2" [_thread_blocked, id=163, stack(0x00007f032ab00000,0x00007f032ac00000)]
  0x00007f037c4b2190 JavaThread "pool-2-thread-1" [_thread_in_native, id=164, stack(0x00007f032aa00000,0x00007f032ab00000)]
  0x00007f0314872ab0 JavaThread "Worker-4: Java indexing... " [_thread_blocked, id=166, stack(0x00007f032a700000,0x00007f032a800000)]
  0x00007f0304047f50 JavaThread "Worker-5" [_thread_blocked, id=188, stack(0x00007f0360900000,0x00007f0360a00000)]
  0x00007f0310144ed0 JavaThread "Thread-3" [_thread_blocked, id=209, stack(0x00007f0360e00000,0x00007f0360f00000)]
  0x00007f0310145aa0 JavaThread "Thread-4" [_thread_blocked, id=210, stack(0x00007f0360c00000,0x00007f0360d00000)]
  0x00007f0310146a80 JavaThread "Thread-5" [_thread_blocked, id=211, stack(0x00007f0360a00000,0x00007f0360b00000)]
  0x00007f0310137b60 JavaThread "Thread-6" [_thread_blocked, id=212, stack(0x00007f0360600000,0x00007f0360700000)]
  0x00007f0310054750 JavaThread "Thread-7" [_thread_blocked, id=220, stack(0x00007f032a900000,0x00007f032aa00000)]
  0x00007f0310054cd0 JavaThread "Thread-8" [_thread_blocked, id=221, stack(0x00007f0360700000,0x00007f0360800000)]
  0x00007f0310055470 JavaThread "Thread-9" [_thread_blocked, id=222, stack(0x00007f0360500000,0x00007f0360600000)]
  0x00007f0310055c10 JavaThread "Thread-10" [_thread_blocked, id=223, stack(0x00007f0380124000,0x00007f0380224000)]

Other Threads:
  0x00007f037c0a1bf0 VMThread "VM Thread" [stack: 0x00007f0381230000,0x00007f0381330000] [id=135] _threads_hazard_ptr=0x00007f0310174280
  0x00007f037c129910 WatcherThread [stack: 0x00007f0380248000,0x00007f0380348000] [id=148]
  0x00007f037c03df10 GCTaskThread "GC Thread#0" [stack: 0x00007f0383539000,0x00007f0383639000] [id=134]

Threads with active compile tasks:
JVMCI-native CompilerThread0   875928 10653  s    4       org.eclipse.jdt.internal.core.search.processing.JobManager::awaitingJobsCount (21 bytes)

VM state: synchronizing (normal execution)

VM Mutex/Monitor currently owned by a thread:  ([mutex/lock_event])
[0x00007f037c023820] Threads_lock - owner thread: 0x00007f037c0a1bf0
[0x00007f037c023fd0] Heap_lock - owner thread: 0x00007f0310055c10

OutOfMemory and StackOverflow Exception counts:
OutOfMemoryError java_heap_errors=3
LinkageErrors=65

Heap address: 0x00000000e0000000, size: 512 MB, Compressed Oops mode: 32-bit

CDS archive(s) mapped at: [0x0000000800000000-0x0000000800bc8000-0x0000000800bc8000), size 12353536, SharedBaseAddress: 0x0000000800000000, ArchiveRelocationMode: 0.
Compressed class space mapped at: 0x0000000800c00000-0x0000000840c00000, reserved size: 1073741824
Narrow klass base: 0x0000000800000000, Narrow klass shift: 0, Narrow klass range: 0x100000000

GC Precious Log:
 CPUs: 4 total, 1 available
 Memory: 1024M
 Large Page Support: Disabled
 NUMA Support: Disabled
 Compressed Oops: Enabled (32-bit)
 Alignments: Space 512K, Generation 512K, Heap 2M
 Heap Min Capacity: 100M
 Heap Initial Capacity: 100M
 Heap Max Capacity: 512M
 Pre-touch: Disabled
 Parallel Workers: 1

Heap:
 PSYoungGen      total 38912K, used 22016K [0x00000000f5580000, 0x00000000f8d80000, 0x0000000100000000)
  eden space 22016K, 100% used [0x00000000f5580000,0x00000000f6b00000,0x00000000f6b00000)
  from space 16896K, 0% used [0x00000000f7d00000,0x00000000f7d00000,0x00000000f8d80000)
  to   space 9728K, 0% used [0x00000000f6b00000,0x00000000f6b00000,0x00000000f7480000)
 ParOldGen       total 349696K, used 349694K [0x00000000e0000000, 0x00000000f5580000, 0x00000000f5580000)
  object space 349696K, 99% used [0x00000000e0000000,0x00000000f557f8e8,0x00000000f5580000)
 Metaspace       used 62527K, committed 63488K, reserved 1114112K
  class space    used 6036K, committed 6464K, reserved 1048576K

Card table byte_map: [0x00007f0383639000,0x00007f038373a000] _byte_map_base: 0x00007f0382f39000

Marking Bits: (ParMarkBitMap*) 0x00007f0384d894c0
 Begin Bits: [0x00007f038248c000, 0x00007f0382c8c000)
 End Bits:   [0x00007f0382c8c000, 0x00007f038348c000)

Polling page: 0x00007f0383953000

Metaspace:

Usage:
  Non-class:     55.17 MB used.
      Class:      5.89 MB used.
       Both:     61.06 MB used.

Virtual space:
  Non-class space:       64.00 MB reserved,      55.69 MB ( 87%) committed,  8 nodes.
      Class space:        1.00 GB reserved,       6.31 MB ( <1%) committed,  1 nodes.
             Both:        1.06 GB reserved,      62.00 MB (  6%) committed. 

Chunk freelists:
   Non-Class:  3.40 MB
       Class:  1.77 MB
        Both:  5.17 MB

MaxMetaspaceSize: unlimited
CompressedClassSpaceSize: 1.00 GB
Initial GC threshold: 21.00 MB
Current GC threshold: 103.38 MB
CDS: on
MetaspaceReclaimPolicy: balanced
 - commit_granule_bytes: 65536.
 - commit_granule_words: 8192.
 - virtual_space_node_default_size: 1048576.
 - enlarge_chunks_in_place: 1.
 - new_chunks_are_fully_committed: 0.
 - uncommit_free_chunks: 1.
 - use_allocation_guard: 0.
 - handle_deallocations: 1.


Internal statistics:

num_allocs_failed_limit: 8.
num_arena_births: 506.
num_arena_deaths: 146.
num_vsnodes_births: 9.
num_vsnodes_deaths: 0.
num_space_committed: 991.
num_space_uncommitted: 0.
num_chunks_returned_to_freelist: 208.
num_chunks_taken_from_freelist: 3009.
num_chunk_merges: 90.
num_chunk_splits: 1950.
num_chunks_enlarged: 1202.
num_purges: 18.
num_inconsistent_stats: 0.

CodeHeap 'non-profiled nmethods': size=120036Kb used=2685Kb max_used=2689Kb free=117350Kb
 bounds [0x00007f036af7a000, 0x00007f036b22a000, 0x00007f03724b3000]
CodeHeap 'profiled nmethods': size=120032Kb used=17285Kb max_used=19043Kb free=102746Kb
 bounds [0x00007f0363a42000, 0x00007f0364cf2000, 0x00007f036af7a000]
CodeHeap 'non-nmethods': size=5692Kb used=1396Kb max_used=1409Kb free=4295Kb
 bounds [0x00007f03634b3000, 0x00007f0363723000, 0x00007f0363a42000]
 total_blobs=8360 nmethods=7626 adapters=621
 compilation: enabled
              stopped_count=0, restarted_count=0
 full_count=0

JVMCI Events (20 events):
Event: 613.592 Thread 0x00007f037c0b21b0 destroyed JavaVM[7]@0x00007f032a19e340 for JVMCI runtime 0
Event: 613.592 Thread 0x00007f037c0b21b0 compacted oop handles in JVMCI runtime 0 from 50 to 50
Event: 613.592 Thread 0x00007f037c0b21b0 releasing handles for JVMCI runtime 0: oop handles=50, metadata handles={total=96, live=96, blocks=44}
Event: 613.592 Thread 0x00007f037c0b21b0 detached from JVMCI runtime 0
Event: 754.724 Thread 0x00007f037c0b21b0 attached to JVMCI runtime 0
Event: 754.726 Thread 0x00007f037c0b21b0 created JavaVM[8]@0x00007f032a19e340 for JVMCI runtime 0
Event: 755.846 Thread 0x00007f037c0b21b0 initializing JVMCI runtime 0
Event: 755.846 Thread 0x00007f037c0b21b0 done waiting for JavaVM references initialization in JVMCI runtime 0
Event: 778.330 Thread 0x00007f037c0b21b0 initialized JVMCI runtime 0
Event: 784.334 Thread 0x00007f037c0b21b0 detaching from JVMCI runtime 0: releasing idle compiler thread (0 other threads still attached)
Event: 784.334 Thread 0x00007f037c0b21b0 shutting down HotSpotJVMCIRuntime for JVMCI runtime 0
Event: 784.334 Thread 0x00007f037c0b21b0 shut down JVMCI runtime 0
Event: 784.335 Thread 0x00007f037c0b21b0 destroyed JavaVM[8]@0x00007f032a19e340 for JVMCI runtime 0
Event: 784.335 Thread 0x00007f037c0b21b0 compacted oop handles in JVMCI runtime 0 from 45 to 45
Event: 784.335 Thread 0x00007f037c0b21b0 releasing handles for JVMCI runtime 0: oop handles=45, metadata handles={total=90, live=78, blocks=44}
Event: 784.335 Thread 0x00007f037c0b21b0 detached from JVMCI runtime 0
Event: 839.032 Thread 0x00007f037c0b21b0 attached to JVMCI runtime 0
Event: 839.034 Thread 0x00007f037c0b21b0 created JavaVM[9]@0x00007f032a19e340 for JVMCI runtime 0
Event: 840.268 Thread 0x00007f037c0b21b0 initializing JVMCI runtime 0
Event: 840.268 Thread 0x00007f037c0b21b0 done waiting for JavaVM references initialization in JVMCI runtime 0

Compilation events (20 events):
Event: 757.022 Thread 0x00007f037c0b36c0 10644       3       org.eclipse.jdt.internal.compiler.codegen.CodeStream::isSwitchStackTrackingActive (21 bytes)
Event: 757.022 Thread 0x00007f037c0b36c0 nmethod 10644 0x00007f03641af590 code [0x00007f03641af740, 0x00007f03641af8f0]
Event: 757.022 Thread 0x00007f037c0b36c0 10639       3       org.eclipse.jdt.internal.compiler.ast.Statement::generateArguments (335 bytes)
Event: 758.173 Thread 0x00007f037c0b36c0 nmethod 10639 0x00007f0364ccbe90 code [0x00007f0364ccc260, 0x00007f0364cd06c0]
Event: 758.173 Thread 0x00007f037c0b36c0 10646       3       org.eclipse.jdt.internal.compiler.lookup.MethodBinding::signature (843 bytes)
Event: 762.920 Thread 0x00007f037c0b36c0 nmethod 10646 0x00007f0364934410 code [0x00007f0364934980, 0x00007f03649399c0]
Event: 762.920 Thread 0x00007f037c0b36c0 10649       3       org.eclipse.jdt.internal.compiler.lookup.ReferenceBinding::signature (29 bytes)
Event: 766.234 Thread 0x00007f037c0b36c0 nmethod 10649 0x00007f036445df90 code [0x00007f036445e160, 0x00007f036445e550]
Event: 766.234 Thread 0x00007f037c0b36c0 10647       3       org.eclipse.jdt.internal.compiler.codegen.CodeStream::writeUnsignedShort (50 bytes)
Event: 768.431 Thread 0x00007f037c0b36c0 nmethod 10647 0x00007f03642aef90 code [0x00007f03642af140, 0x00007f03642af2b0]
Event: 768.431 Thread 0x00007f037c0b36c0 10650       1       org.eclipse.jdt.core.dom.QualifiedName::getNodeType0 (3 bytes)
Event: 769.520 Thread 0x00007f037c0b36c0 nmethod 10650 0x00007f036b14be10 code [0x00007f036b14bfa0, 0x00007f036b14c070]
Event: 783.048 Thread 0x00007f037c0b21b0 nmethod 10637 0x00007f036b14bb10 code [0x00007f036b14bc80, 0x00007f036b14bd38]
Event: 783.048 Thread 0x00007f037c0b21b0 10648       4       org.eclipse.jdt.internal.compiler.codegen.ConstantPool::writeU1 (38 bytes)
Event: 783.052 Thread 0x00007f037c0b21b0 nmethod 10648 0x00007f036b14b710 code [0x00007f036b14b8a0, 0x00007f036b14b9d0]
Event: 790.247 Thread 0x00007f037c0b36c0 10651       3       java.util.concurrent.ThreadPoolExecutor::isShutdown (12 bytes)
Event: 791.438 Thread 0x00007f037c0b36c0 nmethod 10651 0x00007f036444b290 code [0x00007f036444b440, 0x00007f036444b630]
Event: 804.045 Thread 0x00007f037c0b36c0 10652       3       java.util.concurrent.ScheduledThreadPoolExecutor::canRunInCurrentRunState (61 bytes)
Event: 806.236 Thread 0x00007f037c0b36c0 nmethod 10652 0x00007f036413f690 code [0x00007f036413f8a0, 0x00007f0364140340]
Event: 839.032 Thread 0x00007f037c0b21b0 10653  s    4       org.eclipse.jdt.internal.core.search.processing.JobManager::awaitingJobsCount (21 bytes)

GC Heap History (20 events):
Event: 863.522 GC heap before
{Heap before GC invocations=699 (full 593):
 PSYoungGen      total 38912K, used 22015K [0x00000000f5580000, 0x00000000f8d80000, 0x0000000100000000)
  eden space 22016K, 99% used [0x00000000f5580000,0x00000000f6affff8,0x00000000f6b00000)
  from space 16896K, 0% used [0x00000000f7d00000,0x00000000f7d00000,0x00000000f8d80000)
  to   space 9728K, 0% used [0x00000000f6b00000,0x00000000f6b00000,0x00000000f7480000)
 ParOldGen       total 349696K, used 349695K [0x00000000e0000000, 0x00000000f5580000, 0x00000000f5580000)
  object space 349696K, 99% used [0x00000000e0000000,0x00000000f557fff0,0x00000000f5580000)
 Metaspace       used 62527K, committed 63488K, reserved 1114112K
  class space    used 6036K, committed 6464K, reserved 1048576K
}
Event: 864.758 GC heap after
{Heap after GC invocations=699 (full 593):
 PSYoungGen      total 31744K, used 22015K [0x00000000f5580000, 0x00000000f8d80000, 0x0000000100000000)
  eden space 22016K, 99% used [0x00000000f5580000,0x00000000f6affff8,0x00000000f6b00000)
  from space 9728K, 0% used [0x00000000f6b00000,0x00000000f6b00000,0x00000000f7480000)
  to   space 16896K, 0% used [0x00000000f7d00000,0x00000000f7d00000,0x00000000f8d80000)
 ParOldGen       total 349696K, used 349695K [0x00000000e0000000, 0x00000000f5580000, 0x00000000f5580000)
  object space 349696K, 99% used [0x00000000e0000000,0x00000000f557fff0,0x00000000f5580000)
 Metaspace       used 62527K, committed 63488K, reserved 1114112K
  class space    used 6036K, committed 6464K, reserved 1048576K
}
Event: 864.761 GC heap before
{Heap before GC invocations=700 (full 594):
 PSYoungGen      total 31744K, used 22015K [0x00000000f5580000, 0x00000000f8d80000, 0x0000000100000000)
  eden space 22016K, 99% used [0x00000000f5580000,0x00000000f6affff8,0x00000000f6b00000)
  from space 9728K, 0% used [0x00000000f6b00000,0x00000000f6b00000,0x00000000f7480000)
  to   space 16896K, 0% used [0x00000000f7d00000,0x00000000f7d00000,0x00000000f8d80000)
 ParOldGen       total 349696K, used 349695K [0x00000000e0000000, 0x00000000f5580000, 0x00000000f5580000)
  object space 349696K, 99% used [0x00000000e0000000,0x00000000f557fff0,0x00000000f5580000)
 Metaspace       used 62527K, committed 63488K, reserved 1114112K
  class space    used 6036K, committed 6464K, reserved 1048576K
}
Event: 866.114 GC heap after
{Heap after GC invocations=700 (full 594):
 PSYoungGen      total 38912K, used 22015K [0x00000000f5580000, 0x00000000f8d80000, 0x0000000100000000)
  eden space 22016K, 99% used [0x00000000f5580000,0x00000000f6afffd8,0x00000000f6b00000)
  from space 16896K, 0% used [0x00000000f7d00000,0x00000000f7d00000,0x00000000f8d80000)
  to   space 9728K, 0% used [0x00000000f6b00000,0x00000000f6b00000,0x00000000f7480000)
 ParOldGen       total 349696K, used 349694K [0x00000000e0000000, 0x00000000f5580000, 0x00000000f5580000)
  object space 349696K, 99% used [0x00000000e0000000,0x00000000f557fa50,0x00000000f5580000)
 Metaspace       used 62527K, committed 63488K, reserved 1114112K
  class space    used 6036K, committed 6464K, reserved 1048576K
}
Event: 866.116 GC heap before
{Heap before GC invocations=701 (full 595):
 PSYoungGen      total 38912K, used 22015K [0x00000000f5580000, 0x00000000f8d80000, 0x0000000100000000)
  eden space 22016K, 99% used [0x00000000f5580000,0x00000000f6affff0,0x00000000f6b00000)
  from space 16896K, 0% used [0x00000000f7d00000,0x00000000f7d00000,0x00000000f8d80000)
  to   space 9728K, 0% used [0x00000000f6b00000,0x00000000f6b00000,0x00000000f7480000)
 ParOldGen       total 349696K, used 349694K [0x00000000e0000000, 0x00000000f5580000, 0x00000000f5580000)
  object space 349696K, 99% used [0x00000000e0000000,0x00000000f557fa50,0x00000000f5580000)
 Metaspace       used 62527K, committed 63488K, reserved 1114112K
  class space    used 6036K, committed 6464K, reserved 1048576K
}
Event: 867.321 GC heap after
{Heap after GC invocations=701 (full 595):
 PSYoungGen      total 31744K, used 22015K [0x00000000f5580000, 0x00000000f8d80000, 0x0000000100000000)
  eden space 22016K, 99% used [0x00000000f5580000,0x00000000f6affff0,0x00000000f6b00000)
  from space 9728K, 0% used [0x00000000f6b00000,0x00000000f6b00000,0x00000000f7480000)
  to   space 16896K, 0% used [0x00000000f7d00000,0x00000000f7d00000,0x00000000f8d80000)
 ParOldGen       total 349696K, used 349694K [0x00000000e0000000, 0x00000000f5580000, 0x00000000f5580000)
  object space 349696K, 99% used [0x00000000e0000000,0x00000000f557fa50,0x00000000f5580000)
 Metaspace       used 62527K, committed 63488K, reserved 1114112K
  class space    used 6036K, committed 6464K, reserved 1048576K
}
Event: 867.324 GC heap before
{Heap before GC invocations=702 (full 596):
 PSYoungGen      total 31744K, used 22015K [0x00000000f5580000, 0x00000000f8d80000, 0x0000000100000000)
  eden space 22016K, 99% used [0x00000000f5580000,0x00000000f6affff0,0x00000000f6b00000)
  from space 9728K, 0% used [0x00000000f6b00000,0x00000000f6b00000,0x00000000f7480000)
  to   space 16896K, 0% used [0x00000000f7d00000,0x00000000f7d00000,0x00000000f8d80000)
 ParOldGen       total 349696K, used 349695K [0x00000000e0000000, 0x00000000f5580000, 0x00000000f5580000)
  object space 349696K, 99% used [0x00000000e0000000,0x00000000f557ffd0,0x00000000f5580000)
 Metaspace       used 62527K, committed 63488K, reserved 1114112K
  class space    used 6036K, committed 6464K, reserved 1048576K
}
Event: 868.473 GC heap after
{Heap after GC invocations=702 (full 596):
 PSYoungGen      total 38912K, used 22015K [0x00000000f5580000, 0x00000000f8d80000, 0x0000000100000000)
  eden space 22016K, 99% used [0x00000000f5580000,0x00000000f6afffd8,0x00000000f6b00000)
  from space 16896K, 0% used [0x00000000f7d00000,0x00000000f7d00000,0x00000000f8d80000)
  to   space 9728K, 0% used [0x00000000f6b00000,0x00000000f6b00000,0x00000000f7480000)
 ParOldGen       total 349696K, used 349695K [0x00000000e0000000, 0x00000000f5580000, 0x00000000f5580000)
  object space 349696K, 99% used [0x00000000e0000000,0x00000000f557fcb0,0x00000000f5580000)
 Metaspace       used 62527K, committed 63488K, reserved 1114112K
  class space    used 6036K, committed 6464K, reserved 1048576K
}
Event: 868.475 GC heap before
{Heap before GC invocations=703 (full 597):
 PSYoungGen      total 38912K, used 22015K [0x00000000f5580000, 0x00000000f8d80000, 0x0000000100000000)
  eden space 22016K, 99% used [0x00000000f5580000,0x00000000f6affff8,0x00000000f6b00000)
  from space 16896K, 0% used [0x00000000f7d00000,0x00000000f7d00000,0x00000000f8d80000)
  to   space 9728K, 0% used [0x00000000f6b00000,0x00000000f6b00000,0x00000000f7480000)
 ParOldGen       total 349696K, used 349695K [0x00000000e0000000, 0x00000000f5580000, 0x00000000f5580000)
  object space 349696K, 99% used [0x00000000e0000000,0x00000000f557ffe0,0x00000000f5580000)
 Metaspace       used 62527K, committed 63488K, reserved 1114112K
  class space    used 6036K, committed 6464K, reserved 1048576K
}
Event: 869.665 GC heap after
{Heap after GC invocations=703 (full 597):
 PSYoungGen      total 31744K, used 22015K [0x00000000f5580000, 0x00000000f8d80000, 0x0000000100000000)
  eden space 22016K, 99% used [0x00000000f5580000,0x00000000f6afffa0,0x00000000f6b00000)
  from space 9728K, 0% used [0x00000000f6b00000,0x00000000f6b00000,0x00000000f7480000)
  to   space 16896K, 0% used [0x00000000f7d00000,0x00000000f7d00000,0x00000000f8d80000)
 ParOldGen       total 349696K, used 349694K [0x00000000e0000000, 0x00000000f5580000, 0x00000000f5580000)
  object space 349696K, 99% used [0x00000000e0000000,0x00000000f557fb00,0x00000000f5580000)
 Metaspace       used 62527K, committed 63488K, reserved 1114112K
  class space    used 6036K, committed 6464K, reserved 1048576K
}
Event: 869.665 GC heap before
{Heap before GC invocations=704 (full 598):
 PSYoungGen      total 31744K, used 22016K [0x00000000f5580000, 0x00000000f8d80000, 0x0000000100000000)
  eden space 22016K, 100% used [0x00000000f5580000,0x00000000f6b00000,0x00000000f6b00000)
  from space 9728K, 0% used [0x00000000f6b00000,0x00000000f6b00000,0x00000000f7480000)
  to   space 16896K, 0% used [0x00000000f7d00000,0x00000000f7d00000,0x00000000f8d80000)
 ParOldGen       total 349696K, used 349694K [0x00000000e0000000, 0x00000000f5580000, 0x00000000f5580000)
  object space 349696K, 99% used [0x00000000e0000000,0x00000000f557fb00,0x00000000f5580000)
 Metaspace       used 62527K, committed 63488K, reserved 1114112K
  class space    used 6036K, committed 6464K, reserved 1048576K
}
Event: 870.846 GC heap after
{Heap after GC invocations=704 (full 598):
 PSYoungGen      total 38912K, used 22016K [0x00000000f5580000, 0x00000000f8d80000, 0x0000000100000000)
  eden space 22016K, 100% used [0x00000000f5580000,0x00000000f6b00000,0x00000000f6b00000)
  from space 16896K, 0% used [0x00000000f7d00000,0x00000000f7d00000,0x00000000f8d80000)
  to   space 9728K, 0% used [0x00000000f6b00000,0x00000000f6b00000,0x00000000f7480000)
 ParOldGen       total 349696K, used 349694K [0x00000000e0000000, 0x00000000f5580000, 0x00000000f5580000)
  object space 349696K, 99% used [0x00000000e0000000,0x00000000f557fb00,0x00000000f5580000)
 Metaspace       used 62527K, committed 63488K, reserved 1114112K
  class space    used 6036K, committed 6464K, reserved 1048576K
}
Event: 870.847 GC heap before
{Heap before GC invocations=705 (full 599):
 PSYoungGen      total 38912K, used 22016K [0x00000000f5580000, 0x00000000f8d80000, 0x0000000100000000)
  eden space 22016K, 100% used [0x00000000f5580000,0x00000000f6b00000,0x00000000f6b00000)
  from space 16896K, 0% used [0x00000000f7d00000,0x00000000f7d00000,0x00000000f8d80000)
  to   space 9728K, 0% used [0x00000000f6b00000,0x00000000f6b00000,0x00000000f7480000)
 ParOldGen       total 349696K, used 349695K [0x00000000e0000000, 0x00000000f5580000, 0x00000000f5580000)
  object space 349696K, 99% used [0x00000000e0000000,0x00000000f557fd18,0x00000000f5580000)
 Metaspace       used 62527K, committed 63488K, reserved 1114112K
  class space    used 6036K, committed 6464K, reserved 1048576K
}
Event: 872.052 GC heap after
{Heap after GC invocations=705 (full 599):
 PSYoungGen      total 31744K, used 22016K [0x00000000f5580000, 0x00000000f8d80000, 0x0000000100000000)
  eden space 22016K, 100% used [0x00000000f5580000,0x00000000f6b00000,0x00000000f6b00000)
  from space 9728K, 0% used [0x00000000f6b00000,0x00000000f6b00000,0x00000000f7480000)
  to   space 16896K, 0% used [0x00000000f7d00000,0x00000000f7d00000,0x00000000f8d80000)
 ParOldGen       total 349696K, used 349694K [0x00000000e0000000, 0x00000000f5580000, 0x00000000f5580000)
  object space 349696K, 99% used [0x00000000e0000000,0x00000000f557fb58,0x00000000f5580000)
 Metaspace       used 62527K, committed 63488K, reserved 1114112K
  class space    used 6036K, committed 6464K, reserved 1048576K
}
Event: 872.052 GC heap before
{Heap before GC invocations=706 (full 600):
 PSYoungGen      total 31744K, used 22016K [0x00000000f5580000, 0x00000000f8d80000, 0x0000000100000000)
  eden space 22016K, 100% used [0x00000000f5580000,0x00000000f6b00000,0x00000000f6b00000)
  from space 9728K, 0% used [0x00000000f6b00000,0x00000000f6b00000,0x00000000f7480000)
  to   space 16896K, 0% used [0x00000000f7d00000,0x00000000f7d00000,0x00000000f8d80000)
 ParOldGen       total 349696K, used 349694K [0x00000000e0000000, 0x00000000f5580000, 0x00000000f5580000)
  object space 349696K, 99% used [0x00000000e0000000,0x00000000f557fb58,0x00000000f5580000)
 Metaspace       used 62527K, committed 63488K, reserved 1114112K
  class space    used 6036K, committed 6464K, reserved 1048576K
}
Event: 873.272 GC heap after
{Heap after GC invocations=706 (full 600):
 PSYoungGen      total 38912K, used 22016K [0x00000000f5580000, 0x00000000f8d80000, 0x0000000100000000)
  eden space 22016K, 100% used [0x00000000f5580000,0x00000000f6b00000,0x00000000f6b00000)
  from space 16896K, 0% used [0x00000000f7d00000,0x00000000f7d00000,0x00000000f8d80000)
  to   space 9728K, 0% used [0x00000000f6b00000,0x00000000f6b00000,0x00000000f7480000)
 ParOldGen       total 349696K, used 349694K [0x00000000e0000000, 0x00000000f5580000, 0x00000000f5580000)
  object space 349696K, 99% used [0x00000000e0000000,0x00000000f557fb58,0x00000000f5580000)
 Metaspace       used 62527K, committed 63488K, reserved 1114112K
  class space    used 6036K, committed 6464K, reserved 1048576K
}
Event: 873.273 GC heap before
{Heap before GC invocations=707 (full 601):
 PSYoungGen      total 38912K, used 22016K [0x00000000f5580000, 0x00000000f8d80000, 0x0000000100000000)
  eden space 22016K, 100% used [0x00000000f5580000,0x00000000f6b00000,0x00000000f6b00000)
  from space 16896K, 0% used [0x00000000f7d00000,0x00000000f7d00000,0x00000000f8d80000)
  to   space 9728K, 0% used [0x00000000f6b00000,0x00000000f6b00000,0x00000000f7480000)
 ParOldGen       total 349696K, used 349695K [0x00000000e0000000, 0x00000000f5580000, 0x00000000f5580000)
  object space 349696K, 99% used [0x00000000e0000000,0x00000000f557fdb0,0x00000000f5580000)
 Metaspace       used 62527K, committed 63488K, reserved 1114112K
  class space    used 6036K, committed 6464K, reserved 1048576K
}
Event: 874.630 GC heap after
{Heap after GC invocations=707 (full 601):
 PSYoungGen      total 31744K, used 22016K [0x00000000f5580000, 0x00000000f8d80000, 0x0000000100000000)
  eden space 22016K, 100% used [0x00000000f5580000,0x00000000f6b00000,0x00000000f6b00000)
  from space 9728K, 0% used [0x00000000f6b00000,0x00000000f6b00000,0x00000000f7480000)
  to   space 16896K, 0% used [0x00000000f7d00000,0x00000000f7d00000,0x00000000f8d80000)
 ParOldGen       total 349696K, used 349693K [0x00000000e0000000, 0x00000000f5580000, 0x00000000f5580000)
  object space 349696K, 99% used [0x00000000e0000000,0x00000000f557f7f0,0x00000000f5580000)
 Metaspace       used 62527K, committed 63488K, reserved 1114112K
  class space    used 6036K, committed 6464K, reserved 1048576K
}
Event: 874.630 GC heap before
{Heap before GC invocations=708 (full 602):
 PSYoungGen      total 31744K, used 22016K [0x00000000f5580000, 0x00000000f8d80000, 0x0000000100000000)
  eden space 22016K, 100% used [0x00000000f5580000,0x00000000f6b00000,0x00000000f6b00000)
  from space 9728K, 0% used [0x00000000f6b00000,0x00000000f6b00000,0x00000000f7480000)
  to   space 16896K, 0% used [0x00000000f7d00000,0x00000000f7d00000,0x00000000f8d80000)
 ParOldGen       total 349696K, used 349693K [0x00000000e0000000, 0x00000000f5580000, 0x00000000f5580000)
  object space 349696K, 99% used [0x00000000e0000000,0x00000000f557f7f0,0x00000000f5580000)
 Metaspace       used 62527K, committed 63488K, reserved 1114112K
  class space    used 6036K, committed 6464K, reserved 1048576K
}
Event: 875.820 GC heap after
{Heap after GC invocations=708 (full 602):
 PSYoungGen      total 38912K, used 22016K [0x00000000f5580000, 0x00000000f8d80000, 0x0000000100000000)
  eden space 22016K, 100% used [0x00000000f5580000,0x00000000f6b00000,0x00000000f6b00000)
  from space 16896K, 0% used [0x00000000f7d00000,0x00000000f7d00000,0x00000000f8d80000)
  to   space 9728K, 0% used [0x00000000f6b00000,0x00000000f6b00000,0x00000000f7480000)
 ParOldGen       total 349696K, used 349693K [0x00000000e0000000, 0x00000000f5580000, 0x00000000f5580000)
  object space 349696K, 99% used [0x00000000e0000000,0x00000000f557f7f0,0x00000000f5580000)
 Metaspace       used 62527K, committed 63488K, reserved 1114112K
  class space    used 6036K, committed 6464K, reserved 1048576K
}

Dll operation events (9 events):
Event: 0.002 Loaded shared library /nix/store/gpxl5qgg8kicmcvivwmybwjlpf7wh20l-graalvm17-ce-22.3.0/lib/libjava.so
Event: 0.007 Loaded shared library /nix/store/gpxl5qgg8kicmcvivwmybwjlpf7wh20l-graalvm17-ce-22.3.0/lib/libjsvml.so
Event: 0.128 Loaded shared library /nix/store/gpxl5qgg8kicmcvivwmybwjlpf7wh20l-graalvm17-ce-22.3.0/lib/libnio.so
Event: 0.131 Loaded shared library /nix/store/gpxl5qgg8kicmcvivwmybwjlpf7wh20l-graalvm17-ce-22.3.0/lib/libzip.so
Event: 0.134 Loaded shared library /nix/store/gpxl5qgg8kicmcvivwmybwjlpf7wh20l-graalvm17-ce-22.3.0/lib/libjvmcicompiler.so
Event: 0.715 Loaded shared library /nix/store/gpxl5qgg8kicmcvivwmybwjlpf7wh20l-graalvm17-ce-22.3.0/lib/libjimage.so
Event: 1.556 Loaded shared library /nix/store/gpxl5qgg8kicmcvivwmybwjlpf7wh20l-graalvm17-ce-22.3.0/lib/libnet.so
Event: 7.417 Loaded shared library /home/runner/.cache/jdt-language-server/config/org.eclipse.equinox.launcher/org.eclipse.equinox.launcher.gtk.linux.x86_64_1.2.400.v20211117-0650/eclipse_11600.so
Event: 15.917 Loaded shared library /nix/store/gpxl5qgg8kicmcvivwmybwjlpf7wh20l-graalvm17-ce-22.3.0/lib/libextnet.so

Deoptimization events (20 events):
Event: 187.048 Thread 0x00007f0310054cd0 Uncommon trap: trap_request=0xffffffcd fr.pc=0x00007f036b1625b3 relative=0x00000000000000d3
Event: 187.048 Thread 0x00007f0310054cd0 Uncommon trap: reason=intrinsic_or_type_checked_inlining action=reinterpret pc=0x00007f036b1625b3 method=org.eclipse.jdt.internal.core.JavaElement.setParent(Lorg/eclipse/jdt/internal/core/JavaElement;)V @ 0 jvmci
Event: 187.048 Thread 0x00007f0310054cd0 DEOPT PACKING pc=0x00007f036b1625b3 sp=0x00007f03607fd730
Event: 187.048 Thread 0x00007f0310054cd0 DEOPT UNPACKING pc=0x00007f0363505325 sp=0x00007f03607fcbc8 mode 3
Event: 187.069 Thread 0x00007f0310054cd0 Uncommon trap: trap_request=0xffffffcd fr.pc=0x00007f036b104486 relative=0x0000000000001766
Event: 187.069 Thread 0x00007f0310054cd0 Uncommon trap: reason=intrinsic_or_type_checked_inlining action=reinterpret pc=0x00007f036b104486 method=org.eclipse.jdt.internal.compiler.parser.Parser.consumeRule(I)V @ 0 jvmci
Event: 187.069 Thread 0x00007f0310054cd0 DEOPT PACKING pc=0x00007f036b104486 sp=0x00007f03607fded0
Event: 187.069 Thread 0x00007f0310054cd0 DEOPT UNPACKING pc=0x00007f0363505325 sp=0x00007f03607fd368 mode 3
Event: 223.313 Thread 0x00007f0310054cd0 Uncommon trap: trap_request=0xffffffc4 fr.pc=0x00007f036b07b242 relative=0x00000000000000c2
Event: 223.313 Thread 0x00007f0310054cd0 Uncommon trap: reason=bimorphic_or_optimized_type_check action=make_not_entrant pc=0x00007f036b07b242 method=org.eclipse.jdt.internal.compiler.parser.Scanner.isInModuleDeclaration()Z @ 0 jvmci
Event: 223.313 Thread 0x00007f0310054cd0 DEOPT PACKING pc=0x00007f036b07b242 sp=0x00007f03607fdb30
Event: 223.313 Thread 0x00007f0310054cd0 DEOPT UNPACKING pc=0x00007f0363505325 sp=0x00007f03607fcfd0 mode 3
Event: 864.760 Thread 0x00007f03144ad570 Uncommon trap: trap_request=0xffffff8f fr.pc=0x00007f036b20dd09 relative=0x00000000000011c9
Event: 864.760 Thread 0x00007f03144ad570 Uncommon trap: reason=constraint action=none pc=0x00007f036b20dd09 method=org.eclipse.jdt.internal.core.index.DiskIndex.copyQueryResults(Lorg/eclipse/jdt/internal/compiler/util/HashtableOfObject;I)V @ 123 jvmci
Event: 864.760 Thread 0x00007f03144ad570 DEOPT PACKING pc=0x00007f036b20dd09 sp=0x00007f03603fe530
Event: 864.760 Thread 0x00007f03144ad570 DEOPT UNPACKING pc=0x00007f0363505325 sp=0x00007f03603fda28 mode 3
Event: 873.272 Thread 0x00007f037c0b21b0 Uncommon trap: trap_request=0xffffff8f fr.pc=0x00007f036b04a69b relative=0x000000000000017b
Event: 873.272 Thread 0x00007f037c0b21b0 Uncommon trap: reason=constraint action=none pc=0x00007f036b04a69b method=java.io.ByteArrayOutputStream.<init>(I)V @ 0 jvmci
Event: 873.272 Thread 0x00007f037c0b21b0 DEOPT PACKING pc=0x00007f036b04a69b sp=0x00007f0380a46020
Event: 873.273 Thread 0x00007f037c0b21b0 DEOPT UNPACKING pc=0x00007f0363505325 sp=0x00007f0380a454c8 mode 3

Classes unloaded (20 events):
Event: 194.579 Thread 0x00007f037c0a1bf0 Unloading class 0x0000000801108000 'jdk/internal/reflect/GeneratedSerializationConstructorAccessor13'
Event: 194.579 Thread 0x00007f037c0a1bf0 Unloading class 0x0000000801105c00 'jdk/internal/reflect/GeneratedSerializationConstructorAccessor12'
Event: 194.579 Thread 0x00007f037c0a1bf0 Unloading class 0x0000000801105800 'jdk/internal/reflect/GeneratedMethodAccessor12'
Event: 194.579 Thread 0x00007f037c0a1bf0 Unloading class 0x0000000801105000 'jdk/internal/reflect/GeneratedSerializationConstructorAccessor11'
Event: 194.579 Thread 0x00007f037c0a1bf0 Unloading class 0x0000000801104c00 'jdk/internal/reflect/GeneratedSerializationConstructorAccessor10'
Event: 194.579 Thread 0x00007f037c0a1bf0 Unloading class 0x0000000801104800 'jdk/internal/reflect/GeneratedSerializationConstructorAccessor9'
Event: 194.579 Thread 0x00007f037c0a1bf0 Unloading class 0x0000000801104400 'jdk/internal/reflect/GeneratedSerializationConstructorAccessor8'
Event: 194.579 Thread 0x00007f037c0a1bf0 Unloading class 0x00000008010f9000 'jdk/internal/reflect/GeneratedSerializationConstructorAccessor7'
Event: 194.579 Thread 0x00007f037c0a1bf0 Unloading class 0x00000008010f8c00 'jdk/internal/reflect/GeneratedSerializationConstructorAccessor6'
Event: 194.579 Thread 0x00007f037c0a1bf0 Unloading class 0x00000008010f8800 'jdk/internal/reflect/GeneratedSerializationConstructorAccessor5'
Event: 194.579 Thread 0x00007f037c0a1bf0 Unloading class 0x00000008010f8400 'jdk/internal/reflect/GeneratedSerializationConstructorAccessor4'
Event: 194.580 Thread 0x00007f037c0a1bf0 Unloading class 0x00000008010c0000 'jdk/internal/reflect/GeneratedSerializationConstructorAccessor3'
Event: 194.580 Thread 0x00007f037c0a1bf0 Unloading class 0x0000000801094400 'jdk/internal/reflect/GeneratedSerializationConstructorAccessor2'
Event: 194.580 Thread 0x00007f037c0a1bf0 Unloading class 0x0000000801094000 'jdk/internal/reflect/GeneratedSerializationConstructorAccessor1'
Event: 203.763 Thread 0x00007f037c0a1bf0 Unloading class 0x00000008010e4c00 'jdk/internal/reflect/GeneratedMethodAccessor10'
Event: 203.763 Thread 0x00007f037c0a1bf0 Unloading class 0x00000008010e4800 'jdk/internal/reflect/GeneratedMethodAccessor9'
Event: 203.763 Thread 0x00007f037c0a1bf0 Unloading class 0x00000008010e4000 'jdk/internal/reflect/GeneratedMethodAccessor7'
Event: 205.496 Thread 0x00007f037c0a1bf0 Unloading class 0x00000008010e4400 'jdk/internal/reflect/GeneratedMethodAccessor8'
Event: 224.284 Thread 0x00007f037c0a1bf0 Unloading class 0x0000000801105400 'jdk/internal/reflect/GeneratedMethodAccessor11'
Event: 351.425 Thread 0x00007f037c0a1bf0 Unloading class 0x0000000801104000 'jdk/internal/reflect/GeneratedConstructorAccessor36'

Classes redefined (0 events):
No events

Internal exceptions (20 events):
Event: 52.546 Thread 0x00007f03040077a0 Exception <a 'java/lang/NoSuchMethodError'{0x00000000f5e8f0a8}: 'java.lang.Object java.lang.invoke.Invokers$Holder.linkToTargetMethod(java.lang.Object, java.lang.Object, long, java.lang.Object)'> (0x00000000f5e8f0a8) 
thrown [src/hotspot/share/interpreter/linkResolver.cpp, line 758]
Event: 52.550 Thread 0x00007f03040077a0 Exception <a 'java/io/FileNotFoundException'{0x00000000f61bb558}> (0x00000000f61bb558) 
thrown [src/hotspot/share/prims/jni.cpp, line 516]
Event: 52.625 Thread 0x00007f03040077a0 Exception <a 'java/lang/NoSuchMethodError'{0x00000000f638dcc8}: 'java.lang.Object java.lang.invoke.DirectMethodHandle$Holder.newInvokeSpecial(java.lang.Object, java.lang.Object, int, java.lang.Object, java.lang.Object)'> (0x00000000f638dcc8) 
thrown [src/hotspot/share/interpreter/linkResolver.cpp, line 758]
Event: 52.625 Thread 0x00007f03040077a0 Exception <a 'java/lang/NoSuchMethodError'{0x00000000f63920f8}: 'java.lang.Object java.lang.invoke.DirectMethodHandle$Holder.invokeSpecial(java.lang.Object, java.lang.Object, java.lang.Object, int, java.lang.Object, java.lang.Object)'> (0x00000000f63920f8) 
thrown [src/hotspot/share/interpreter/linkResolver.cpp, line 758]
Event: 52.717 Thread 0x00007f03040077a0 Implicit null exception at 0x00007f036b15c8b0 to 0x00007f036b15cb06
Event: 52.832 Thread 0x00007f03040077a0 Exception <a 'java/lang/NoSuchMethodError'{0x00000000f575ac58}: 'java.lang.Object java.lang.invoke.DirectMethodHandle$Holder.newInvokeSpecial(java.lang.Object, java.lang.Object, java.lang.Object, int, java.lang.Object)'> (0x00000000f575ac58) 
thrown [src/hotspot/share/interpreter/linkResolver.cpp, line 758]
Event: 52.833 Thread 0x00007f03040077a0 Exception <a 'java/lang/NoSuchMethodError'{0x00000000f57948d0}: 'java.lang.Object java.lang.invoke.DirectMethodHandle$Holder.invokeSpecial(java.lang.Object, java.lang.Object, java.lang.Object, java.lang.Object, int, java.lang.Object)'> (0x00000000f57948d0) 
thrown [src/hotspot/share/interpreter/linkResolver.cpp, line 758]
Event: 52.833 Thread 0x00007f03040077a0 Exception <a 'java/lang/NoSuchMethodError'{0x00000000f57983b8}: 'java.lang.Object java.lang.invoke.Invokers$Holder.linkToTargetMethod(java.lang.Object, java.lang.Object, int, java.lang.Object, java.lang.Object)'> (0x00000000f57983b8) 
thrown [src/hotspot/share/interpreter/linkResolver.cpp, line 758]
Event: 57.741 Thread 0x00007f0304047f50 Exception <a 'java/lang/NoSuchMethodError'{0x00000000f5910660}: 'java.lang.Object java.lang.invoke.DirectMethodHandle$Holder.invokeStatic(java.lang.Object, java.lang.Object, int, java.lang.Object)'> (0x00000000f5910660) 
thrown [src/hotspot/share/interpreter/linkResolver.cpp, line 758]
Event: 57.741 Thread 0x00007f0304047f50 Exception <a 'java/lang/NoSuchMethodError'{0x00000000f59191b0}: 'java.lang.Object java.lang.invoke.DirectMethodHandle$Holder.newInvokeSpecial(java.lang.Object, java.lang.Object, int)'> (0x00000000f59191b0) 
thrown [src/hotspot/share/interpreter/linkResolver.cpp, line 758]
Event: 63.825 Thread 0x00007f037c4b2190 Implicit null exception at 0x00007f036b0e0fc3 to 0x00007f036b0e111f
Event: 69.741 Thread 0x00007f0310144310 Exception <a 'java/lang/NoSuchMethodError'{0x00000000f5f18c98}: 'java.lang.Object java.lang.invoke.DirectMethodHandle$Holder.invokeStatic(java.lang.Object, int, java.lang.Object, java.lang.Object, java.lang.Object, java.lang.Object)'> (0x00000000f5f18c98) 
thrown [src/hotspot/share/interpreter/linkResolver.cpp, line 758]
Event: 69.844 Thread 0x00007f0310144310 Exception <a 'java/lang/NoSuchMethodError'{0x00000000f5fa7b90}: 'java.lang.Object java.lang.invoke.DirectMethodHandle$Holder.newInvokeSpecial(java.lang.Object, int, java.lang.Object, java.lang.Object, java.lang.Object)'> (0x00000000f5fa7b90) 
thrown [src/hotspot/share/interpreter/linkResolver.cpp, line 758]
Event: 70.533 Thread 0x00007f0310144310 Exception <a 'java/lang/NoSuchMethodError'{0x00000000f61e0e18}: 'void java.lang.invoke.DirectMethodHandle$Holder.invokeSpecial(java.lang.Object, java.lang.Object, int)'> (0x00000000f61e0e18) 
thrown [src/hotspot/share/interpreter/linkResolver.cpp, line 758]
Event: 71.721 Thread 0x00007f0310144310 Exception <a 'java/lang/NoSuchMethodError'{0x00000000f59fb718}: 'int java.lang.invoke.DirectMethodHandle$Holder.invokeSpecialIFC(java.lang.Object, java.lang.Object, java.lang.Object, java.lang.Object)'> (0x00000000f59fb718) 
thrown [src/hotspot/share/interpreter/linkResolver.cpp, line 758]
Event: 864.759 Thread 0x00007f03144ad570 Exception <a 'java/lang/OutOfMemoryError'{0x00000000e0004dd0}> (0x00000000e0004dd0) 
thrown [src/hotspot/share/gc/shared/memAllocator.cpp, line 138]
Event: 864.760 Thread 0x00007f03144ad570 Implicit null exception at 0x00007f036b20d753 to 0x00007f036b20dcee
Event: 873.272 Thread 0x00007f037c0b21b0 Exception <a 'java/lang/OutOfMemoryError'{0x00000000e0004830}> (0x00000000e0004830) 
thrown [src/hotspot/share/gc/shared/memAllocator.cpp, line 138]
Event: 873.272 Thread 0x00007f037c0b21b0 Implicit null exception at 0x00007f036b04a651 to 0x00007f036b04a680
Event: 875.820 Thread 0x00007f037c0b21b0 Exception <a 'java/lang/OutOfMemoryError'{0x00000000e00045b0}> (0x00000000e00045b0) 
thrown [src/hotspot/share/gc/shared/memAllocator.cpp, line 136]

VM Operations (20 events):
Event: 859.945 Executing VM operation: ParallelGCFailedAllocation
Event: 861.046 Executing VM operation: ParallelGCFailedAllocation done
Event: 861.046 Executing VM operation: ParallelGCFailedAllocation
Event: 862.274 Executing VM operation: ParallelGCFailedAllocation done
Event: 862.275 Executing VM operation: ParallelGCFailedAllocation
Event: 864.759 Executing VM operation: ParallelGCFailedAllocation done
Event: 864.761 Executing VM operation: ParallelGCFailedAllocation
Event: 866.115 Executing VM operation: ParallelGCFailedAllocation done
Event: 866.115 Executing VM operation: ParallelGCFailedAllocation
Event: 867.322 Executing VM operation: ParallelGCFailedAllocation done
Event: 867.323 Executing VM operation: ParallelGCFailedAllocation
Event: 868.473 Executing VM operation: ParallelGCFailedAllocation done
Event: 868.473 Executing VM operation: ParallelGCFailedAllocation
Event: 869.665 Executing VM operation: ParallelGCFailedAllocation done
Event: 869.665 Executing VM operation: ParallelGCFailedAllocation
Event: 870.847 Executing VM operation: ParallelGCFailedAllocation done
Event: 870.847 Executing VM operation: ParallelGCFailedAllocation
Event: 873.272 Executing VM operation: ParallelGCFailedAllocation done
Event: 873.273 Executing VM operation: ParallelGCFailedAllocation
Event: 875.820 Executing VM operation: ParallelGCFailedAllocation done

Events (20 events):
Event: 206.202 Thread 0x00007f037c0b4b10 flushing nmethod 0x00007f0364aac310
Event: 206.202 Thread 0x00007f037c0b4b10 flushing nmethod 0x00007f0364b71f90
Event: 206.202 Thread 0x00007f037c0b4b10 flushing nmethod 0x00007f0364b7c590
Event: 206.202 Thread 0x00007f037c0b4b10 flushing nmethod 0x00007f0364bb1090
Event: 206.202 Thread 0x00007f037c0b4b10 flushing nmethod 0x00007f0364bc2410
Event: 206.202 Thread 0x00007f037c0b4b10 flushing nmethod 0x00007f0364bc2b90
Event: 206.202 Thread 0x00007f037c0b4b10 flushing nmethod 0x00007f0364be4c10
Event: 206.202 Thread 0x00007f037c0b4b10 flushing nmethod 0x00007f0364be5090
Event: 206.202 Thread 0x00007f037c0b4b10 flushing nmethod 0x00007f0364c06b90
Event: 206.203 Thread 0x00007f037c0b4b10 flushing nmethod 0x00007f0364c2a890
Event: 206.203 Thread 0x00007f037c0b4b10 flushing nmethod 0x00007f0364cbee90
Event: 206.203 Thread 0x00007f037c0b4b10 flushing nmethod 0x00007f0364cbf610
Event: 206.203 Thread 0x00007f037c0b4b10 flushing nmethod 0x00007f0364cbfe90
Event: 206.203 Thread 0x00007f037c0b4b10 flushing nmethod 0x00007f0364cc9b90
Event: 206.203 Thread 0x00007f037c0b4b10 flushing nmethod 0x00007f0364cca410
Event: 206.203 Thread 0x00007f037c0b4b10 flushing nmethod 0x00007f0364ccb190
Event: 206.203 Thread 0x00007f037c0b4b10 flushing nmethod 0x00007f0364ccbb10
Event: 206.203 Thread 0x00007f037c0b4b10 flushing nmethod 0x00007f0364cccb10
Event: 206.203 Thread 0x00007f037c0b4b10 flushing nmethod 0x00007f0364ccd190
Event: 206.203 Thread 0x00007f037c0b4b10 flushing nmethod 0x00007f0364ccf310


Dynamic libraries:
e0000000-f5580000 rw-p 00000000 00:00 0 
f5580000-f8d80000 rw-p 00000000 00:00 0 
f8d80000-100000000 ---p 00000000 00:00 0 
800000000-800449000 rw-p 00001000 00:16bf 4611686019135357769            /nix/store/gpxl5qgg8kicmcvivwmybwjlpf7wh20l-graalvm17-ce-22.3.0/lib/server/classes.jsa
800449000-800bc8000 r--p 0044a000 00:16bf 4611686019135357769            /nix/store/gpxl5qgg8kicmcvivwmybwjlpf7wh20l-graalvm17-ce-22.3.0/lib/server/classes.jsa
800bc8000-800c00000 ---p 00000000 00:00 0 
800c00000-800c20000 rw-p 00000000 00:00 0 
800c20000-800c40000 rw-p 00000000 00:00 0 
800c40000-800cc0000 rw-p 00000000 00:00 0 
800cc0000-800d00000 rw-p 00000000 00:00 0 
800d00000-800dc0000 rw-p 00000000 00:00 0 
800dc0000-800e00000 rw-p 00000000 00:00 0 
800e00000-800f40000 rw-p 00000000 00:00 0 
800f40000-800fc0000 rw-p 00000000 00:00 0 
800fc0000-801000000 rw-p 00000000 00:00 0 
801000000-801250000 rw-p 00000000 00:00 0 
801250000-840c00000 ---p 00000000 00:00 0 
5593840ae000-5593840af000 r-xp 00000000 00:16bf 4611686019099417844      /nix/store/gpxl5qgg8kicmcvivwmybwjlpf7wh20l-graalvm17-ce-22.3.0/bin/.java-wrapped
5593840b0000-5593840b1000 r--p 00001000 00:16bf 4611686019099417844      /nix/store/gpxl5qgg8kicmcvivwmybwjlpf7wh20l-graalvm17-ce-22.3.0/bin/.java-wrapped
5593840b1000-5593840b2000 rw-p 00002000 00:16bf 4611686019099417844      /nix/store/gpxl5qgg8kicmcvivwmybwjlpf7wh20l-graalvm17-ce-22.3.0/bin/.java-wrapped
5593840b2000-5593840b3000 rw-p 00004000 00:16bf 4611686019099417844      /nix/store/gpxl5qgg8kicmcvivwmybwjlpf7wh20l-graalvm17-ce-22.3.0/bin/.java-wrapped
5593840b3000-5593840b4000 rw-p 00005000 00:16bf 4611686019099417844      /nix/store/gpxl5qgg8kicmcvivwmybwjlpf7wh20l-graalvm17-ce-22.3.0/bin/.java-wrapped
5593857ab000-559385bc4000 rw-p 00000000 00:00 0                          [heap]
7f02f4000000-7f02f40a0000 rw-p 00000000 00:00 0 
7f02f40a0000-7f02f4800000 ---p 00000000 00:00 0 
7f02f4800000-7f02f49c0000 rw-p 00000000 00:00 0 
7f02f49c0000-7f02f4a00000 rw-p 00000000 00:00 0 
7f02f4a00000-7f02f4b00000 rw-p 00000000 00:00 0 
7f02f4b00000-7f02f4b10000 rw-p 00000000 00:00 0 
7f02f4b10000-7f02f4c00000 ---p 00000000 00:00 0 
7f02f4c00000-7f02f5000000 rw-p 00000000 00:00 0 
7f02f5800000-7f02f5980000 rw-p 00000000 00:00 0 
7f02f5980000-7f02f5a00000 rw-p 00000000 00:00 0 
7f02f5a00000-7f02f5c60000 rw-p 00000000 00:00 0 
7f02f5c60000-7f02f6000000 rw-p 00000000 00:00 0 
7f02f64b3000-7f0300000000 r--s 00000000 00:16bf 4611686019135192581      /nix/store/gpxl5qgg8kicmcvivwmybwjlpf7wh20l-graalvm17-ce-22.3.0/lib/modules
7f0300000000-7f0300021000 rw-p 00000000 00:00 0 
7f0300021000-7f0304000000 ---p 00000000 00:00 0 
7f0304000000-7f03040be000 rw-p 00000000 00:00 0 
7f03040be000-7f0308000000 ---p 00000000 00:00 0 
7f0308000000-7f03081cf000 rw-p 00000000 00:00 0 
7f03081cf000-7f030c000000 ---p 00000000 00:00 0 
7f030c000000-7f030c021000 rw-p 00000000 00:00 0 
7f030c021000-7f0310000000 ---p 00000000 00:00 0 
7f0310000000-7f03101b1000 rw-p 00000000 00:00 0 
7f03101b1000-7f0314000000 ---p 00000000 00:00 0 
7f0314000000-7f0314d37000 rw-p 00000000 00:00 0 
7f0314d37000-7f0318000000 ---p 00000000 00:00 0 
7f0319000000-7f0319100000 rw-p 00000000 00:00 0 
7f0319100000-7f0319200000 rw-p 00000000 00:00 0 
7f0319200000-7f0319800000 rw-p 00000000 00:00 0 
7f0319800000-7f03198c0000 rw-p 00000000 00:00 0 
7f03198c0000-7f0319900000 rw-p 00000000 00:00 0 
7f0319900000-7f0319b00000 rw-p 00000000 00:00 0 
7f0319b00000-7f0319d00000 rw-p 00000000 00:00 0 
7f0319d00000-7f0319e00000 rw-p 00000000 00:00 0 
7f0319e00000-7f031a000000 rw-p 00000000 00:00 0 
7f031a000000-7f031a100000 rw-p 00000000 00:00 0 
7f031a100000-7f031a200000 rw-p 00000000 00:00 0 
7f031a200000-7f031a780000 rw-p 00000000 00:00 0 
7f031a780000-7f031a800000 rw-p 00000000 00:00 0 
7f031a800000-7f031a900000 rw-p 00000000 00:00 0 
7f031a900000-7f031aa00000 rw-p 00000000 00:00 0 
7f031aa00000-7f031ad00000 rw-p 00000000 00:00 0 
7f031ad00000-7f031ae00000 rw-p 00000000 00:00 0 
7f031ae00000-7f031b000000 rw-p 00000000 00:00 0 
7f031b200000-7f031b210000 r-xp 00000000 00:1584 407                      /home/runner/.cache/jdt-language-server/config/org.eclipse.equinox.launcher/org.eclipse.equinox.launcher.gtk.linux.x86_64_1.2.400.v20211117-0650/eclipse_11600.so
7f031b210000-7f031b40f000 ---p 00010000 00:1584 407                      /home/runner/.cache/jdt-language-server/config/org.eclipse.equinox.launcher/org.eclipse.equinox.launcher.gtk.linux.x86_64_1.2.400.v20211117-0650/eclipse_11600.so
7f031b40f000-7f031b410000 r--p 0000f000 00:1584 407                      /home/runner/.cache/jdt-language-server/config/org.eclipse.equinox.launcher/org.eclipse.equinox.launcher.gtk.linux.x86_64_1.2.400.v20211117-0650/eclipse_11600.so
7f031b410000-7f031b411000 rw-p 00010000 00:1584 407                      /home/runner/.cache/jdt-language-server/config/org.eclipse.equinox.launcher/org.eclipse.equinox.launcher.gtk.linux.x86_64_1.2.400.v20211117-0650/eclipse_11600.so
7f031c000000-7f031c021000 rw-p 00000000 00:00 0 
7f031c021000-7f0320000000 ---p 00000000 00:00 0 
7f0320000000-7f0320021000 rw-p 00000000 00:00 0 
7f0320021000-7f0324000000 ---p 00000000 00:00 0 
7f0324000000-7f0324143000 rw-p 00000000 00:00 0 
7f0324143000-7f0328000000 ---p 00000000 00:00 0 
7f0329500000-7f0329600000 ---p 00000000 00:00 0 
7f0329600000-7f0329baf000 r--p 01122000 00:16bf 4611686019135190040      /nix/store/gpxl5qgg8kicmcvivwmybwjlpf7wh20l-graalvm17-ce-22.3.0/lib/libjvmcicompiler.so
7f0329baf000-7f0329d00000 r--p 00000000 00:00 0 
7f0329d00000-7f0329d3d000 rw-p 00000000 00:00 0 
7f0329d3d000-7f032a25d000 rw-p 0185f000 00:16bf 4611686019135190040      /nix/store/gpxl5qgg8kicmcvivwmybwjlpf7wh20l-graalvm17-ce-22.3.0/lib/libjvmcicompiler.so
7f032a25d000-7f032a644000 r--p 01d7f000 00:16bf 4611686019135190040      /nix/store/gpxl5qgg8kicmcvivwmybwjlpf7wh20l-graalvm17-ce-22.3.0/lib/libjvmcicompiler.so
7f032a700000-7f032a704000 ---p 00000000 00:00 0 
7f032a704000-7f032a800000 rw-p 00000000 00:00 0 
7f032a900000-7f032a904000 ---p 00000000 00:00 0 
7f032a904000-7f032aa00000 rw-p 00000000 00:00 0 
7f032aa00000-7f032aa04000 ---p 00000000 00:00 0 
7f032aa04000-7f032ab00000 rw-p 00000000 00:00 0 
7f032ab00000-7f032ab04000 ---p 00000000 00:00 0 
7f032ab04000-7f032ac00000 rw-p 00000000 00:00 0 
7f032ad00000-7f032ad04000 ---p 00000000 00:00 0 
7f032ad04000-7f032ae00000 rw-p 00000000 00:00 0 
7f032ba68000-7f032bf00000 rw-p 00000000 00:00 0 
7f032c000000-7f032c021000 rw-p 00000000 00:00 0 
7f032c021000-7f0330000000 ---p 00000000 00:00 0 
7f0330000000-7f0330038000 rw-p 00000000 00:00 0 
7f0330038000-7f0334000000 ---p 00000000 00:00 0 
7f0334000000-7f033416d000 rw-p 00000000 00:00 0 
7f033416d000-7f0338000000 ---p 00000000 00:00 0 
7f0338000000-7f0338045000 rw-p 00000000 00:00 0 
7f0338045000-7f033c000000 ---p 00000000 00:00 0 
7f033c000000-7f033c10e000 rw-p 00000000 00:00 0 
7f033c10e000-7f0340000000 ---p 00000000 00:00 0 
7f0340000000-7f0340bc9000 rw-p 00000000 00:00 0 
7f0340bc9000-7f0344000000 ---p 00000000 00:00 0 
7f0344000000-7f0344021000 rw-p 00000000 00:00 0 
7f0344021000-7f0348000000 ---p 00000000 00:00 0 
7f0348000000-7f0348021000 rw-p 00000000 00:00 0 
7f0348021000-7f034c000000 ---p 00000000 00:00 0 
7f034c000000-7f034c021000 rw-p 00000000 00:00 0 
7f034c021000-7f0350000000 ---p 00000000 00:00 0 
7f0350000000-7f0350021000 rw-p 00000000 00:00 0 
7f0350021000-7f0354000000 ---p 00000000 00:00 0 
7f0354000000-7f0354021000 rw-p 00000000 00:00 0 
7f0354021000-7f0358000000 ---p 00000000 00:00 0 
7f0358000000-7f0358021000 rw-p 00000000 00:00 0 
7f0358021000-7f035c000000 ---p 00000000 00:00 0 
7f035c000000-7f035c070000 rw-p 00000000 00:00 0 
7f035c070000-7f0360000000 ---p 00000000 00:00 0 
7f0360100000-7f0360104000 ---p 00000000 00:00 0 
7f0360104000-7f0360200000 rw-p 00000000 00:00 0 
7f0360300000-7f0360304000 ---p 00000000 00:00 0 
7f0360304000-7f0360400000 rw-p 00000000 00:00 0 
7f0360500000-7f0360504000 ---p 00000000 00:00 0 
7f0360504000-7f0360600000 rw-p 00000000 00:00 0 
7f0360600000-7f0360604000 ---p 00000000 00:00 0 
7f0360604000-7f0360700000 rw-p 00000000 00:00 0 
7f0360700000-7f0360704000 ---p 00000000 00:00 0 
7f0360704000-7f0360800000 rw-p 00000000 00:00 0 
7f0360800000-7f0360804000 ---p 00000000 00:00 0 
7f0360804000-7f0360900000 rw-p 00000000 00:00 0 
7f0360900000-7f0360904000 ---p 00000000 00:00 0 
7f0360904000-7f0360a00000 rw-p 00000000 00:00 0 
7f0360a00000-7f0360a04000 ---p 00000000 00:00 0 
7f0360a04000-7f0360b00000 rw-p 00000000 00:00 0 
7f0360b00000-7f0360b04000 ---p 00000000 00:00 0 
7f0360b04000-7f0360c00000 rw-p 00000000 00:00 0 
7f0360c00000-7f0360c04000 ---p 00000000 00:00 0 
7f0360c04000-7f0360d00000 rw-p 00000000 00:00 0 
7f0360d00000-7f0360d04000 ---p 00000000 00:00 0 
7f0360d04000-7f0360e00000 rw-p 00000000 00:00 0 
7f0360e00000-7f0360e04000 ---p 00000000 00:00 0 
7f0360e04000-7f0360f00000 rw-p 00000000 00:00 0 
7f0360f00000-7f0360f04000 ---p 00000000 00:00 0 
7f0360f04000-7f0361000000 rw-p 00000000 00:00 0 
7f0361000000-7f036316a000 r-xp 00000000 00:16bf 4611686019135190040      /nix/store/gpxl5qgg8kicmcvivwmybwjlpf7wh20l-graalvm17-ce-22.3.0/lib/libjvmcicompiler.so
7f036316a000-7f0363369000 ---p 0216a000 00:16bf 4611686019135190040      /nix/store/gpxl5qgg8kicmcvivwmybwjlpf7wh20l-graalvm17-ce-22.3.0/lib/libjvmcicompiler.so
7f0363369000-7f036336a000 r--p 02169000 00:16bf 4611686019135190040      /nix/store/gpxl5qgg8kicmcvivwmybwjlpf7wh20l-graalvm17-ce-22.3.0/lib/libjvmcicompiler.so
7f036336a000-7f036336c000 rw-p 0216a000 00:16bf 4611686019135190040      /nix/store/gpxl5qgg8kicmcvivwmybwjlpf7wh20l-graalvm17-ce-22.3.0/lib/libjvmcicompiler.so
7f036336c000-7f036336d000 rw-p 00000000 00:00 0 
7f036336d000-7f0363372000 rw-p 023c3000 00:16bf 4611686019135190040      /nix/store/gpxl5qgg8kicmcvivwmybwjlpf7wh20l-graalvm17-ce-22.3.0/lib/libjvmcicompiler.so
7f03633b3000-7f03633b7000 ---p 00000000 00:00 0 
7f03633b7000-7f03634b3000 rw-p 00000000 00:00 0 
7f03634b3000-7f0363723000 rwxp 00000000 00:00 0 
7f0363723000-7f0363a42000 ---p 00000000 00:00 0 
7f0363a42000-7f0364cf2000 rwxp 00000000 00:00 0 
7f0364cf2000-7f036af7a000 ---p 00000000 00:00 0 
7f036af7a000-7f036b22a000 rwxp 00000000 00:00 0 
7f036b22a000-7f03724b3000 ---p 00000000 00:00 0 
7f03724b3000-7f037c000000 r--s 00000000 00:16bf 4611686019135192581      /nix/store/gpxl5qgg8kicmcvivwmybwjlpf7wh20l-graalvm17-ce-22.3.0/lib/modules
7f037c000000-7f037c623000 rw-p 00000000 00:00 0 
7f037c623000-7f0380000000 ---p 00000000 00:00 0 
7f0380000000-7f0380004000 ---p 00000000 00:00 0 
7f0380004000-7f0380100000 rw-p 00000000 00:00 0 
7f0380124000-7f0380128000 ---p 00000000 00:00 0 
7f0380128000-7f0380224000 rw-p 00000000 00:00 0 
7f0380224000-7f0380228000 ---p 00000000 00:00 0 
7f0380228000-7f0380246000 rw-p 00000000 00:00 0 
7f0380246000-7f0380247000 ---p 00000000 00:00 0 
7f0380247000-7f0380348000 rw-p 00000000 00:00 0 
7f0380348000-7f038034c000 ---p 00000000 00:00 0 
7f038034c000-7f0380448000 rw-p 00000000 00:00 0 
7f0380448000-7f038044c000 ---p 00000000 00:00 0 
7f038044c000-7f0380548000 rw-p 00000000 00:00 0 
7f0380548000-7f038054c000 ---p 00000000 00:00 0 
7f038054c000-7f0380648000 rw-p 00000000 00:00 0 
7f0380648000-7f038064c000 ---p 00000000 00:00 0 
7f038064c000-7f0380848000 rw-p 00000000 00:00 0 
7f0380848000-7f038084c000 ---p 00000000 00:00 0 
7f038084c000-7f0380a48000 rw-p 00000000 00:00 0 
7f0380a48000-7f0380a4c000 ---p 00000000 00:00 0 
7f0380a4c000-7f0380b48000 rw-p 00000000 00:00 0 
7f0380b48000-7f0380b4c000 ---p 00000000 00:00 0 
7f0380b4c000-7f0380c48000 rw-p 00000000 00:00 0 
7f0380c48000-7f0380c4c000 ---p 00000000 00:00 0 
7f0380c4c000-7f0380d48000 rw-p 00000000 00:00 0 
7f0380d48000-7f038102e000 r--p 00000000 00:227 28444448                  /usr/lib/locale/locale-archive
7f038102e000-7f0381032000 ---p 00000000 00:00 0 
7f0381032000-7f038112e000 rw-p 00000000 00:00 0 
7f038112e000-7f0381132000 ---p 00000000 00:00 0 
7f0381132000-7f038122e000 rw-p 00000000 00:00 0 
7f038122e000-7f038122f000 ---p 00000000 00:00 0 
7f038122f000-7f0381330000 rw-p 00000000 00:00 0 
7f0381330000-7f03813fe000 r-xp 00000000 00:16bf 4611686019135190036      /nix/store/gpxl5qgg8kicmcvivwmybwjlpf7wh20l-graalvm17-ce-22.3.0/lib/libjsvml.so
7f03813fe000-7f03813ff000 r--p 000cd000 00:16bf 4611686019135190036      /nix/store/gpxl5qgg8kicmcvivwmybwjlpf7wh20l-graalvm17-ce-22.3.0/lib/libjsvml.so
7f03813ff000-7f0381400000 rw-p 000ce000 00:16bf 4611686019135190036      /nix/store/gpxl5qgg8kicmcvivwmybwjlpf7wh20l-graalvm17-ce-22.3.0/lib/libjsvml.so
7f0381400000-7f0381800000 rw-p 00000000 00:00 0 
7f0381800000-7f0381b00000 rw-p 00000000 00:00 0 
7f0381b00000-7f0381c00000 rw-p 00000000 00:00 0 
7f0381c19000-7f0381c1b000 r-xp 00000000 00:16bf 4611686019135190017      /nix/store/gpxl5qgg8kicmcvivwmybwjlpf7wh20l-graalvm17-ce-22.3.0/lib/libextnet.so
7f0381c1b000-7f0381c1c000 r--p 00001000 00:16bf 4611686019135190017      /nix/store/gpxl5qgg8kicmcvivwmybwjlpf7wh20l-graalvm17-ce-22.3.0/lib/libextnet.so
7f0381c1c000-7f0381c1d000 rw-p 00002000 00:16bf 4611686019135190017      /nix/store/gpxl5qgg8kicmcvivwmybwjlpf7wh20l-graalvm17-ce-22.3.0/lib/libextnet.so
7f0381c1d000-7f0381c1e000 rw-p 00004000 00:16bf 4611686019135190017      /nix/store/gpxl5qgg8kicmcvivwmybwjlpf7wh20l-graalvm17-ce-22.3.0/lib/libextnet.so
7f0381c1e000-7f0381c25000 r-xp 00000000 00:16bf 4611686019135192580      /nix/store/gpxl5qgg8kicmcvivwmybwjlpf7wh20l-graalvm17-ce-22.3.0/lib/libzip.so
7f0381c25000-7f0381c26000 ---p 00007000 00:16bf 4611686019135192580      /nix/store/gpxl5qgg8kicmcvivwmybwjlpf7wh20l-graalvm17-ce-22.3.0/lib/libzip.so
7f0381c26000-7f0381c27000 r--p 00007000 00:16bf 4611686019135192580      /nix/store/gpxl5qgg8kicmcvivwmybwjlpf7wh20l-graalvm17-ce-22.3.0/lib/libzip.so
7f0381c27000-7f0381c28000 rw-p 00008000 00:16bf 4611686019135192580      /nix/store/gpxl5qgg8kicmcvivwmybwjlpf7wh20l-graalvm17-ce-22.3.0/lib/libzip.so
7f0381c28000-7f0381c2a000 rw-p 0000b000 00:16bf 4611686019135192580      /nix/store/gpxl5qgg8kicmcvivwmybwjlpf7wh20l-graalvm17-ce-22.3.0/lib/libzip.so
7f0381c2a000-7f0381c3f000 r-xp 00000000 00:16bf 4611686019135192570      /nix/store/gpxl5qgg8kicmcvivwmybwjlpf7wh20l-graalvm17-ce-22.3.0/lib/libnet.so
7f0381c3f000-7f0381c40000 ---p 00015000 00:16bf 4611686019135192570      /nix/store/gpxl5qgg8kicmcvivwmybwjlpf7wh20l-graalvm17-ce-22.3.0/lib/libnet.so
7f0381c40000-7f0381c41000 r--p 00015000 00:16bf 4611686019135192570      /nix/store/gpxl5qgg8kicmcvivwmybwjlpf7wh20l-graalvm17-ce-22.3.0/lib/libnet.so
7f0381c41000-7f0381c42000 rw-p 00016000 00:16bf 4611686019135192570      /nix/store/gpxl5qgg8kicmcvivwmybwjlpf7wh20l-graalvm17-ce-22.3.0/lib/libnet.so
7f0381c42000-7f0381c45000 rw-p 0001b000 00:16bf 4611686019135192570      /nix/store/gpxl5qgg8kicmcvivwmybwjlpf7wh20l-graalvm17-ce-22.3.0/lib/libnet.so
7f0381c45000-7f0381c58000 r-xp 00000000 00:16bf 4611686019135192571      /nix/store/gpxl5qgg8kicmcvivwmybwjlpf7wh20l-graalvm17-ce-22.3.0/lib/libnio.so
7f0381c58000-7f0381c59000 r--p 00012000 00:16bf 4611686019135192571      /nix/store/gpxl5qgg8kicmcvivwmybwjlpf7wh20l-graalvm17-ce-22.3.0/lib/libnio.so
7f0381c59000-7f0381c5a000 rw-p 00013000 00:16bf 4611686019135192571      /nix/store/gpxl5qgg8kicmcvivwmybwjlpf7wh20l-graalvm17-ce-22.3.0/lib/libnio.so
7f0381c5a000-7f0381c5f000 rw-p 00019000 00:16bf 4611686019135192571      /nix/store/gpxl5qgg8kicmcvivwmybwjlpf7wh20l-graalvm17-ce-22.3.0/lib/libnio.so
7f0381c5f000-7f0383537000 rw-p 00000000 00:00 0 
7f0383537000-7f0383538000 ---p 00000000 00:00 0 
7f0383538000-7f03836e3000 rw-p 00000000 00:00 0 
7f03836e3000-7f0383700000 rw-p 00000000 00:00 0 
7f0383700000-7f0383739000 ---p 00000000 00:00 0 
7f0383739000-7f0383740000 rw-p 00000000 00:00 0 
7f0383740000-7f0383825000 ---p 00000000 00:00 0 
7f0383825000-7f038384b000 rw-p 00000000 00:00 0 
7f038384b000-7f0383910000 ---p 00000000 00:00 0 
7f0383910000-7f0383915000 rw-p 00000000 00:00 0 
7f0383915000-7f038391c000 ---p 00000000 00:00 0 
7f038391c000-7f0383940000 r-xp 00000000 00:16bf 4611686019135190028      /nix/store/gpxl5qgg8kicmcvivwmybwjlpf7wh20l-graalvm17-ce-22.3.0/lib/libjava.so
7f0383940000-7f0383941000 ---p 00024000 00:16bf 4611686019135190028      /nix/store/gpxl5qgg8kicmcvivwmybwjlpf7wh20l-graalvm17-ce-22.3.0/lib/libjava.so
7f0383941000-7f0383942000 r--p 00024000 00:16bf 4611686019135190028      /nix/store/gpxl5qgg8kicmcvivwmybwjlpf7wh20l-graalvm17-ce-22.3.0/lib/libjava.so
7f0383942000-7f0383943000 rw-p 00025000 00:16bf 4611686019135190028      /nix/store/gpxl5qgg8kicmcvivwmybwjlpf7wh20l-graalvm17-ce-22.3.0/lib/libjava.so
7f0383943000-7f0383944000 rw-p 00000000 00:00 0 
7f0383944000-7f038394b000 rw-p 0002f000 00:16bf 4611686019135190028      /nix/store/gpxl5qgg8kicmcvivwmybwjlpf7wh20l-graalvm17-ce-22.3.0/lib/libjava.so
7f038394b000-7f0383953000 rw-s 00000000 00:116f 404                      /tmp/hsperfdata_runner/127
7f0383953000-7f0383954000 ---p 00000000 00:00 0 
7f0383954000-7f0383955000 r--p 00000000 00:00 0 
7f0383955000-7f0383956000 rwxp 00000000 00:00 0 
7f0383956000-7f0383971000 r-xp 00000000 00:16bf 4611686019135190032      /nix/store/gpxl5qgg8kicmcvivwmybwjlpf7wh20l-graalvm17-ce-22.3.0/lib/libjimage.so
7f0383971000-7f0383972000 ---p 0001b000 00:16bf 4611686019135190032      /nix/store/gpxl5qgg8kicmcvivwmybwjlpf7wh20l-graalvm17-ce-22.3.0/lib/libjimage.so
7f0383972000-7f0383974000 r--p 0001b000 00:16bf 4611686019135190032      /nix/store/gpxl5qgg8kicmcvivwmybwjlpf7wh20l-graalvm17-ce-22.3.0/lib/libjimage.so
7f0383974000-7f0383975000 rw-p 0001d000 00:16bf 4611686019135190032      /nix/store/gpxl5qgg8kicmcvivwmybwjlpf7wh20l-graalvm17-ce-22.3.0/lib/libjimage.so
7f0383975000-7f0383976000 rw-p 00024000 00:16bf 4611686019135190032      /nix/store/gpxl5qgg8kicmcvivwmybwjlpf7wh20l-graalvm17-ce-22.3.0/lib/libjimage.so
7f0383976000-7f038397a000 ---p 00000000 00:00 0 
7f038397a000-7f0383a76000 rw-p 00000000 00:00 0 
7f0383a76000-7f0383a84000 r--p 00000000 00:16bf 4611686019027979927      /nix/store/4nlgxhb09sdr51nc9hdm8az5b08vzkgx-glibc-2.35-163/lib/libm.so.6
7f0383a84000-7f0383af7000 r-xp 0000e000 00:16bf 4611686019027979927      /nix/store/4nlgxhb09sdr51nc9hdm8az5b08vzkgx-glibc-2.35-163/lib/libm.so.6
7f0383af7000-7f0383b54000 r--p 00081000 00:16bf 4611686019027979927      /nix/store/4nlgxhb09sdr51nc9hdm8az5b08vzkgx-glibc-2.35-163/lib/libm.so.6
7f0383b54000-7f0383b55000 r--p 000dd000 00:16bf 4611686019027979927      /nix/store/4nlgxhb09sdr51nc9hdm8az5b08vzkgx-glibc-2.35-163/lib/libm.so.6
7f0383b55000-7f0383b56000 rw-p 000de000 00:16bf 4611686019027979927      /nix/store/4nlgxhb09sdr51nc9hdm8az5b08vzkgx-glibc-2.35-163/lib/libm.so.6
7f0383b56000-7f0383b57000 r--p 00000000 00:16bf 4611686019027979946      /nix/store/4nlgxhb09sdr51nc9hdm8az5b08vzkgx-glibc-2.35-163/lib/librt.so.1
7f0383b57000-7f0383b58000 r-xp 00001000 00:16bf 4611686019027979946      /nix/store/4nlgxhb09sdr51nc9hdm8az5b08vzkgx-glibc-2.35-163/lib/librt.so.1
7f0383b58000-7f0383b59000 r--p 00002000 00:16bf 4611686019027979946      /nix/store/4nlgxhb09sdr51nc9hdm8az5b08vzkgx-glibc-2.35-163/lib/librt.so.1
7f0383b59000-7f0383b5a000 r--p 00002000 00:16bf 4611686019027979946      /nix/store/4nlgxhb09sdr51nc9hdm8az5b08vzkgx-glibc-2.35-163/lib/librt.so.1
7f0383b5a000-7f0383b5b000 rw-p 00003000 00:16bf 4611686019027979946      /nix/store/4nlgxhb09sdr51nc9hdm8az5b08vzkgx-glibc-2.35-163/lib/librt.so.1
7f0383b5b000-7f0384c6e000 r-xp 00000000 00:16bf 4611686019135360866      /nix/store/gpxl5qgg8kicmcvivwmybwjlpf7wh20l-graalvm17-ce-22.3.0/lib/server/libjvm.so
7f0384c6e000-7f0384c6f000 ---p 01113000 00:16bf 4611686019135360866      /nix/store/gpxl5qgg8kicmcvivwmybwjlpf7wh20l-graalvm17-ce-22.3.0/lib/server/libjvm.so
7f0384c6f000-7f0384d24000 r--p 01113000 00:16bf 4611686019135360866      /nix/store/gpxl5qgg8kicmcvivwmybwjlpf7wh20l-graalvm17-ce-22.3.0/lib/server/libjvm.so
7f0384d24000-7f0384d58000 rw-p 011c8000 00:16bf 4611686019135360866      /nix/store/gpxl5qgg8kicmcvivwmybwjlpf7wh20l-graalvm17-ce-22.3.0/lib/server/libjvm.so
7f0384d58000-7f0384db4000 rw-p 00000000 00:00 0 
7f0384db4000-7f0384ddc000 r--p 00000000 00:16bf 4611686019027979918      /nix/store/4nlgxhb09sdr51nc9hdm8az5b08vzkgx-glibc-2.35-163/lib/libc.so.6
7f0384ddc000-7f0384f52000 r-xp 00028000 00:16bf 4611686019027979918      /nix/store/4nlgxhb09sdr51nc9hdm8az5b08vzkgx-glibc-2.35-163/lib/libc.so.6
7f0384f52000-7f0384faa000 r--p 0019e000 00:16bf 4611686019027979918      /nix/store/4nlgxhb09sdr51nc9hdm8az5b08vzkgx-glibc-2.35-163/lib/libc.so.6
7f0384faa000-7f0384fae000 r--p 001f6000 00:16bf 4611686019027979918      /nix/store/4nlgxhb09sdr51nc9hdm8az5b08vzkgx-glibc-2.35-163/lib/libc.so.6
7f0384fae000-7f0384fb0000 rw-p 001fa000 00:16bf 4611686019027979918      /nix/store/4nlgxhb09sdr51nc9hdm8az5b08vzkgx-glibc-2.35-163/lib/libc.so.6
7f0384fb0000-7f0384fbf000 rw-p 00000000 00:00 0 
7f0384fbf000-7f0384fc0000 r--p 00000000 00:16bf 4611686019027979923      /nix/store/4nlgxhb09sdr51nc9hdm8az5b08vzkgx-glibc-2.35-163/lib/libdl.so.2
7f0384fc0000-7f0384fc1000 r-xp 00001000 00:16bf 4611686019027979923      /nix/store/4nlgxhb09sdr51nc9hdm8az5b08vzkgx-glibc-2.35-163/lib/libdl.so.2
7f0384fc1000-7f0384fc2000 r--p 00002000 00:16bf 4611686019027979923      /nix/store/4nlgxhb09sdr51nc9hdm8az5b08vzkgx-glibc-2.35-163/lib/libdl.so.2
7f0384fc2000-7f0384fc3000 r--p 00002000 00:16bf 4611686019027979923      /nix/store/4nlgxhb09sdr51nc9hdm8az5b08vzkgx-glibc-2.35-163/lib/libdl.so.2
7f0384fc3000-7f0384fc4000 rw-p 00003000 00:16bf 4611686019027979923      /nix/store/4nlgxhb09sdr51nc9hdm8az5b08vzkgx-glibc-2.35-163/lib/libdl.so.2
7f0384fc4000-7f0384fc5000 r--p 00000000 00:16bf 4611686019027979942      /nix/store/4nlgxhb09sdr51nc9hdm8az5b08vzkgx-glibc-2.35-163/lib/libpthread.so.0
7f0384fc5000-7f0384fc6000 r-xp 00001000 00:16bf 4611686019027979942      /nix/store/4nlgxhb09sdr51nc9hdm8az5b08vzkgx-glibc-2.35-163/lib/libpthread.so.0
7f0384fc6000-7f0384fc7000 r--p 00002000 00:16bf 4611686019027979942      /nix/store/4nlgxhb09sdr51nc9hdm8az5b08vzkgx-glibc-2.35-163/lib/libpthread.so.0
7f0384fc7000-7f0384fc8000 r--p 00002000 00:16bf 4611686019027979942      /nix/store/4nlgxhb09sdr51nc9hdm8az5b08vzkgx-glibc-2.35-163/lib/libpthread.so.0
7f0384fc8000-7f0384fc9000 rw-p 00003000 00:16bf 4611686019027979942      /nix/store/4nlgxhb09sdr51nc9hdm8az5b08vzkgx-glibc-2.35-163/lib/libpthread.so.0
7f0384fc9000-7f0384fd7000 r-xp 00000000 00:16bf 4611686019135190033      /nix/store/gpxl5qgg8kicmcvivwmybwjlpf7wh20l-graalvm17-ce-22.3.0/lib/libjli.so
7f0384fd7000-7f0384fd8000 ---p 0000e000 00:16bf 4611686019135190033      /nix/store/gpxl5qgg8kicmcvivwmybwjlpf7wh20l-graalvm17-ce-22.3.0/lib/libjli.so
7f0384fd8000-7f0384fd9000 r--p 0000e000 00:16bf 4611686019135190033      /nix/store/gpxl5qgg8kicmcvivwmybwjlpf7wh20l-graalvm17-ce-22.3.0/lib/libjli.so
7f0384fd9000-7f0384fda000 rw-p 0000f000 00:16bf 4611686019135190033      /nix/store/gpxl5qgg8kicmcvivwmybwjlpf7wh20l-graalvm17-ce-22.3.0/lib/libjli.so
7f0384fda000-7f0384fdb000 rw-p 00012000 00:16bf 4611686019135190033      /nix/store/gpxl5qgg8kicmcvivwmybwjlpf7wh20l-graalvm17-ce-22.3.0/lib/libjli.so
7f0384fdb000-7f0384fde000 r--p 00000000 00:16bf 4611686019106210071      /nix/store/026hln0aq1hyshaxsdvhg0kmcm6yf45r-zlib-1.2.13/lib/libz.so.1.2.13
7f0384fde000-7f0384ff0000 r-xp 00003000 00:16bf 4611686019106210071      /nix/store/026hln0aq1hyshaxsdvhg0kmcm6yf45r-zlib-1.2.13/lib/libz.so.1.2.13
7f0384ff0000-7f0384ff7000 r--p 00015000 00:16bf 4611686019106210071      /nix/store/026hln0aq1hyshaxsdvhg0kmcm6yf45r-zlib-1.2.13/lib/libz.so.1.2.13
7f0384ff7000-7f0384ff8000 r--p 0001b000 00:16bf 4611686019106210071      /nix/store/026hln0aq1hyshaxsdvhg0kmcm6yf45r-zlib-1.2.13/lib/libz.so.1.2.13
7f0384ff8000-7f0384ff9000 rw-p 0001c000 00:16bf 4611686019106210071      /nix/store/026hln0aq1hyshaxsdvhg0kmcm6yf45r-zlib-1.2.13/lib/libz.so.1.2.13
7f0384ff9000-7f0384ffb000 rw-p 00000000 00:00 0 
7f0384ffb000-7f0384ffd000 r--p 00000000 00:16bf 4611686019027979912      /nix/store/4nlgxhb09sdr51nc9hdm8az5b08vzkgx-glibc-2.35-163/lib/ld-linux-x86-64.so.2
7f0384ffd000-7f0385024000 r-xp 00002000 00:16bf 4611686019027979912      /nix/store/4nlgxhb09sdr51nc9hdm8az5b08vzkgx-glibc-2.35-163/lib/ld-linux-x86-64.so.2
7f0385024000-7f0385030000 r--p 00029000 00:16bf 4611686019027979912      /nix/store/4nlgxhb09sdr51nc9hdm8az5b08vzkgx-glibc-2.35-163/lib/ld-linux-x86-64.so.2
7f0385030000-7f0385032000 r--p 00034000 00:16bf 4611686019027979912      /nix/store/4nlgxhb09sdr51nc9hdm8az5b08vzkgx-glibc-2.35-163/lib/ld-linux-x86-64.so.2
7f0385032000-7f0385034000 rw-p 00036000 00:16bf 4611686019027979912      /nix/store/4nlgxhb09sdr51nc9hdm8az5b08vzkgx-glibc-2.35-163/lib/ld-linux-x86-64.so.2
7ffc55e79000-7ffc55e9d000 rw-p 00000000 00:00 0                          [stack]
7ffc55eb0000-7ffc55eb4000 r--p 00000000 00:00 0                          [vvar]
7ffc55eb4000-7ffc55eb6000 r-xp 00000000 00:00 0                          [vdso]
ffffffffff600000-ffffffffff601000 --xp 00000000 00:00 0                  [vsyscall]


VM Arguments:
jvm_args: -XX:ThreadPriorityPolicy=1 -XX:+UnlockExperimentalVMOptions -XX:+EnableJVMCIProduct -XX:JVMCIThreadsPerNativeLibraryRuntime=1 -XX:-UnlockExperimentalVMOptions -Declipse.application=org.eclipse.jdt.ls.core.id1 -Dosgi.bundles.defaultStartLevel=4 -Declipse.product=org.eclipse.jdt.ls.core.product -Dlog.level=ALL -Xverify:none -XX:+UseParallelGC -XX:GCTimeRatio=4 -XX:AdaptiveSizePolicyWeight=90 -Dsun.zip.disableMemoryMapping=true -Xmx512m -Xms100m 
java_command: /nix/store/m6gcpi1ii6rghy04cjwjddcavv7i90df-jdt-language-server-1.9.0/share/java/plugins/org.eclipse.equinox.launcher_1.6.400.v20210924-0641.jar --add-modules=ALL-SYSTEM --add-opens java.base/java.util=ALL-UNNAMED --add-opens java.base/java.lang=ALL-UNNAMED -configuration /home/runner/.cache/jdt-language-server/config -data /home/runner/.cache/jdt-language-server/data/home/runner/MenuApp
java_class_path (initial): /nix/store/m6gcpi1ii6rghy04cjwjddcavv7i90df-jdt-language-server-1.9.0/share/java/plugins/org.eclipse.equinox.launcher_1.6.400.v20210924-0641.jar
Launcher Type: SUN_STANDARD

[Global flags]
    uintx AdaptiveSizePolicyWeight                 = 90                                        {product} {command line}
     intx CICompilerCount                          = 2                                         {product} {ergonomic}
     bool EnableJVMCIProduct                       = true                                {JVMCI product} {jimage}
    uintx GCTimeRatio                              = 4                                         {product} {command line}
   size_t InitialHeapSize                          = 104857600                                 {product} {command line}
     uint JVMCIThreadsPerNativeLibraryRuntime      = 1                                   {JVMCI product} {jimage}
   size_t MaxHeapSize                              = 536870912                                 {product} {command line}
   size_t MaxNewSize                               = 178782208                                 {product} {ergonomic}
   size_t MinHeapDeltaBytes                        = 524288                                    {product} {ergonomic}
   size_t MinHeapSize                              = 104857600                                 {product} {command line}
   size_t NewSize                                  = 34603008                                  {product} {ergonomic}
    uintx NonNMethodCodeHeapSize                   = 5826188                                {pd product} {ergonomic}
    uintx NonProfiledCodeHeapSize                  = 122916026                              {pd product} {ergonomic}
   size_t OldSize                                  = 70254592                                  {product} {ergonomic}
    uintx ProfiledCodeHeapSize                     = 122916026                              {pd product} {ergonomic}
    uintx ReservedCodeCacheSize                    = 251658240                              {pd product} {ergonomic}
     bool SegmentedCodeCache                       = true                                      {product} {ergonomic}
   size_t SoftMaxHeapSize                          = 536870912                              {manageable} {ergonomic}
     intx ThreadPriorityPolicy                     = 1                                         {product} {jimage}
     bool UseCompressedClassPointers               = true                           {product lp64_product} {ergonomic}
     bool UseCompressedOops                        = true                           {product lp64_product} {ergonomic}
     bool UseParallelGC                            = true                                      {product} {command line}

Logging:
Log output configuration:
 #0: stdout all=warning uptime,level,tags
 #1: stderr all=off uptime,level,tags

Environment Variables:
JAVA_HOME=/nix/store/gpxl5qgg8kicmcvivwmybwjlpf7wh20l-graalvm17-ce-22.3.0
PATH=/nix/store/1d6ian3r8kdzspw8hacjhl3xkp40g1lj-binutils-wrapper-2.39/bin:/nix/store/dq0xwmsk1g0i2ayg6pb7y87na2knzylh-gcc-wrapper-11.3.0/bin:/nix/store/bap4d0lpcrhpwmpb8ayjcgkmvfj62lnq-bash-interactive-5.1-p16/bin:/nix/store/pr5n59mb4jzmfx6kanwxly0l07p861fg-patchelf-0.15.0/bin:/nix/store/1gf2flfqnpqbr1b4p4qz2f72y42bs56r-gcc-11.3.0/bin:/nix/store/57xv61c5zi8pphjbcwxxjlgc34p61ic9-glibc-2.35-163-bin/bin:/nix/store/a7gvj343m05j2s32xcnwr35v31ynlypr-coreutils-9.1/bin:/nix/store/039g378vc3pc3dvi9dzdlrd0i4q93qwf-binutils-2.39/bin:/nix/store/gpxl5qgg8kicmcvivwmybwjlpf7wh20l-graalvm17-ce-22.3.0/bin:/nix/store/6z9ag3ihc8mq2hzsw48lhbznvzny65nz-apache-maven-3.8.6/bin:/nix/store/m6gcpi1ii6rghy04cjwjddcavv7i90df-jdt-language-server-1.9.0/bin:/nix/store/84xs5alhs01zrbr4ywm05kxbjbp5590l-java-debug/bin:/nix/store/mydc6f4k2z73xlcz7ilif3v2lcaiqvza-findutils-4.9.0/bin:/nix/store/j9p3g8472iijd50vhdprx0nmk2fqn5gv-diffutils-3.8/bin:/nix/store/89zs7rms6x00xfq4dq6m7mjnhkr8a6r4-gnused-4.8/bin:/nix/store/86bp03jkmsl6f92w0yzg4s59g5mhxwmy-gnugrep-3.7/bin:/nix/store/hwcdqw4jrjnd37wxqgsd47hd0j8bnj09-gawk-5.1.1/bin:/nix/store/cfbhw8r8ags41vwqaz47r583d0p4h4a1-gnutar-1.34/bin:/nix/store/p3m1ndl1lapwrlh698bnb5lvvxh67378-gzip-1.12/bin:/nix/store/a8mhcagrsly7c7mpjrpsnaahk4aax056-bzip2-1.0.8-bin/bin:/nix/store/mblgz65m3zv9x548a3d5m96fj2pbwr09-gnumake-4.3/bin:/nix/store/dsd5gz46hdbdk2rfdimqddhq6m8m8fqs-bash-5.1-p16/bin:/nix/store/v7ljksji50mg3w61dykaa3n3y79n6nil-patch-2.7.6/bin:/nix/store/zlcnmqq14jz5x9439jf937mvayyl63da-xz-5.2.7-bin/bin:/nix/store/y6aj732zm9m87c82fpvf103a1xb22blp-file-5.43/bin:/nix/store/sgqd0ajghcv2axfl1lad0b1alyavp0dc-prybar-elisp-0.0.0-67f7a00/bin:/nix/store/p3hsvljpgs68jqwar41lc0jqhjj734lf-prybar-lua-0.0.0-67f7a00/bin:/nix/store/qzxs2gybds3s9kb1vkaflpgm2nwr85fh-prybar-python3-0.0.0-67f7a00/bin:/nix/store/km94z9mxp8w4m8gxxp5mbfpdf3nkfvd8-prybar-sqlite-0.0.0-67f7a00/bin:/nix/store/2pnc7b76asw0z59c4l6h6qy8arwqrii1-prybar-tcl-0.0.0-67f7a00/bin:/nix/store/hpbvrlwd5viqmvcaisb3x0118i913a9n-st
LD_LIBRARY_PATH=/nix/store/a4pff549sk2idnkpzk5nsfps3mdkdnvm-cups-2.4.2-lib/lib:/nix/store/72mqxxhh3cy5yifh92wh2yb8cl2hikyy-cairo-1.16.0/lib:/nix/store/2k366jrbsra97gjfxwvrhvixjfxdach5-glib-2.74.1/lib:/nix/store/2j2znigd8ak37rlwh9khz0ry3clqlw1l-gtk+3-3.24.34/lib:/nix/store/hisqvx32cd57apbpcsnkpx6k3549wql1-libglvnd-1.4.0/lib:/nix/store/p36pgcv991mq5srvg765b78yqpxvk3qs-mesa-21.3.3-drivers/lib:/nix/store/mav4251if1ahjq5vkpwycyyvnmy459c4-pulseaudio-14.2/lib
DISPLAY=:0
LANG=en_US.UTF-8

Signal Handlers:
   SIGSEGV: crash_handler in libjvm.so, mask=11100100010111111101111111111110, flags=SA_RESTART|SA_SIGINFO
    SIGBUS: crash_handler in libjvm.so, mask=11100100010111111101111111111110, flags=SA_RESTART|SA_SIGINFO
    SIGFPE: crash_handler in libjvm.so, mask=11100100010111111101111111111110, flags=SA_RESTART|SA_SIGINFO
   SIGPIPE: IsolateEnterStub_IgnoreSIGPIPEStartupHook_noopSignalHandler_8f19bff2f35b5f630d83b364d6b2339320d4ec70_216e8361c6bc87a8f89f58cc10d3b2fd4415bf87 in libjvmcicompiler.so, mask=00000000000000000000000000000000, flags=SA_RESTART
  *** Handler was modified!
  *** Expected: javaSignalHandler in libjvm.so, mask=11100100110111111111111111111110, flags=SA_RESTART|SA_SIGINFO
   SIGXFSZ: javaSignalHandler in libjvm.so, mask=11100100010111111101111111111110, flags=SA_RESTART|SA_SIGINFO
    SIGILL: crash_handler in libjvm.so, mask=11100100010111111101111111111110, flags=SA_RESTART|SA_SIGINFO
   SIGUSR2: SR_handler in libjvm.so, mask=00000000000000000000000000000000, flags=SA_RESTART|SA_SIGINFO
    SIGHUP: UserHandler in libjvm.so, mask=11100100010111111101111111111110, flags=SA_RESTART|SA_SIGINFO
    SIGINT: UserHandler in libjvm.so, mask=11100100010111111101111111111110, flags=SA_RESTART|SA_SIGINFO
   SIGTERM: UserHandler in libjvm.so, mask=11100100010111111101111111111110, flags=SA_RESTART|SA_SIGINFO
   SIGQUIT: UserHandler in libjvm.so, mask=11100100010111111101111111111110, flags=SA_RESTART|SA_SIGINFO
  *** Handler was modified!
  *** Expected: javaSignalHandler in libjvm.so, mask=11100100110111111111111111111110, flags=SA_RESTART|SA_SIGINFO
   SIGTRAP: crash_handler in libjvm.so, mask=11100100010111111101111111111110, flags=SA_RESTART|SA_SIGINFO


---------------  S Y S T E M  ---------------

OS:
DISTRIB_ID=Ubuntu
DISTRIB_RELEASE=20.04
DISTRIB_CODENAME=focal
DISTRIB_DESCRIPTION="Ubuntu 20.04.2 LTS"
uname: Linux 5.15.0-1030-gcp #37~20.04.1-Ubuntu SMP Mon Feb 20 04:30:57 UTC 2023 x86_64
OS uptime: 0 days 1:51 hours
libc: glibc 2.35 NPTL 2.35 
rlimit (soft/hard): STACK 8192k/infinity , CORE infinity/infinity , NPROC infinity/infinity , NOFILE 5242/5242 , AS infinity/infinity , CPU infinity/infinity , DATA infinity/infinity , FSIZE infinity/infinity , MEMLOCK 64k/64k
load average: 10.85 11.61 10.58

/proc/meminfo:
MemTotal:       32872720 kB
MemFree:         5675324 kB
MemAvailable:   20388232 kB
Buffers:         1174000 kB
Cached:         11987068 kB
SwapCached:            0 kB
Active:          5075064 kB
Inactive:       18091280 kB
Active(anon):      16644 kB
Inactive(anon):  9757756 kB
Active(file):    5058420 kB
Inactive(file):  8333524 kB
Unevictable:       42000 kB
Mlocked:           42000 kB
SwapTotal:             0 kB
SwapFree:              0 kB
Dirty:             35408 kB
Writeback:             0 kB
AnonPages:       9776308 kB
Mapped:          1671924 kB
Shmem:             43140 kB
KReclaimable:    1786800 kB
Slab:            3027976 kB
SReclaimable:    1786800 kB
SUnreclaim:      1241176 kB
KernelStack:      424416 kB
PageTables:       222648 kB
NFS_Unstable:          0 kB
Bounce:                0 kB
WritebackTmp:          0 kB
CommitLimit:    16436360 kB
Committed_AS:   59705180 kB
VmallocTotal:   34359738367 kB
VmallocUsed:      463044 kB
VmallocChunk:          0 kB
Percpu:            32640 kB
HardwareCorrupted:     0 kB
AnonHugePages:    116736 kB
ShmemHugePages:        0 kB
ShmemPmdMapped:        0 kB
FileHugePages:         0 kB
FilePmdMapped:         0 kB
HugePages_Total:       0
HugePages_Free:        0
HugePages_Rsvd:        0
HugePages_Surp:        0
Hugepagesize:       2048 kB
Hugetlb:               0 kB
DirectMap4k:     3328832 kB
DirectMap2M:    27076608 kB
DirectMap1G:     5242880 kB

/sys/kernel/mm/transparent_hugepage/enabled: always [madvise] never
/sys/kernel/mm/transparent_hugepage/defrag (defrag/compaction efforts parameter): always defer defer+madvise [madvise] never

Process Memory:
Virtual Size: 3882432K (peak: 3915392K)
Resident Set Size: 742152K (peak: 777432K) (anon: 546808K, file: 195344K, shmem: 0K)
Swapped out: 0K
C-Heap outstanding allocations: 44403K, retained: 12184K
glibc malloc tunables: (default)

/proc/sys/kernel/threads-max (system-wide limit on the number of threads): 256750
/proc/sys/vm/max_map_count (maximum number of memory map areas a process may have): 65530
/proc/sys/kernel/pid_max (system-wide limit on number of process identifiers): 4194304

container (cgroup) information:
container_type: cgroupv1
cpu_cpuset_cpus: 1-3
cpu_memory_nodes: 0
active_processor_count: 1
cpu_quota: 50000
cpu_period: 100000
cpu_shares: 512
memory_limit_in_bytes: 1048576 k
memory_and_swap_limit_in_bytes: 1048576 k
memory_soft_limit_in_bytes: 524288 k
memory_usage_in_bytes: 952584 k
memory_max_usage_in_bytes: 979064 k
maximum number of tasks: 1000
current number of tasks: 80

KVM virtualization detected
Steal ticks since vm start: 0
Steal ticks percentage since vm start:  0.000

CPU: total 4 (initial active 1) (4 cores per cpu, 2 threads per core) family 23 model 49 stepping 0 microcode 0xffffffff, cx8, cmov, fxsr, ht, mmx, 3dnowpref, sse, sse2, sse3, ssse3, sse4a, sse4.1, sse4.2, popcnt, lzcnt, tsc, tscinvbit, avx, avx2, aes, clmul, bmi1, bmi2, adx, sha, fma, vzeroupper, clflush, clflushopt, hv
CPU Model and flags from /proc/cpuinfo:
model name	: AMD EPYC 7B12
flags		: fpu vme de pse tsc msr pae mce cx8 apic sep mtrr pge mca cmov pat pse36 clflush mmx fxsr sse sse2 ht syscall nx mmxext fxsr_opt pdpe1gb rdtscp lm constant_tsc rep_good nopl nonstop_tsc cpuid extd_apicid tsc_known_freq pni pclmulqdq ssse3 fma cx16 sse4_1 sse4_2 movbe popcnt aes xsave avx f16c rdrand hypervisor lahf_lm cmp_legacy cr8_legacy abm sse4a misalignsse 3dnowprefetch osvw topoext ssbd ibrs ibpb stibp vmmcall fsgsbase tsc_adjust bmi1 avx2 smep bmi2 rdseed adx smap clflushopt clwb sha_ni xsaveopt xsavec xgetbv1 clzero xsaveerptr arat npt nrip_save umip rdpid

Online cpus: 0-3
Offline cpus: 
BIOS frequency limitation: <Not Available>
Frequency switch latency (ns): <Not Available>
Available cpu frequencies: <Not Available>
Current governor: <Not Available>
Core performance/turbo boost: <Not Available>

Memory: 4k page, physical 1048576k(95984k free), swap 0k(0k free)
Page Sizes: 4k

vm_info: OpenJDK 64-Bit Server VM (17.0.5+8-jvmci-22.3-b08) for linux-amd64 JRE (17.0.5+8-jvmci-22.3-b08), built on Oct 19 2022 09:01:27 by "buildslave" with gcc 10.3.0

END.
